Processing elevation 7 for 20250724
Filtering files for elevation angle: 7.0°
  Skipping: User5_18_20250724_000015.hpl (elevation: 75.0° != 7.0°)
  Including: User5_18_20250724_001501.hpl (elevation: 7.0°)
  Including: User5_18_20250724_004500.hpl (elevation: 7.0°)
  Skipping: User5_18_20250724_010015.hpl (elevation: 75.0° != 7.0°)
  Skipping: User5_18_20250724_003000.hpl (elevation: 75.0° != 7.0°)
  Including: User5_18_20250724_011501.hpl (elevation: 7.0°)
  Including: User5_18_20250724_014501.hpl (elevation: 7.0°)
  Skipping: User5_18_20250724_013001.hpl (elevation: 75.0° != 7.0°)
  Skipping: User5_18_20250724_020014.hpl (elevation: 75.0° != 7.0°)
  Including: User5_18_20250724_021500.hpl (elevation: 7.0°)
  Including: User5_18_20250724_024501.hpl (elevation: 7.0°)
  Skipping: User5_18_20250724_023001.hpl (elevation: 75.0° != 7.0°)
  Skipping: User5_18_20250724_030014.hpl (elevation: 75.0° != 7.0°)
  Including: User5_18_20250724_031500.hpl (elevation: 7.0°)
  Including: User5_18_20250724_034501.hpl (elevation: 7.0°)
  Skipping: User5_18_20250724_040014.hpl (elevation: 75.0° != 7.0°)
  Skipping: User5_18_20250724_033001.hpl (elevation: 75.0° != 7.0°)
  Including: User5_18_20250724_041500.hpl (elevation: 7.0°)
  Including: User5_18_20250724_044501.hpl (elevation: 7.0°)
  Skipping: User5_18_20250724_043001.hpl (elevation: 75.0° != 7.0°)
  Skipping: User5_18_20250724_050014.hpl (elevation: 75.0° != 7.0°)
  Including: User5_18_20250724_054500.hpl (elevation: 7.0°)
  Including: User5_18_20250724_051501.hpl (elevation: 7.0°)
  Skipping: User5_18_20250724_053000.hpl (elevation: 75.0° != 7.0°)
  Skipping: User5_18_20250724_060016.hpl (elevation: 75.0° != 7.0°)
  Including: User5_18_20250724_061502.hpl (elevation: 7.0°)
  Including: User5_18_20250724_064501.hpl (elevation: 7.0°)
  Skipping: User5_18_20250724_070013.hpl (elevation: 75.0° != 7.0°)
  Skipping: User5_18_20250724_063001.hpl (elevation: 75.0° != 7.0°)
  Including: User5_18_20250724_071501.hpl (elevation: 7.0°)
  Including: User5_18_20250724_074500.hpl (elevation: 7.0°)
  Skipping: User5_18_20250724_073000.hpl (elevation: 75.0° != 7.0°)
  Skipping: User5_18_20250724_080015.hpl (elevation: 75.0° != 7.0°)
Selected 16 files out of 33 total files
VAD files: 16
Background files: 9

DEBUG: Analyzing selected VAD files for wind processing compatibility...
Loaded 16 data objects
  File 1: elevation=7.0°, azimuth_count=25, scan_type=007VAD - stepped
  File 2: elevation=7.0°, azimuth_count=24, scan_type=007VAD - stepped
  File 3: elevation=7.0°, azimuth_count=25, scan_type=007VAD - stepped
  File 4: elevation=7.0°, azimuth_count=25, scan_type=007VAD - stepped
  File 5: elevation=7.0°, azimuth_count=24, scan_type=007VAD - stepped
  File 6: elevation=7.0°, azimuth_count=24, scan_type=007VAD - stepped
  File 7: elevation=7.0°, azimuth_count=24, scan_type=007VAD - stepped
  File 8: elevation=7.0°, azimuth_count=25, scan_type=007VAD - stepped
  File 9: elevation=7.0°, azimuth_count=24, scan_type=007VAD - stepped
  File 10: elevation=7.0°, azimuth_count=24, scan_type=007VAD - stepped
  File 11: elevation=7.0°, azimuth_count=25, scan_type=007VAD - stepped
  File 12: elevation=7.0°, azimuth_count=25, scan_type=007VAD - stepped
  File 13: elevation=7.0°, azimuth_count=24, scan_type=007VAD - stepped
  File 14: elevation=7.0°, azimuth_count=24, scan_type=007VAD - stepped
  File 15: elevation=7.0°, azimuth_count=24, scan_type=007VAD - stepped
  File 16: elevation=7.0°, azimuth_count=24, scan_type=007VAD - stepped

DOPPY Wind Processing Requirements Check:
  Elevation angles found: {7.0}
  Multiple elevations: False
  Elevation >= 80°: False
  Elevation <= 4°: False
  Azimuth counts: [25, 24, 25, 25, 24, 24, 24, 25, 24, 24, 25, 25, 24, 24, 24, 24]
  Any scan with <= 3 azimuths: False

Files appear compatible with doppy wind processing. Proceeding...
Selecting raws for wind from 16 total raws
Raw #0, Elevation angles: {0, 7}, Azimuth angles: {0, 135, 270, 15, 150, 285, 30, 165, 300, 45, 180, 315, 60, 195, 330, 75, 210, 345, 90, 225, 105, 240, 120, 255}
Raw #1, Elevation angles: {0, 7}, Azimuth angles: {0, 135, 270, 15, 150, 285, 30, 165, 300, 45, 180, 315, 60, 195, 330, 75, 210, 345, 90, 225, 105, 240, 120, 255}
Raw #2, Elevation angles: {0, 7}, Azimuth angles: {0, 135, 270, 15, 150, 285, 30, 165, 300, 45, 180, 315, 60, 195, 330, 75, 210, 345, 90, 225, 105, 240, 120, 255}
Raw #3, Elevation angles: {0, 7}, Azimuth angles: {0, 135, 270, 15, 150, 285, 30, 165, 300, 45, 180, 315, 60, 195, 330, 75, 210, 345, 90, 225, 105, 240, 120, 255}
Raw #4, Elevation angles: {0, 7}, Azimuth angles: {0, 135, 270, 15, 150, 285, 30, 165, 300, 45, 180, 315, 60, 195, 330, 75, 210, 345, 90, 225, 105, 240, 120, 255}
Raw #5, Elevation angles: {0, 7}, Azimuth angles: {0, 135, 270, 15, 150, 285, 30, 165, 300, 45, 180, 315, 60, 195, 330, 75, 210, 345, 90, 225, 105, 240, 120, 255}
Raw #6, Elevation angles: {0, 7}, Azimuth angles: {0, 135, 270, 15, 150, 285, 30, 165, 300, 45, 180, 315, 60, 195, 330, 75, 210, 345, 90, 225, 105, 240, 120, 255}
Raw #7, Elevation angles: {0, 7}, Azimuth angles: {0, 135, 270, 15, 150, 285, 30, 165, 300, 45, 180, 315, 60, 195, 330, 75, 210, 345, 90, 225, 105, 240, 120, 255}
Raw #8, Elevation angles: {0, 7}, Azimuth angles: {0, 135, 270, 15, 150, 285, 30, 165, 300, 45, 180, 315, 60, 195, 330, 75, 210, 345, 90, 225, 105, 240, 120, 255}
Raw #9, Elevation angles: {0, 7}, Azimuth angles: {0, 135, 270, 15, 150, 285, 30, 165, 300, 45, 180, 315, 60, 195, 330, 75, 210, 345, 90, 225, 105, 240, 120, 255}
Raw #10, Elevation angles: {0, 7}, Azimuth angles: {0, 135, 270, 15, 150, 285, 30, 165, 300, 45, 180, 315, 60, 195, 330, 75, 210, 345, 90, 225, 105, 240, 120, 255}
Raw #11, Elevation angles: {0, 7}, Azimuth angles: {0, 135, 270, 15, 150, 285, 30, 165, 300, 45, 180, 315, 60, 195, 330, 75, 210, 345, 90, 225, 105, 240, 120, 255}
Raw #12, Elevation angles: {0, 7}, Azimuth angles: {0, 135, 270, 15, 150, 285, 30, 165, 300, 45, 180, 315, 60, 195, 330, 75, 210, 345, 90, 225, 105, 240, 120, 255}
Raw #13, Elevation angles: {0, 7}, Azimuth angles: {0, 135, 270, 15, 150, 285, 30, 165, 300, 45, 180, 315, 60, 195, 330, 75, 210, 345, 90, 225, 105, 240, 120, 255}
Raw #14, Elevation angles: {0, 7}, Azimuth angles: {0, 135, 270, 15, 150, 285, 30, 165, 300, 45, 180, 315, 60, 195, 330, 75, 210, 345, 90, 225, 105, 240, 120, 255}
Raw #15, Elevation angles: {0, 7}, Azimuth angles: {0, 135, 270, 15, 150, 285, 30, 165, 300, 45, 180, 315, 60, 195, 330, 75, 210, 345, 90, 225, 105, 240, 120, 255}
  Using dominant elevation 7° (24 points)
  Using dominant elevation 7° (24 points)
  Using dominant elevation 7° (24 points)
  Using dominant elevation 7° (24 points)
  Using dominant elevation 7° (24 points)
  Using dominant elevation 7° (24 points)
  Using dominant elevation 7° (24 points)
  Using dominant elevation 7° (24 points)
  Using dominant elevation 7° (24 points)
  Using dominant elevation 7° (24 points)
  Using dominant elevation 7° (24 points)
  Using dominant elevation 7° (24 points)
  Using dominant elevation 7° (24 points)
  Using dominant elevation 7° (24 points)
  Using dominant elevation 7° (24 points)
  Using dominant elevation 7° (24 points)
Writing output to: /gws/pw/j07/ncas_obs_vol1/amf/processing/ncas-lidar-dop-1/20250603_teamx/doppy_processed/ncas-lidar-dop-1_20250724_wind_elev7_v1.0.nc
Processing complete!
Processing elevation 75 for 20250724
Filtering files for elevation angle: 75.0°
  Including: User5_18_20250724_000015.hpl (elevation: 75.0°)
  Skipping: User5_18_20250724_001501.hpl (elevation: 7.0° != 75.0°)
  Skipping: User5_18_20250724_004500.hpl (elevation: 7.0° != 75.0°)
  Including: User5_18_20250724_010015.hpl (elevation: 75.0°)
  Including: User5_18_20250724_003000.hpl (elevation: 75.0°)
  Skipping: User5_18_20250724_011501.hpl (elevation: 7.0° != 75.0°)
  Skipping: User5_18_20250724_014501.hpl (elevation: 7.0° != 75.0°)
  Including: User5_18_20250724_013001.hpl (elevation: 75.0°)
  Including: User5_18_20250724_020014.hpl (elevation: 75.0°)
  Skipping: User5_18_20250724_021500.hpl (elevation: 7.0° != 75.0°)
  Skipping: User5_18_20250724_024501.hpl (elevation: 7.0° != 75.0°)
  Including: User5_18_20250724_023001.hpl (elevation: 75.0°)
  Including: User5_18_20250724_030014.hpl (elevation: 75.0°)
  Skipping: User5_18_20250724_031500.hpl (elevation: 7.0° != 75.0°)
  Skipping: User5_18_20250724_034501.hpl (elevation: 7.0° != 75.0°)
  Including: User5_18_20250724_040014.hpl (elevation: 75.0°)
  Including: User5_18_20250724_033001.hpl (elevation: 75.0°)
  Skipping: User5_18_20250724_041500.hpl (elevation: 7.0° != 75.0°)
  Skipping: User5_18_20250724_044501.hpl (elevation: 7.0° != 75.0°)
  Including: User5_18_20250724_043001.hpl (elevation: 75.0°)
  Including: User5_18_20250724_050014.hpl (elevation: 75.0°)
  Skipping: User5_18_20250724_054500.hpl (elevation: 7.0° != 75.0°)
  Skipping: User5_18_20250724_051501.hpl (elevation: 7.0° != 75.0°)
  Including: User5_18_20250724_053000.hpl (elevation: 75.0°)
  Including: User5_18_20250724_060016.hpl (elevation: 75.0°)
  Skipping: User5_18_20250724_061502.hpl (elevation: 7.0° != 75.0°)
  Skipping: User5_18_20250724_064501.hpl (elevation: 7.0° != 75.0°)
  Including: User5_18_20250724_070013.hpl (elevation: 75.0°)
  Including: User5_18_20250724_063001.hpl (elevation: 75.0°)
  Skipping: User5_18_20250724_071501.hpl (elevation: 7.0° != 75.0°)
  Skipping: User5_18_20250724_074500.hpl (elevation: 7.0° != 75.0°)
  Including: User5_18_20250724_073000.hpl (elevation: 75.0°)
  Including: User5_18_20250724_080015.hpl (elevation: 75.0°)
Selected 17 files out of 33 total files
VAD files: 17
Background files: 9

DEBUG: Analyzing selected VAD files for wind processing compatibility...
Loaded 17 data objects
  File 1: elevation=75.0°, azimuth_count=24, scan_type=075VAD - stepped
  File 2: elevation=75.0°, azimuth_count=24, scan_type=075VAD - stepped
  File 3: elevation=75.0°, azimuth_count=24, scan_type=075VAD - stepped
  File 4: elevation=75.0°, azimuth_count=24, scan_type=075VAD - stepped
  File 5: elevation=75.0°, azimuth_count=24, scan_type=075VAD - stepped
  File 6: elevation=75.0°, azimuth_count=24, scan_type=075VAD - stepped
  File 7: elevation=75.0°, azimuth_count=24, scan_type=075VAD - stepped
  File 8: elevation=75.0°, azimuth_count=24, scan_type=075VAD - stepped
  File 9: elevation=75.0°, azimuth_count=24, scan_type=075VAD - stepped
  File 10: elevation=75.0°, azimuth_count=24, scan_type=075VAD - stepped
  File 11: elevation=75.0°, azimuth_count=24, scan_type=075VAD - stepped
  File 12: elevation=75.0°, azimuth_count=24, scan_type=075VAD - stepped
  File 13: elevation=75.0°, azimuth_count=24, scan_type=075VAD - stepped
  File 14: elevation=75.0°, azimuth_count=24, scan_type=075VAD - stepped
  File 15: elevation=75.0°, azimuth_count=24, scan_type=075VAD - stepped
  File 16: elevation=75.0°, azimuth_count=24, scan_type=075VAD - stepped
  File 17: elevation=75.0°, azimuth_count=24, scan_type=075VAD - stepped

DOPPY Wind Processing Requirements Check:
  Elevation angles found: {75.0}
  Multiple elevations: False
  Elevation >= 80°: False
  Elevation <= 4°: False
  Azimuth counts: [24, 24, 24, 24, 24, 24, 24, 24, 24, 24, 24, 24, 24, 24, 24, 24, 24]
  Any scan with <= 3 azimuths: False

Files appear compatible with doppy wind processing. Proceeding...
Selecting raws for wind from 17 total raws
Raw #0, Elevation angles: {75}, Azimuth angles: {0, 135, 270, 15, 150, 285, 30, 165, 300, 45, 180, 315, 60, 195, 330, 75, 210, 345, 90, 225, 105, 240, 120, 255}
Raw #1, Elevation angles: {75}, Azimuth angles: {0, 135, 270, 15, 150, 285, 30, 165, 300, 45, 180, 315, 60, 195, 330, 75, 210, 345, 90, 225, 105, 240, 120, 255}
Raw #2, Elevation angles: {75}, Azimuth angles: {0, 135, 270, 15, 150, 285, 30, 165, 300, 45, 180, 315, 60, 195, 330, 75, 210, 345, 90, 225, 105, 240, 120, 255}
Raw #3, Elevation angles: {75}, Azimuth angles: {0, 135, 270, 15, 150, 285, 30, 165, 300, 45, 180, 315, 60, 195, 330, 75, 210, 345, 90, 225, 105, 240, 120, 255}
Raw #4, Elevation angles: {75}, Azimuth angles: {0, 135, 270, 15, 150, 285, 30, 165, 300, 45, 180, 315, 60, 195, 330, 75, 210, 345, 90, 225, 105, 240, 120, 255}
Raw #5, Elevation angles: {75}, Azimuth angles: {0, 135, 270, 15, 150, 285, 30, 165, 300, 45, 180, 315, 60, 195, 330, 75, 210, 345, 90, 225, 105, 240, 120, 255}
Raw #6, Elevation angles: {75}, Azimuth angles: {0, 135, 270, 15, 150, 285, 30, 165, 300, 45, 180, 315, 60, 195, 330, 75, 210, 345, 90, 225, 105, 240, 120, 255}
Raw #7, Elevation angles: {75}, Azimuth angles: {0, 135, 270, 15, 150, 285, 30, 165, 300, 45, 180, 315, 60, 195, 330, 75, 210, 345, 90, 225, 105, 240, 120, 255}
Raw #8, Elevation angles: {75}, Azimuth angles: {0, 135, 270, 15, 150, 285, 30, 165, 300, 45, 180, 315, 60, 195, 330, 75, 210, 345, 90, 225, 105, 240, 120, 255}
Raw #9, Elevation angles: {75}, Azimuth angles: {0, 135, 270, 15, 150, 285, 30, 165, 300, 45, 180, 315, 60, 195, 330, 75, 210, 345, 90, 225, 105, 240, 120, 255}
Raw #10, Elevation angles: {75}, Azimuth angles: {0, 135, 270, 15, 150, 285, 30, 165, 300, 45, 180, 315, 60, 195, 330, 75, 210, 345, 90, 225, 105, 240, 120, 255}
Raw #11, Elevation angles: {75}, Azimuth angles: {0, 135, 270, 15, 150, 285, 30, 165, 300, 45, 180, 315, 60, 195, 330, 75, 210, 345, 90, 225, 105, 240, 120, 255}
Raw #12, Elevation angles: {75}, Azimuth angles: {0, 135, 270, 15, 150, 285, 30, 165, 300, 45, 180, 315, 60, 195, 330, 75, 210, 345, 90, 225, 105, 240, 120, 255}
Raw #13, Elevation angles: {75}, Azimuth angles: {0, 135, 270, 15, 150, 285, 30, 165, 300, 45, 180, 315, 60, 195, 330, 75, 210, 345, 90, 225, 105, 240, 120, 255}
Raw #14, Elevation angles: {75}, Azimuth angles: {0, 135, 270, 15, 150, 285, 30, 165, 300, 45, 180, 315, 60, 195, 330, 75, 210, 345, 90, 225, 105, 240, 120, 255}
Raw #15, Elevation angles: {75}, Azimuth angles: {0, 135, 270, 15, 150, 285, 30, 165, 300, 45, 180, 315, 60, 195, 330, 75, 210, 345, 90, 225, 105, 240, 120, 255}
Raw #16, Elevation angles: {75}, Azimuth angles: {0, 135, 270, 15, 150, 285, 30, 165, 300, 45, 180, 315, 60, 195, 330, 75, 210, 345, 90, 225, 105, 240, 120, 255}
  Using dominant elevation 75° (24 points)
  Using dominant elevation 75° (24 points)
  Using dominant elevation 75° (24 points)
  Using dominant elevation 75° (24 points)
  Using dominant elevation 75° (24 points)
  Using dominant elevation 75° (24 points)
  Using dominant elevation 75° (24 points)
  Using dominant elevation 75° (24 points)
  Using dominant elevation 75° (24 points)
  Using dominant elevation 75° (24 points)
  Using dominant elevation 75° (24 points)
  Using dominant elevation 75° (24 points)
  Using dominant elevation 75° (24 points)
  Using dominant elevation 75° (24 points)
  Using dominant elevation 75° (24 points)
  Using dominant elevation 75° (24 points)
  Using dominant elevation 75° (24 points)
Writing output to: /gws/pw/j07/ncas_obs_vol1/amf/processing/ncas-lidar-dop-1/20250603_teamx/doppy_processed/ncas-lidar-dop-1_20250724_wind_elev75_v1.0.nc
Processing complete!
Quicklook for elevation 7 for 20250724

## You are using the Python ARM Radar Toolkit (Py-ART), an open source
## library for working with weather radar data. Py-ART is partly
## supported by the U.S. Department of Energy as part of the Atmospheric
## Radiation Measurement (ARM) Climate Research Facility, an Office of
## Science user facility.
##
## If you use this software to prepare a publication, please cite:
##
##     JJ Helmus and SM Collis, JORS 2016, doi: 10.5334/jors.119

Using file: /gws/pw/j07/ncas_obs_vol1/amf/processing/ncas-lidar-dop-1/20250603_teamx/doppy_processed/ncas-lidar-dop-1_20250724_wind_elev7_v1.0.nc
Error opening file /gws/pw/j07/ncas_obs_vol1/amf/processing/ncas-lidar-dop-1/20250603_teamx/doppy_processed/ncas-lidar-dop-1_20250724_wind_elev7_v1.0.nc: [Errno -101] NetCDF: HDF error: '/gws/pw/j07/ncas_obs_vol1/amf/processing/ncas-lidar-dop-1/20250603_teamx/doppy_processed/ncas-lidar-dop-1_20250724_wind_elev7_v1.0.nc'
Quicklook for elevation 75 for 20250724

## You are using the Python ARM Radar Toolkit (Py-ART), an open source
## library for working with weather radar data. Py-ART is partly
## supported by the U.S. Department of Energy as part of the Atmospheric
## Radiation Measurement (ARM) Climate Research Facility, an Office of
## Science user facility.
##
## If you use this software to prepare a publication, please cite:
##
##     JJ Helmus and SM Collis, JORS 2016, doi: 10.5334/jors.119

Using file: /gws/pw/j07/ncas_obs_vol1/amf/processing/ncas-lidar-dop-1/20250603_teamx/doppy_processed/ncas-lidar-dop-1_20250724_wind_elev75_v1.0.nc
Successfully opened: /gws/pw/j07/ncas_obs_vol1/amf/processing/ncas-lidar-dop-1/20250603_teamx/doppy_processed/ncas-lidar-dop-1_20250724_wind_elev75_v1.0.nc
Variables in file: ['time', 'height', 'uwind_raw', 'uwind', 'vwind_raw', 'vwind', 'wwind_raw', 'wwind', 'azimuth_offset']
Using default height limit of 10 km
Using standard wind subdirectory
Saving plot to: /gws/pw/j07/ncas_obs_vol1/amf/processing/ncas-lidar-dop-1/20250603_teamx/doppy_processed/quicklooks/wind/ncas-lidar-dop-1_sterzing_wind_elev75_20250724.png
Creating wind speed and direction plot...
Saving wind speed/direction plot to: /gws/pw/j07/ncas_obs_vol1/amf/processing/ncas-lidar-dop-1/20250603_teamx/doppy_processed/quicklooks/wind/ncas-lidar-dop-1_sterzing_wind_speed_dir_elev75_20250724.png
sending incremental file list
wind/ncas-lidar-dop-1_sterzing_wind_elev75_20250724.png
wind/ncas-lidar-dop-1_sterzing_wind_speed_dir_elev75_20250724.png

sent 624,606 bytes  received 72 bytes  416,452.00 bytes/sec
total size is 723,828,844  speedup is 1,158.72
sending incremental file list

sent 2,853 bytes  received 12 bytes  5,730.00 bytes/sec
total size is 21,457,300,797  speedup is 7,489,459.27
