Processing elevation 7 for 20250724
Filtering files for elevation angle: 7.0°
  Skipping: User5_18_20250724_000015.hpl (elevation: 75.0° != 7.0°)
  Including: User5_18_20250724_001501.hpl (elevation: 7.0°)
  Including: User5_18_20250724_004500.hpl (elevation: 7.0°)
  Skipping: User5_18_20250724_010015.hpl (elevation: 75.0° != 7.0°)
  Skipping: User5_18_20250724_003000.hpl (elevation: 75.0° != 7.0°)
  Including: User5_18_20250724_011501.hpl (elevation: 7.0°)
  Including: User5_18_20250724_014501.hpl (elevation: 7.0°)
  Skipping: User5_18_20250724_013001.hpl (elevation: 75.0° != 7.0°)
  Skipping: User5_18_20250724_020014.hpl (elevation: 75.0° != 7.0°)
  Including: User5_18_20250724_021500.hpl (elevation: 7.0°)
  Including: User5_18_20250724_024501.hpl (elevation: 7.0°)
  Skipping: User5_18_20250724_023001.hpl (elevation: 75.0° != 7.0°)
  Skipping: User5_18_20250724_030014.hpl (elevation: 75.0° != 7.0°)
  Including: User5_18_20250724_031500.hpl (elevation: 7.0°)
  Including: User5_18_20250724_034501.hpl (elevation: 7.0°)
  Skipping: User5_18_20250724_040014.hpl (elevation: 75.0° != 7.0°)
  Skipping: User5_18_20250724_033001.hpl (elevation: 75.0° != 7.0°)
  Including: User5_18_20250724_041500.hpl (elevation: 7.0°)
  Including: User5_18_20250724_044501.hpl (elevation: 7.0°)
  Skipping: User5_18_20250724_043001.hpl (elevation: 75.0° != 7.0°)
  Skipping: User5_18_20250724_050014.hpl (elevation: 75.0° != 7.0°)
  Including: User5_18_20250724_054500.hpl (elevation: 7.0°)
  Including: User5_18_20250724_051501.hpl (elevation: 7.0°)
  Skipping: User5_18_20250724_053000.hpl (elevation: 75.0° != 7.0°)
  Skipping: User5_18_20250724_060016.hpl (elevation: 75.0° != 7.0°)
  Including: User5_18_20250724_061502.hpl (elevation: 7.0°)
  Including: User5_18_20250724_064501.hpl (elevation: 7.0°)
  Skipping: User5_18_20250724_070013.hpl (elevation: 75.0° != 7.0°)
  Skipping: User5_18_20250724_063001.hpl (elevation: 75.0° != 7.0°)
Selected 14 files out of 29 total files
VAD files: 14
Background files: 8

DEBUG: Analyzing selected VAD files for wind processing compatibility...
Loaded 14 data objects
  File 1: elevation=7.0°, azimuth_count=25, scan_type=007VAD - stepped
  File 2: elevation=7.0°, azimuth_count=24, scan_type=007VAD - stepped
  File 3: elevation=7.0°, azimuth_count=25, scan_type=007VAD - stepped
  File 4: elevation=7.0°, azimuth_count=25, scan_type=007VAD - stepped
  File 5: elevation=7.0°, azimuth_count=24, scan_type=007VAD - stepped
  File 6: elevation=7.0°, azimuth_count=24, scan_type=007VAD - stepped
  File 7: elevation=7.0°, azimuth_count=24, scan_type=007VAD - stepped
  File 8: elevation=7.0°, azimuth_count=25, scan_type=007VAD - stepped
  File 9: elevation=7.0°, azimuth_count=24, scan_type=007VAD - stepped
  File 10: elevation=7.0°, azimuth_count=24, scan_type=007VAD - stepped
  File 11: elevation=7.0°, azimuth_count=25, scan_type=007VAD - stepped
  File 12: elevation=7.0°, azimuth_count=25, scan_type=007VAD - stepped
  File 13: elevation=7.0°, azimuth_count=24, scan_type=007VAD - stepped
  File 14: elevation=7.0°, azimuth_count=24, scan_type=007VAD - stepped

DOPPY Wind Processing Requirements Check:
  Elevation angles found: {7.0}
  Multiple elevations: False
  Elevation >= 80°: False
  Elevation <= 4°: False
  Azimuth counts: [25, 24, 25, 25, 24, 24, 24, 25, 24, 24, 25, 25, 24, 24]
  Any scan with <= 3 azimuths: False

Files appear compatible with doppy wind processing. Proceeding...
Selecting raws for wind from 14 total raws
Raw #0, Elevation angles: {0, 7}, Azimuth angles: {0, 135, 270, 15, 150, 285, 30, 165, 300, 45, 180, 315, 60, 195, 330, 75, 210, 345, 90, 225, 105, 240, 120, 255}
Raw #1, Elevation angles: {0, 7}, Azimuth angles: {0, 135, 270, 15, 150, 285, 30, 165, 300, 45, 180, 315, 60, 195, 330, 75, 210, 345, 90, 225, 105, 240, 120, 255}
Raw #2, Elevation angles: {0, 7}, Azimuth angles: {0, 135, 270, 15, 150, 285, 30, 165, 300, 45, 180, 315, 60, 195, 330, 75, 210, 345, 90, 225, 105, 240, 120, 255}
Raw #3, Elevation angles: {0, 7}, Azimuth angles: {0, 135, 270, 15, 150, 285, 30, 165, 300, 45, 180, 315, 60, 195, 330, 75, 210, 345, 90, 225, 105, 240, 120, 255}
Raw #4, Elevation angles: {0, 7}, Azimuth angles: {0, 135, 270, 15, 150, 285, 30, 165, 300, 45, 180, 315, 60, 195, 330, 75, 210, 345, 90, 225, 105, 240, 120, 255}
Raw #5, Elevation angles: {0, 7}, Azimuth angles: {0, 135, 270, 15, 150, 285, 30, 165, 300, 45, 180, 315, 60, 195, 330, 75, 210, 345, 90, 225, 105, 240, 120, 255}
Raw #6, Elevation angles: {0, 7}, Azimuth angles: {0, 135, 270, 15, 150, 285, 30, 165, 300, 45, 180, 315, 60, 195, 330, 75, 210, 345, 90, 225, 105, 240, 120, 255}
Raw #7, Elevation angles: {0, 7}, Azimuth angles: {0, 135, 270, 15, 150, 285, 30, 165, 300, 45, 180, 315, 60, 195, 330, 75, 210, 345, 90, 225, 105, 240, 120, 255}
Raw #8, Elevation angles: {0, 7}, Azimuth angles: {0, 135, 270, 15, 150, 285, 30, 165, 300, 45, 180, 315, 60, 195, 330, 75, 210, 345, 90, 225, 105, 240, 120, 255}
Raw #9, Elevation angles: {0, 7}, Azimuth angles: {0, 135, 270, 15, 150, 285, 30, 165, 300, 45, 180, 315, 60, 195, 330, 75, 210, 345, 90, 225, 105, 240, 120, 255}
Raw #10, Elevation angles: {0, 7}, Azimuth angles: {0, 135, 270, 15, 150, 285, 30, 165, 300, 45, 180, 315, 60, 195, 330, 75, 210, 345, 90, 225, 105, 240, 120, 255}
Raw #11, Elevation angles: {0, 7}, Azimuth angles: {0, 135, 270, 15, 150, 285, 30, 165, 300, 45, 180, 315, 60, 195, 330, 75, 210, 345, 90, 225, 105, 240, 120, 255}
Raw #12, Elevation angles: {0, 7}, Azimuth angles: {0, 135, 270, 15, 150, 285, 30, 165, 300, 45, 180, 315, 60, 195, 330, 75, 210, 345, 90, 225, 105, 240, 120, 255}
Raw #13, Elevation angles: {0, 7}, Azimuth angles: {0, 135, 270, 15, 150, 285, 30, 165, 300, 45, 180, 315, 60, 195, 330, 75, 210, 345, 90, 225, 105, 240, 120, 255}
  Using dominant elevation 7° (24 points)
  Using dominant elevation 7° (24 points)
  Using dominant elevation 7° (24 points)
  Using dominant elevation 7° (24 points)
  Using dominant elevation 7° (24 points)
  Using dominant elevation 7° (24 points)
  Using dominant elevation 7° (24 points)
  Using dominant elevation 7° (24 points)
  Using dominant elevation 7° (24 points)
  Using dominant elevation 7° (24 points)
  Using dominant elevation 7° (24 points)
  Using dominant elevation 7° (24 points)
  Using dominant elevation 7° (24 points)
  Using dominant elevation 7° (24 points)
Writing output to: /gws/pw/j07/ncas_obs_vol1/amf/processing/ncas-lidar-dop-1/20250603_teamx/doppy_processed/ncas-lidar-dop-1_20250724_wind_elev7_v1.0.nc
Processing complete!
Processing elevation 75 for 20250724
Filtering files for elevation angle: 75.0°
  Including: User5_18_20250724_000015.hpl (elevation: 75.0°)
  Skipping: User5_18_20250724_001501.hpl (elevation: 7.0° != 75.0°)
  Skipping: User5_18_20250724_004500.hpl (elevation: 7.0° != 75.0°)
  Including: User5_18_20250724_010015.hpl (elevation: 75.0°)
  Including: User5_18_20250724_003000.hpl (elevation: 75.0°)
  Skipping: User5_18_20250724_011501.hpl (elevation: 7.0° != 75.0°)
  Skipping: User5_18_20250724_014501.hpl (elevation: 7.0° != 75.0°)
  Including: User5_18_20250724_013001.hpl (elevation: 75.0°)
  Including: User5_18_20250724_020014.hpl (elevation: 75.0°)
  Skipping: User5_18_20250724_021500.hpl (elevation: 7.0° != 75.0°)
  Skipping: User5_18_20250724_024501.hpl (elevation: 7.0° != 75.0°)
  Including: User5_18_20250724_023001.hpl (elevation: 75.0°)
  Including: User5_18_20250724_030014.hpl (elevation: 75.0°)
  Skipping: User5_18_20250724_031500.hpl (elevation: 7.0° != 75.0°)
  Skipping: User5_18_20250724_034501.hpl (elevation: 7.0° != 75.0°)
  Including: User5_18_20250724_040014.hpl (elevation: 75.0°)
  Including: User5_18_20250724_033001.hpl (elevation: 75.0°)
  Skipping: User5_18_20250724_041500.hpl (elevation: 7.0° != 75.0°)
  Skipping: User5_18_20250724_044501.hpl (elevation: 7.0° != 75.0°)
  Including: User5_18_20250724_043001.hpl (elevation: 75.0°)
  Including: User5_18_20250724_050014.hpl (elevation: 75.0°)
  Skipping: User5_18_20250724_054500.hpl (elevation: 7.0° != 75.0°)
  Skipping: User5_18_20250724_051501.hpl (elevation: 7.0° != 75.0°)
  Including: User5_18_20250724_053000.hpl (elevation: 75.0°)
  Including: User5_18_20250724_060016.hpl (elevation: 75.0°)
  Skipping: User5_18_20250724_061502.hpl (elevation: 7.0° != 75.0°)
  Skipping: User5_18_20250724_064501.hpl (elevation: 7.0° != 75.0°)
  Including: User5_18_20250724_070013.hpl (elevation: 75.0°)
  Including: User5_18_20250724_063001.hpl (elevation: 75.0°)
Selected 15 files out of 29 total files
VAD files: 15
Background files: 8

DEBUG: Analyzing selected VAD files for wind processing compatibility...
Loaded 15 data objects
  File 1: elevation=75.0°, azimuth_count=24, scan_type=075VAD - stepped
  File 2: elevation=75.0°, azimuth_count=24, scan_type=075VAD - stepped
  File 3: elevation=75.0°, azimuth_count=24, scan_type=075VAD - stepped
  File 4: elevation=75.0°, azimuth_count=24, scan_type=075VAD - stepped
  File 5: elevation=75.0°, azimuth_count=24, scan_type=075VAD - stepped
  File 6: elevation=75.0°, azimuth_count=24, scan_type=075VAD - stepped
  File 7: elevation=75.0°, azimuth_count=24, scan_type=075VAD - stepped
  File 8: elevation=75.0°, azimuth_count=24, scan_type=075VAD - stepped
  File 9: elevation=75.0°, azimuth_count=24, scan_type=075VAD - stepped
  File 10: elevation=75.0°, azimuth_count=24, scan_type=075VAD - stepped
  File 11: elevation=75.0°, azimuth_count=24, scan_type=075VAD - stepped
  File 12: elevation=75.0°, azimuth_count=24, scan_type=075VAD - stepped
  File 13: elevation=75.0°, azimuth_count=24, scan_type=075VAD - stepped
  File 14: elevation=75.0°, azimuth_count=24, scan_type=075VAD - stepped
  File 15: elevation=75.0°, azimuth_count=24, scan_type=075VAD - stepped

DOPPY Wind Processing Requirements Check:
  Elevation angles found: {75.0}
  Multiple elevations: False
  Elevation >= 80°: False
  Elevation <= 4°: False
  Azimuth counts: [24, 24, 24, 24, 24, 24, 24, 24, 24, 24, 24, 24, 24, 24, 24]
  Any scan with <= 3 azimuths: False

Files appear compatible with doppy wind processing. Proceeding...
Selecting raws for wind from 15 total raws
Raw #0, Elevation angles: {75}, Azimuth angles: {0, 135, 270, 15, 150, 285, 30, 165, 300, 45, 180, 315, 60, 195, 330, 75, 210, 345, 90, 225, 105, 240, 120, 255}
Raw #1, Elevation angles: {75}, Azimuth angles: {0, 135, 270, 15, 150, 285, 30, 165, 300, 45, 180, 315, 60, 195, 330, 75, 210, 345, 90, 225, 105, 240, 120, 255}
Raw #2, Elevation angles: {75}, Azimuth angles: {0, 135, 270, 15, 150, 285, 30, 165, 300, 45, 180, 315, 60, 195, 330, 75, 210, 345, 90, 225, 105, 240, 120, 255}
Raw #3, Elevation angles: {75}, Azimuth angles: {0, 135, 270, 15, 150, 285, 30, 165, 300, 45, 180, 315, 60, 195, 330, 75, 210, 345, 90, 225, 105, 240, 120, 255}
Raw #4, Elevation angles: {75}, Azimuth angles: {0, 135, 270, 15, 150, 285, 30, 165, 300, 45, 180, 315, 60, 195, 330, 75, 210, 345, 90, 225, 105, 240, 120, 255}
Raw #5, Elevation angles: {75}, Azimuth angles: {0, 135, 270, 15, 150, 285, 30, 165, 300, 45, 180, 315, 60, 195, 330, 75, 210, 345, 90, 225, 105, 240, 120, 255}
Raw #6, Elevation angles: {75}, Azimuth angles: {0, 135, 270, 15, 150, 285, 30, 165, 300, 45, 180, 315, 60, 195, 330, 75, 210, 345, 90, 225, 105, 240, 120, 255}
Raw #7, Elevation angles: {75}, Azimuth angles: {0, 135, 270, 15, 150, 285, 30, 165, 300, 45, 180, 315, 60, 195, 330, 75, 210, 345, 90, 225, 105, 240, 120, 255}
Raw #8, Elevation angles: {75}, Azimuth angles: {0, 135, 270, 15, 150, 285, 30, 165, 300, 45, 180, 315, 60, 195, 330, 75, 210, 345, 90, 225, 105, 240, 120, 255}
Raw #9, Elevation angles: {75}, Azimuth angles: {0, 135, 270, 15, 150, 285, 30, 165, 300, 45, 180, 315, 60, 195, 330, 75, 210, 345, 90, 225, 105, 240, 120, 255}
Raw #10, Elevation angles: {75}, Azimuth angles: {0, 135, 270, 15, 150, 285, 30, 165, 300, 45, 180, 315, 60, 195, 330, 75, 210, 345, 90, 225, 105, 240, 120, 255}
Raw #11, Elevation angles: {75}, Azimuth angles: {0, 135, 270, 15, 150, 285, 30, 165, 300, 45, 180, 315, 60, 195, 330, 75, 210, 345, 90, 225, 105, 240, 120, 255}
Raw #12, Elevation angles: {75}, Azimuth angles: {0, 135, 270, 15, 150, 285, 30, 165, 300, 45, 180, 315, 60, 195, 330, 75, 210, 345, 90, 225, 105, 240, 120, 255}
Raw #13, Elevation angles: {75}, Azimuth angles: {0, 135, 270, 15, 150, 285, 30, 165, 300, 45, 180, 315, 60, 195, 330, 75, 210, 345, 90, 225, 105, 240, 120, 255}
Raw #14, Elevation angles: {75}, Azimuth angles: {0, 135, 270, 15, 150, 285, 30, 165, 300, 45, 180, 315, 60, 195, 330, 75, 210, 345, 90, 225, 105, 240, 120, 255}
  Using dominant elevation 75° (24 points)
  Using dominant elevation 75° (24 points)
  Using dominant elevation 75° (24 points)
  Using dominant elevation 75° (24 points)
  Using dominant elevation 75° (24 points)
  Using dominant elevation 75° (24 points)
  Using dominant elevation 75° (24 points)
  Using dominant elevation 75° (24 points)
  Using dominant elevation 75° (24 points)
  Using dominant elevation 75° (24 points)
  Using dominant elevation 75° (24 points)
  Using dominant elevation 75° (24 points)
  Using dominant elevation 75° (24 points)
  Using dominant elevation 75° (24 points)
  Using dominant elevation 75° (24 points)
Writing output to: /gws/pw/j07/ncas_obs_vol1/amf/processing/ncas-lidar-dop-1/20250603_teamx/doppy_processed/ncas-lidar-dop-1_20250724_wind_elev75_v1.0.nc
Processing complete!
Quicklook for elevation 7 for 20250724

## You are using the Python ARM Radar Toolkit (Py-ART), an open source
## library for working with weather radar data. Py-ART is partly
## supported by the U.S. Department of Energy as part of the Atmospheric
## Radiation Measurement (ARM) Climate Research Facility, an Office of
## Science user facility.
##
## If you use this software to prepare a publication, please cite:
##
##     JJ Helmus and SM Collis, JORS 2016, doi: 10.5334/jors.119

Using file: /gws/pw/j07/ncas_obs_vol1/amf/processing/ncas-lidar-dop-1/20250603_teamx/doppy_processed/ncas-lidar-dop-1_20250724_wind_elev7_v1.0.nc
Successfully opened: /gws/pw/j07/ncas_obs_vol1/amf/processing/ncas-lidar-dop-1/20250603_teamx/doppy_processed/ncas-lidar-dop-1_20250724_wind_elev7_v1.0.nc
Variables in file: ['time', 'height', 'uwind_raw', 'uwind', 'vwind_raw', 'vwind', 'wwind_raw', 'wwind', 'azimuth_offset']
Using height limit of 0.6 km for 7° elevation
Using boundary layer subdirectory for 7° elevation
Saving plot to: /gws/pw/j07/ncas_obs_vol1/amf/processing/ncas-lidar-dop-1/20250603_teamx/doppy_processed/quicklooks/wind_bl/ncas-lidar-dop-1_sterzing_wind_elev7_20250724.png
Creating wind speed and direction plot...
Saving wind speed/direction plot to: /gws/pw/j07/ncas_obs_vol1/amf/processing/ncas-lidar-dop-1/20250603_teamx/doppy_processed/quicklooks/wind_bl/ncas-lidar-dop-1_sterzing_wind_speed_dir_elev7_20250724.png
Quicklook for elevation 75 for 20250724

## You are using the Python ARM Radar Toolkit (Py-ART), an open source
## library for working with weather radar data. Py-ART is partly
## supported by the U.S. Department of Energy as part of the Atmospheric
## Radiation Measurement (ARM) Climate Research Facility, an Office of
## Science user facility.
##
## If you use this software to prepare a publication, please cite:
##
##     JJ Helmus and SM Collis, JORS 2016, doi: 10.5334/jors.119

Using file: /gws/pw/j07/ncas_obs_vol1/amf/processing/ncas-lidar-dop-1/20250603_teamx/doppy_processed/ncas-lidar-dop-1_20250724_wind_elev75_v1.0.nc
Successfully opened: /gws/pw/j07/ncas_obs_vol1/amf/processing/ncas-lidar-dop-1/20250603_teamx/doppy_processed/ncas-lidar-dop-1_20250724_wind_elev75_v1.0.nc
Variables in file: ['time', 'height', 'uwind_raw', 'uwind', 'vwind_raw', 'vwind', 'wwind_raw', 'wwind', 'azimuth_offset']
Using default height limit of 10 km
Using standard wind subdirectory
Saving plot to: /gws/pw/j07/ncas_obs_vol1/amf/processing/ncas-lidar-dop-1/20250603_teamx/doppy_processed/quicklooks/wind/ncas-lidar-dop-1_sterzing_wind_elev75_20250724.png
Creating wind speed and direction plot...
Saving wind speed/direction plot to: /gws/pw/j07/ncas_obs_vol1/amf/processing/ncas-lidar-dop-1/20250603_teamx/doppy_processed/quicklooks/wind/ncas-lidar-dop-1_sterzing_wind_speed_dir_elev75_20250724.png

## You are using the Python ARM Radar Toolkit (Py-ART), an open source
## library for working with weather radar data. Py-ART is partly
## supported by the U.S. Department of Energy as part of the Atmospheric
## Radiation Measurement (ARM) Climate Research Facility, an Office of
## Science user facility.
##
## If you use this software to prepare a publication, please cite:
##
##     JJ Helmus and SM Collis, JORS 2016, doi: 10.5334/jors.119

Filtered to 14 files at elevation 7.0°
Found 14 VAD/PPI files for 20250724
Processing /gws/pw/j07/ncas_obs_vol1/amf/raw_data/ncas-lidar-dop-1/incoming/20250603_teamx/Proc/2025/202507/20250724/User5_18_20250724_001501.hpl: Scan type '007VAD - STEPPED'
DEBUG - Range shape: (3194,), Azimuth shape: (25,)
DEBUG - Converting fields to radar object:
DEBUG: Found velocity data under attribute 'radial_velocity'
DEBUG: Velocity data shape: (25, 3194), dtype: float64
DEBUG: Velocity data range: -20.219 to 18.881
DEBUG: Successfully added velocity field to radar object
DEBUG: Found beta data under attribute 'beta'
DEBUG: Beta data shape: (25, 3194), dtype: float64
DEBUG: Beta data range: -3.392145e-05 to 3.901754e-03
DEBUG: Successfully added beta field to radar object
DEBUG: Found intensity data, calculating SNR
DEBUG: SNR data shape: (25, 3194), dtype: float64
DEBUG: SNR data range: -20.000 to 17.995 dB
DEBUG: SNR valid points: 79850/79850
DEBUG: Successfully calculated and added SNR field to radar object
DEBUG: Final radar object has fields: ['velocity', 'beta', 'snr']
DEBUG: Added velocity to available_fields
DEBUG: Added beta to available_fields
DEBUG: Added snr to available_fields
DEBUG: Final available_fields list: [('velocity', 'Doppler Velocity', 'Radial Velocity (m/s)'), ('beta', 'Attenuated Backscatter', 'Backscatter (m⁻¹ sr⁻¹)'), ('snr', 'Signal-to-Noise Ratio', 'SNR (dB)')]
DEBUG: Starting to create plots for 3 fields
DEBUG: Processing field 1/3: velocity
DEBUG: Creating standard plot for velocity
Using cached OpenTopoMap tiles...
Successfully loaded cached tiles
ERROR: Failed to create velocity plot for User5_18_20250724_001501.hpl: name 'field_data' is not defined
DEBUG: Processing field 2/3: beta
DEBUG: Creating standard plot for beta
Using cached OpenTopoMap tiles...
Successfully loaded cached tiles
ERROR: Failed to create beta plot for User5_18_20250724_001501.hpl: name 'field_data' is not defined
DEBUG: Processing field 3/3: snr
DEBUG: Creating standard plot for snr
Using cached OpenTopoMap tiles...
Successfully loaded cached tiles
ERROR: Failed to create snr plot for User5_18_20250724_001501.hpl: name 'field_data' is not defined
DEBUG: Completed processing. Created 0 plots: []
Processing /gws/pw/j07/ncas_obs_vol1/amf/raw_data/ncas-lidar-dop-1/incoming/20250603_teamx/Proc/2025/202507/20250724/User5_18_20250724_004500.hpl: Scan type '007VAD - STEPPED'
DEBUG - Range shape: (3194,), Azimuth shape: (25,)
DEBUG - Converting fields to radar object:
DEBUG: Found velocity data under attribute 'radial_velocity'
DEBUG: Velocity data shape: (25, 3194), dtype: float64
DEBUG: Velocity data range: -20.219 to 18.881
DEBUG: Successfully added velocity field to radar object
DEBUG: Found beta data under attribute 'beta'
DEBUG: Beta data shape: (25, 3194), dtype: float64
DEBUG: Beta data range: -3.397620e-05 to 4.076332e-03
DEBUG: Successfully added beta field to radar object
DEBUG: Found intensity data, calculating SNR
DEBUG: SNR data shape: (25, 3194), dtype: float64
DEBUG: SNR data range: -20.000 to 17.728 dB
DEBUG: SNR valid points: 79850/79850
DEBUG: Successfully calculated and added SNR field to radar object
DEBUG: Final radar object has fields: ['velocity', 'beta', 'snr']
DEBUG: Added velocity to available_fields
DEBUG: Added beta to available_fields
DEBUG: Added snr to available_fields
DEBUG: Final available_fields list: [('velocity', 'Doppler Velocity', 'Radial Velocity (m/s)'), ('beta', 'Attenuated Backscatter', 'Backscatter (m⁻¹ sr⁻¹)'), ('snr', 'Signal-to-Noise Ratio', 'SNR (dB)')]
DEBUG: Starting to create plots for 3 fields
DEBUG: Processing field 1/3: velocity
DEBUG: Creating standard plot for velocity
Using cached OpenTopoMap tiles...
Successfully loaded cached tiles
ERROR: Failed to create velocity plot for User5_18_20250724_004500.hpl: name 'field_data' is not defined
DEBUG: Processing field 2/3: beta
DEBUG: Creating standard plot for beta
Using cached OpenTopoMap tiles...
Successfully loaded cached tiles
ERROR: Failed to create beta plot for User5_18_20250724_004500.hpl: name 'field_data' is not defined
DEBUG: Processing field 3/3: snr
DEBUG: Creating standard plot for snr
Using cached OpenTopoMap tiles...
Successfully loaded cached tiles
ERROR: Failed to create snr plot for User5_18_20250724_004500.hpl: name 'field_data' is not defined
DEBUG: Completed processing. Created 0 plots: []
Processing /gws/pw/j07/ncas_obs_vol1/amf/raw_data/ncas-lidar-dop-1/incoming/20250603_teamx/Proc/2025/202507/20250724/User5_18_20250724_011501.hpl: Scan type '007VAD - STEPPED'
DEBUG - Range shape: (3194,), Azimuth shape: (25,)
DEBUG - Converting fields to radar object:
DEBUG: Found velocity data under attribute 'radial_velocity'
DEBUG: Velocity data shape: (25, 3194), dtype: float64
DEBUG: Velocity data range: -20.219 to 18.881
DEBUG: Successfully added velocity field to radar object
DEBUG: Found beta data under attribute 'beta'
DEBUG: Beta data shape: (25, 3194), dtype: float64
DEBUG: Beta data range: -3.155382e-05 to 3.942957e-03
DEBUG: Successfully added beta field to radar object
DEBUG: Found intensity data, calculating SNR
DEBUG: SNR data shape: (25, 3194), dtype: float64
DEBUG: SNR data range: -20.000 to 17.712 dB
DEBUG: SNR valid points: 79850/79850
DEBUG: Successfully calculated and added SNR field to radar object
DEBUG: Final radar object has fields: ['velocity', 'beta', 'snr']
DEBUG: Added velocity to available_fields
DEBUG: Added beta to available_fields
DEBUG: Added snr to available_fields
DEBUG: Final available_fields list: [('velocity', 'Doppler Velocity', 'Radial Velocity (m/s)'), ('beta', 'Attenuated Backscatter', 'Backscatter (m⁻¹ sr⁻¹)'), ('snr', 'Signal-to-Noise Ratio', 'SNR (dB)')]
DEBUG: Starting to create plots for 3 fields
DEBUG: Processing field 1/3: velocity
DEBUG: Creating standard plot for velocity
Using cached OpenTopoMap tiles...
Successfully loaded cached tiles
ERROR: Failed to create velocity plot for User5_18_20250724_011501.hpl: name 'field_data' is not defined
DEBUG: Processing field 2/3: beta
DEBUG: Creating standard plot for beta
Using cached OpenTopoMap tiles...
Successfully loaded cached tiles
ERROR: Failed to create beta plot for User5_18_20250724_011501.hpl: name 'field_data' is not defined
DEBUG: Processing field 3/3: snr
DEBUG: Creating standard plot for snr
Using cached OpenTopoMap tiles...
Successfully loaded cached tiles
ERROR: Failed to create snr plot for User5_18_20250724_011501.hpl: name 'field_data' is not defined
DEBUG: Completed processing. Created 0 plots: []
Processing /gws/pw/j07/ncas_obs_vol1/amf/raw_data/ncas-lidar-dop-1/incoming/20250603_teamx/Proc/2025/202507/20250724/User5_18_20250724_014501.hpl: Scan type '007VAD - STEPPED'
DEBUG - Range shape: (3194,), Azimuth shape: (25,)
DEBUG - Converting fields to radar object:
DEBUG: Found velocity data under attribute 'radial_velocity'
DEBUG: Velocity data shape: (25, 3194), dtype: float64
DEBUG: Velocity data range: -20.219 to 18.881
DEBUG: Successfully added velocity field to radar object
DEBUG: Found beta data under attribute 'beta'
DEBUG: Beta data shape: (25, 3194), dtype: float64
DEBUG: Beta data range: -2.581525e-05 to 3.414966e-03
DEBUG: Successfully added beta field to radar object
DEBUG: Found intensity data, calculating SNR
DEBUG: SNR data shape: (25, 3194), dtype: float64
DEBUG: SNR data range: -20.000 to 17.461 dB
DEBUG: SNR valid points: 79850/79850
DEBUG: Successfully calculated and added SNR field to radar object
DEBUG: Final radar object has fields: ['velocity', 'beta', 'snr']
DEBUG: Added velocity to available_fields
DEBUG: Added beta to available_fields
DEBUG: Added snr to available_fields
DEBUG: Final available_fields list: [('velocity', 'Doppler Velocity', 'Radial Velocity (m/s)'), ('beta', 'Attenuated Backscatter', 'Backscatter (m⁻¹ sr⁻¹)'), ('snr', 'Signal-to-Noise Ratio', 'SNR (dB)')]
DEBUG: Starting to create plots for 3 fields
DEBUG: Processing field 1/3: velocity
DEBUG: Creating standard plot for velocity
Using cached OpenTopoMap tiles...
Successfully loaded cached tiles
ERROR: Failed to create velocity plot for User5_18_20250724_014501.hpl: name 'field_data' is not defined
DEBUG: Processing field 2/3: beta
DEBUG: Creating standard plot for beta
Using cached OpenTopoMap tiles...
Successfully loaded cached tiles
ERROR: Failed to create beta plot for User5_18_20250724_014501.hpl: name 'field_data' is not defined
DEBUG: Processing field 3/3: snr
DEBUG: Creating standard plot for snr
Using cached OpenTopoMap tiles...
Successfully loaded cached tiles
ERROR: Failed to create snr plot for User5_18_20250724_014501.hpl: name 'field_data' is not defined
DEBUG: Completed processing. Created 0 plots: []
Processing /gws/pw/j07/ncas_obs_vol1/amf/raw_data/ncas-lidar-dop-1/incoming/20250603_teamx/Proc/2025/202507/20250724/User5_18_20250724_021500.hpl: Scan type '007VAD - STEPPED'
DEBUG - Range shape: (3194,), Azimuth shape: (25,)
DEBUG - Converting fields to radar object:
DEBUG: Found velocity data under attribute 'radial_velocity'
DEBUG: Velocity data shape: (25, 3194), dtype: float64
DEBUG: Velocity data range: -20.219 to 18.881
DEBUG: Successfully added velocity field to radar object
DEBUG: Found beta data under attribute 'beta'
DEBUG: Beta data shape: (25, 3194), dtype: float64
DEBUG: Beta data range: -3.374886e-05 to 3.201268e-03
DEBUG: Successfully added beta field to radar object
DEBUG: Found intensity data, calculating SNR
DEBUG: SNR data shape: (25, 3194), dtype: float64
DEBUG: SNR data range: -20.000 to 17.502 dB
DEBUG: SNR valid points: 79850/79850
DEBUG: Successfully calculated and added SNR field to radar object
DEBUG: Final radar object has fields: ['velocity', 'beta', 'snr']
DEBUG: Added velocity to available_fields
DEBUG: Added beta to available_fields
DEBUG: Added snr to available_fields
DEBUG: Final available_fields list: [('velocity', 'Doppler Velocity', 'Radial Velocity (m/s)'), ('beta', 'Attenuated Backscatter', 'Backscatter (m⁻¹ sr⁻¹)'), ('snr', 'Signal-to-Noise Ratio', 'SNR (dB)')]
DEBUG: Starting to create plots for 3 fields
DEBUG: Processing field 1/3: velocity
DEBUG: Creating standard plot for velocity
Using cached OpenTopoMap tiles...
Successfully loaded cached tiles
ERROR: Failed to create velocity plot for User5_18_20250724_021500.hpl: name 'field_data' is not defined
DEBUG: Processing field 2/3: beta
DEBUG: Creating standard plot for beta
Using cached OpenTopoMap tiles...
Successfully loaded cached tiles
ERROR: Failed to create beta plot for User5_18_20250724_021500.hpl: name 'field_data' is not defined
DEBUG: Processing field 3/3: snr
DEBUG: Creating standard plot for snr
Using cached OpenTopoMap tiles...
Successfully loaded cached tiles
ERROR: Failed to create snr plot for User5_18_20250724_021500.hpl: name 'field_data' is not defined
DEBUG: Completed processing. Created 0 plots: []
Processing /gws/pw/j07/ncas_obs_vol1/amf/raw_data/ncas-lidar-dop-1/incoming/20250603_teamx/Proc/2025/202507/20250724/User5_18_20250724_024501.hpl: Scan type '007VAD - STEPPED'
DEBUG - Range shape: (3194,), Azimuth shape: (25,)
DEBUG - Converting fields to radar object:
DEBUG: Found velocity data under attribute 'radial_velocity'
DEBUG: Velocity data shape: (25, 3194), dtype: float64
DEBUG: Velocity data range: -20.219 to 18.881
DEBUG: Successfully added velocity field to radar object
DEBUG: Found beta data under attribute 'beta'
DEBUG: Beta data shape: (25, 3194), dtype: float64
DEBUG: Beta data range: -3.206450e-05 to 3.091218e-03
DEBUG: Successfully added beta field to radar object
DEBUG: Found intensity data, calculating SNR
DEBUG: SNR data shape: (25, 3194), dtype: float64
DEBUG: SNR data range: -20.000 to 17.235 dB
DEBUG: SNR valid points: 79850/79850
DEBUG: Successfully calculated and added SNR field to radar object
DEBUG: Final radar object has fields: ['velocity', 'beta', 'snr']
DEBUG: Added velocity to available_fields
DEBUG: Added beta to available_fields
DEBUG: Added snr to available_fields
DEBUG: Final available_fields list: [('velocity', 'Doppler Velocity', 'Radial Velocity (m/s)'), ('beta', 'Attenuated Backscatter', 'Backscatter (m⁻¹ sr⁻¹)'), ('snr', 'Signal-to-Noise Ratio', 'SNR (dB)')]
DEBUG: Starting to create plots for 3 fields
DEBUG: Processing field 1/3: velocity
DEBUG: Creating standard plot for velocity
Using cached OpenTopoMap tiles...
Successfully loaded cached tiles
ERROR: Failed to create velocity plot for User5_18_20250724_024501.hpl: name 'field_data' is not defined
DEBUG: Processing field 2/3: beta
DEBUG: Creating standard plot for beta
Using cached OpenTopoMap tiles...
Successfully loaded cached tiles
ERROR: Failed to create beta plot for User5_18_20250724_024501.hpl: name 'field_data' is not defined
DEBUG: Processing field 3/3: snr
DEBUG: Creating standard plot for snr
Using cached OpenTopoMap tiles...
Successfully loaded cached tiles
ERROR: Failed to create snr plot for User5_18_20250724_024501.hpl: name 'field_data' is not defined
DEBUG: Completed processing. Created 0 plots: []
Processing /gws/pw/j07/ncas_obs_vol1/amf/raw_data/ncas-lidar-dop-1/incoming/20250603_teamx/Proc/2025/202507/20250724/User5_18_20250724_031500.hpl: Scan type '007VAD - STEPPED'
DEBUG - Range shape: (3194,), Azimuth shape: (25,)
DEBUG - Converting fields to radar object:
DEBUG: Found velocity data under attribute 'radial_velocity'
DEBUG: Velocity data shape: (25, 3194), dtype: float64
DEBUG: Velocity data range: -20.219 to 18.881
DEBUG: Successfully added velocity field to radar object
DEBUG: Found beta data under attribute 'beta'
DEBUG: Beta data shape: (25, 3194), dtype: float64
DEBUG: Beta data range: -3.233235e-05 to 3.339796e-03
DEBUG: Successfully added beta field to radar object
DEBUG: Found intensity data, calculating SNR
DEBUG: SNR data shape: (25, 3194), dtype: float64
DEBUG: SNR data range: -20.000 to 17.562 dB
DEBUG: SNR valid points: 79850/79850
DEBUG: Successfully calculated and added SNR field to radar object
DEBUG: Final radar object has fields: ['velocity', 'beta', 'snr']
DEBUG: Added velocity to available_fields
DEBUG: Added beta to available_fields
DEBUG: Added snr to available_fields
DEBUG: Final available_fields list: [('velocity', 'Doppler Velocity', 'Radial Velocity (m/s)'), ('beta', 'Attenuated Backscatter', 'Backscatter (m⁻¹ sr⁻¹)'), ('snr', 'Signal-to-Noise Ratio', 'SNR (dB)')]
DEBUG: Starting to create plots for 3 fields
DEBUG: Processing field 1/3: velocity
DEBUG: Creating standard plot for velocity
Using cached OpenTopoMap tiles...
Successfully loaded cached tiles
ERROR: Failed to create velocity plot for User5_18_20250724_031500.hpl: name 'field_data' is not defined
DEBUG: Processing field 2/3: beta
DEBUG: Creating standard plot for beta
Using cached OpenTopoMap tiles...
Successfully loaded cached tiles
ERROR: Failed to create beta plot for User5_18_20250724_031500.hpl: name 'field_data' is not defined
DEBUG: Processing field 3/3: snr
DEBUG: Creating standard plot for snr
Using cached OpenTopoMap tiles...
Successfully loaded cached tiles
ERROR: Failed to create snr plot for User5_18_20250724_031500.hpl: name 'field_data' is not defined
DEBUG: Completed processing. Created 0 plots: []
Processing /gws/pw/j07/ncas_obs_vol1/amf/raw_data/ncas-lidar-dop-1/incoming/20250603_teamx/Proc/2025/202507/20250724/User5_18_20250724_034501.hpl: Scan type '007VAD - STEPPED'
DEBUG - Range shape: (3194,), Azimuth shape: (25,)
DEBUG - Converting fields to radar object:
DEBUG: Found velocity data under attribute 'radial_velocity'
DEBUG: Velocity data shape: (25, 3194), dtype: float64
DEBUG: Velocity data range: -20.219 to 18.881
DEBUG: Successfully added velocity field to radar object
DEBUG: Found beta data under attribute 'beta'
DEBUG: Beta data shape: (25, 3194), dtype: float64
DEBUG: Beta data range: -3.202793e-05 to 2.823299e-03
DEBUG: Successfully added beta field to radar object
DEBUG: Found intensity data, calculating SNR
DEBUG: SNR data shape: (25, 3194), dtype: float64
DEBUG: SNR data range: -20.000 to 16.957 dB
DEBUG: SNR valid points: 79850/79850
DEBUG: Successfully calculated and added SNR field to radar object
DEBUG: Final radar object has fields: ['velocity', 'beta', 'snr']
DEBUG: Added velocity to available_fields
DEBUG: Added beta to available_fields
DEBUG: Added snr to available_fields
DEBUG: Final available_fields list: [('velocity', 'Doppler Velocity', 'Radial Velocity (m/s)'), ('beta', 'Attenuated Backscatter', 'Backscatter (m⁻¹ sr⁻¹)'), ('snr', 'Signal-to-Noise Ratio', 'SNR (dB)')]
DEBUG: Starting to create plots for 3 fields
DEBUG: Processing field 1/3: velocity
DEBUG: Creating standard plot for velocity
Using cached OpenTopoMap tiles...
Successfully loaded cached tiles
ERROR: Failed to create velocity plot for User5_18_20250724_034501.hpl: name 'field_data' is not defined
DEBUG: Processing field 2/3: beta
DEBUG: Creating standard plot for beta
Using cached OpenTopoMap tiles...
Successfully loaded cached tiles
ERROR: Failed to create beta plot for User5_18_20250724_034501.hpl: name 'field_data' is not defined
DEBUG: Processing field 3/3: snr
DEBUG: Creating standard plot for snr
Using cached OpenTopoMap tiles...
Successfully loaded cached tiles
ERROR: Failed to create snr plot for User5_18_20250724_034501.hpl: name 'field_data' is not defined
DEBUG: Completed processing. Created 0 plots: []
Processing /gws/pw/j07/ncas_obs_vol1/amf/raw_data/ncas-lidar-dop-1/incoming/20250603_teamx/Proc/2025/202507/20250724/User5_18_20250724_041500.hpl: Scan type '007VAD - STEPPED'
DEBUG - Range shape: (3194,), Azimuth shape: (25,)
DEBUG - Converting fields to radar object:
DEBUG: Found velocity data under attribute 'radial_velocity'
DEBUG: Velocity data shape: (25, 3194), dtype: float64
DEBUG: Velocity data range: -20.219 to 18.881
DEBUG: Successfully added velocity field to radar object
DEBUG: Found beta data under attribute 'beta'
DEBUG: Beta data shape: (25, 3194), dtype: float64
DEBUG: Beta data range: -3.378359e-05 to 2.914559e-03
DEBUG: Successfully added beta field to radar object
DEBUG: Found intensity data, calculating SNR
DEBUG: SNR data shape: (25, 3194), dtype: float64
DEBUG: SNR data range: -20.000 to 17.095 dB
DEBUG: SNR valid points: 79850/79850
DEBUG: Successfully calculated and added SNR field to radar object
DEBUG: Final radar object has fields: ['velocity', 'beta', 'snr']
DEBUG: Added velocity to available_fields
DEBUG: Added beta to available_fields
DEBUG: Added snr to available_fields
DEBUG: Final available_fields list: [('velocity', 'Doppler Velocity', 'Radial Velocity (m/s)'), ('beta', 'Attenuated Backscatter', 'Backscatter (m⁻¹ sr⁻¹)'), ('snr', 'Signal-to-Noise Ratio', 'SNR (dB)')]
DEBUG: Starting to create plots for 3 fields
DEBUG: Processing field 1/3: velocity
DEBUG: Creating standard plot for velocity
Using cached OpenTopoMap tiles...
Successfully loaded cached tiles
ERROR: Failed to create velocity plot for User5_18_20250724_041500.hpl: name 'field_data' is not defined
DEBUG: Processing field 2/3: beta
DEBUG: Creating standard plot for beta
Using cached OpenTopoMap tiles...
Successfully loaded cached tiles
ERROR: Failed to create beta plot for User5_18_20250724_041500.hpl: name 'field_data' is not defined
DEBUG: Processing field 3/3: snr
DEBUG: Creating standard plot for snr
Using cached OpenTopoMap tiles...
Successfully loaded cached tiles
ERROR: Failed to create snr plot for User5_18_20250724_041500.hpl: name 'field_data' is not defined
DEBUG: Completed processing. Created 0 plots: []
Processing /gws/pw/j07/ncas_obs_vol1/amf/raw_data/ncas-lidar-dop-1/incoming/20250603_teamx/Proc/2025/202507/20250724/User5_18_20250724_044501.hpl: Scan type '007VAD - STEPPED'
DEBUG - Range shape: (3194,), Azimuth shape: (25,)
DEBUG - Converting fields to radar object:
DEBUG: Found velocity data under attribute 'radial_velocity'
DEBUG: Velocity data shape: (25, 3194), dtype: float64
DEBUG: Velocity data range: -20.219 to 18.881
DEBUG: Successfully added velocity field to radar object
DEBUG: Found beta data under attribute 'beta'
DEBUG: Beta data shape: (25, 3194), dtype: float64
DEBUG: Beta data range: -3.158938e-05 to 2.481113e-03
DEBUG: Successfully added beta field to radar object
DEBUG: Found intensity data, calculating SNR
DEBUG: SNR data shape: (25, 3194), dtype: float64
DEBUG: SNR data range: -20.000 to 16.396 dB
DEBUG: SNR valid points: 79850/79850
DEBUG: Successfully calculated and added SNR field to radar object
DEBUG: Final radar object has fields: ['velocity', 'beta', 'snr']
DEBUG: Added velocity to available_fields
DEBUG: Added beta to available_fields
DEBUG: Added snr to available_fields
DEBUG: Final available_fields list: [('velocity', 'Doppler Velocity', 'Radial Velocity (m/s)'), ('beta', 'Attenuated Backscatter', 'Backscatter (m⁻¹ sr⁻¹)'), ('snr', 'Signal-to-Noise Ratio', 'SNR (dB)')]
DEBUG: Starting to create plots for 3 fields
DEBUG: Processing field 1/3: velocity
DEBUG: Creating standard plot for velocity
Using cached OpenTopoMap tiles...
Successfully loaded cached tiles
ERROR: Failed to create velocity plot for User5_18_20250724_044501.hpl: name 'field_data' is not defined
DEBUG: Processing field 2/3: beta
DEBUG: Creating standard plot for beta
Using cached OpenTopoMap tiles...
Successfully loaded cached tiles
ERROR: Failed to create beta plot for User5_18_20250724_044501.hpl: name 'field_data' is not defined
DEBUG: Processing field 3/3: snr
DEBUG: Creating standard plot for snr
Using cached OpenTopoMap tiles...
Successfully loaded cached tiles
ERROR: Failed to create snr plot for User5_18_20250724_044501.hpl: name 'field_data' is not defined
DEBUG: Completed processing. Created 0 plots: []
Processing /gws/pw/j07/ncas_obs_vol1/amf/raw_data/ncas-lidar-dop-1/incoming/20250603_teamx/Proc/2025/202507/20250724/User5_18_20250724_051501.hpl: Scan type '007VAD - STEPPED'
DEBUG - Range shape: (3194,), Azimuth shape: (25,)
DEBUG - Converting fields to radar object:
DEBUG: Found velocity data under attribute 'radial_velocity'
DEBUG: Velocity data shape: (25, 3194), dtype: float64
DEBUG: Velocity data range: -20.219 to 18.881
DEBUG: Successfully added velocity field to radar object
DEBUG: Found beta data under attribute 'beta'
DEBUG: Beta data shape: (25, 3194), dtype: float64
DEBUG: Beta data range: -2.907746e-05 to 3.115541e-03
DEBUG: Successfully added beta field to radar object
DEBUG: Found intensity data, calculating SNR
DEBUG: SNR data shape: (25, 3194), dtype: float64
DEBUG: SNR data range: -20.000 to 17.383 dB
DEBUG: SNR valid points: 79850/79850
DEBUG: Successfully calculated and added SNR field to radar object
DEBUG: Final radar object has fields: ['velocity', 'beta', 'snr']
DEBUG: Added velocity to available_fields
DEBUG: Added beta to available_fields
DEBUG: Added snr to available_fields
DEBUG: Final available_fields list: [('velocity', 'Doppler Velocity', 'Radial Velocity (m/s)'), ('beta', 'Attenuated Backscatter', 'Backscatter (m⁻¹ sr⁻¹)'), ('snr', 'Signal-to-Noise Ratio', 'SNR (dB)')]
DEBUG: Starting to create plots for 3 fields
DEBUG: Processing field 1/3: velocity
DEBUG: Creating standard plot for velocity
Using cached OpenTopoMap tiles...
Successfully loaded cached tiles
ERROR: Failed to create velocity plot for User5_18_20250724_051501.hpl: name 'field_data' is not defined
DEBUG: Processing field 2/3: beta
DEBUG: Creating standard plot for beta
Using cached OpenTopoMap tiles...
Successfully loaded cached tiles
ERROR: Failed to create beta plot for User5_18_20250724_051501.hpl: name 'field_data' is not defined
DEBUG: Processing field 3/3: snr
DEBUG: Creating standard plot for snr
Using cached OpenTopoMap tiles...
Successfully loaded cached tiles
ERROR: Failed to create snr plot for User5_18_20250724_051501.hpl: name 'field_data' is not defined
DEBUG: Completed processing. Created 0 plots: []
Processing /gws/pw/j07/ncas_obs_vol1/amf/raw_data/ncas-lidar-dop-1/incoming/20250603_teamx/Proc/2025/202507/20250724/User5_18_20250724_054500.hpl: Scan type '007VAD - STEPPED'
DEBUG - Range shape: (3194,), Azimuth shape: (25,)
DEBUG - Converting fields to radar object:
DEBUG: Found velocity data under attribute 'radial_velocity'
DEBUG: Velocity data shape: (25, 3194), dtype: float64
DEBUG: Velocity data range: -20.219 to 18.881
DEBUG: Successfully added velocity field to radar object
DEBUG: Found beta data under attribute 'beta'
DEBUG: Beta data shape: (25, 3194), dtype: float64
DEBUG: Beta data range: -3.413673e-05 to 2.991496e-03
DEBUG: Successfully added beta field to radar object
DEBUG: Found intensity data, calculating SNR
DEBUG: SNR data shape: (25, 3194), dtype: float64
DEBUG: SNR data range: -20.000 to 17.207 dB
DEBUG: SNR valid points: 79850/79850
DEBUG: Successfully calculated and added SNR field to radar object
DEBUG: Final radar object has fields: ['velocity', 'beta', 'snr']
DEBUG: Added velocity to available_fields
DEBUG: Added beta to available_fields
DEBUG: Added snr to available_fields
DEBUG: Final available_fields list: [('velocity', 'Doppler Velocity', 'Radial Velocity (m/s)'), ('beta', 'Attenuated Backscatter', 'Backscatter (m⁻¹ sr⁻¹)'), ('snr', 'Signal-to-Noise Ratio', 'SNR (dB)')]
DEBUG: Starting to create plots for 3 fields
DEBUG: Processing field 1/3: velocity
DEBUG: Creating standard plot for velocity
Using cached OpenTopoMap tiles...
Successfully loaded cached tiles
ERROR: Failed to create velocity plot for User5_18_20250724_054500.hpl: name 'field_data' is not defined
DEBUG: Processing field 2/3: beta
DEBUG: Creating standard plot for beta
Using cached OpenTopoMap tiles...
Successfully loaded cached tiles
ERROR: Failed to create beta plot for User5_18_20250724_054500.hpl: name 'field_data' is not defined
DEBUG: Processing field 3/3: snr
DEBUG: Creating standard plot for snr
Using cached OpenTopoMap tiles...
Successfully loaded cached tiles
ERROR: Failed to create snr plot for User5_18_20250724_054500.hpl: name 'field_data' is not defined
DEBUG: Completed processing. Created 0 plots: []
Processing /gws/pw/j07/ncas_obs_vol1/amf/raw_data/ncas-lidar-dop-1/incoming/20250603_teamx/Proc/2025/202507/20250724/User5_18_20250724_061502.hpl: Scan type '007VAD - STEPPED'
DEBUG - Range shape: (3194,), Azimuth shape: (25,)
DEBUG - Converting fields to radar object:
DEBUG: Found velocity data under attribute 'radial_velocity'
DEBUG: Velocity data shape: (25, 3194), dtype: float64
DEBUG: Velocity data range: -20.219 to 18.881
DEBUG: Successfully added velocity field to radar object
DEBUG: Found beta data under attribute 'beta'
DEBUG: Beta data shape: (25, 3194), dtype: float64
DEBUG: Beta data range: -2.229167e-05 to 2.872409e-03
DEBUG: Successfully added beta field to radar object
DEBUG: Found intensity data, calculating SNR
DEBUG: SNR data shape: (25, 3194), dtype: float64
DEBUG: SNR data range: -20.000 to 17.032 dB
DEBUG: SNR valid points: 79850/79850
DEBUG: Successfully calculated and added SNR field to radar object
DEBUG: Final radar object has fields: ['velocity', 'beta', 'snr']
DEBUG: Added velocity to available_fields
DEBUG: Added beta to available_fields
DEBUG: Added snr to available_fields
DEBUG: Final available_fields list: [('velocity', 'Doppler Velocity', 'Radial Velocity (m/s)'), ('beta', 'Attenuated Backscatter', 'Backscatter (m⁻¹ sr⁻¹)'), ('snr', 'Signal-to-Noise Ratio', 'SNR (dB)')]
DEBUG: Starting to create plots for 3 fields
DEBUG: Processing field 1/3: velocity
DEBUG: Creating standard plot for velocity
Using cached OpenTopoMap tiles...
Successfully loaded cached tiles
ERROR: Failed to create velocity plot for User5_18_20250724_061502.hpl: name 'field_data' is not defined
DEBUG: Processing field 2/3: beta
DEBUG: Creating standard plot for beta
Using cached OpenTopoMap tiles...
Successfully loaded cached tiles
ERROR: Failed to create beta plot for User5_18_20250724_061502.hpl: name 'field_data' is not defined
DEBUG: Processing field 3/3: snr
DEBUG: Creating standard plot for snr
Using cached OpenTopoMap tiles...
Successfully loaded cached tiles
ERROR: Failed to create snr plot for User5_18_20250724_061502.hpl: name 'field_data' is not defined
DEBUG: Completed processing. Created 0 plots: []
Processing /gws/pw/j07/ncas_obs_vol1/amf/raw_data/ncas-lidar-dop-1/incoming/20250603_teamx/Proc/2025/202507/20250724/User5_18_20250724_064501.hpl: Scan type '007VAD - STEPPED'
DEBUG - Range shape: (3194,), Azimuth shape: (25,)
DEBUG - Converting fields to radar object:
DEBUG: Found velocity data under attribute 'radial_velocity'
DEBUG: Velocity data shape: (25, 3194), dtype: float64
DEBUG: Velocity data range: -20.219 to 18.881
DEBUG: Successfully added velocity field to radar object
DEBUG: Found beta data under attribute 'beta'
DEBUG: Beta data shape: (25, 3194), dtype: float64
DEBUG: Beta data range: -3.630977e-05 to 2.736500e-03
DEBUG: Successfully added beta field to radar object
DEBUG: Found intensity data, calculating SNR
DEBUG: SNR data shape: (25, 3194), dtype: float64
DEBUG: SNR data range: -20.000 to 16.821 dB
DEBUG: SNR valid points: 79850/79850
DEBUG: Successfully calculated and added SNR field to radar object
DEBUG: Final radar object has fields: ['velocity', 'beta', 'snr']
DEBUG: Added velocity to available_fields
DEBUG: Added beta to available_fields
DEBUG: Added snr to available_fields
DEBUG: Final available_fields list: [('velocity', 'Doppler Velocity', 'Radial Velocity (m/s)'), ('beta', 'Attenuated Backscatter', 'Backscatter (m⁻¹ sr⁻¹)'), ('snr', 'Signal-to-Noise Ratio', 'SNR (dB)')]
DEBUG: Starting to create plots for 3 fields
DEBUG: Processing field 1/3: velocity
DEBUG: Creating standard plot for velocity
Using cached OpenTopoMap tiles...
Successfully loaded cached tiles
ERROR: Failed to create velocity plot for User5_18_20250724_064501.hpl: name 'field_data' is not defined
DEBUG: Processing field 2/3: beta
DEBUG: Creating standard plot for beta
Using cached OpenTopoMap tiles...
Successfully loaded cached tiles
ERROR: Failed to create beta plot for User5_18_20250724_064501.hpl: name 'field_data' is not defined
DEBUG: Processing field 3/3: snr
DEBUG: Creating standard plot for snr
Using cached OpenTopoMap tiles...
Successfully loaded cached tiles
ERROR: Failed to create snr plot for User5_18_20250724_064501.hpl: name 'field_data' is not defined
DEBUG: Completed processing. Created 0 plots: []

Processing complete!
Successfully created 0 map plots
Failed to process 14 files
Output directory: /gws/pw/j07/ncas_obs_vol1/amf/processing/ncas-lidar-dop-1/20250603_teamx/doppy_processed/quicklooks/ppi_maps/20250724
sending incremental file list
wind/ncas-lidar-dop-1_sterzing_wind_elev75_20250724.png
wind/ncas-lidar-dop-1_sterzing_wind_speed_dir_elev75_20250724.png
wind_bl/ncas-lidar-dop-1_sterzing_wind_elev7_20250724.png
wind_bl/ncas-lidar-dop-1_sterzing_wind_speed_dir_elev7_20250724.png

sent 1,185,108 bytes  received 114 bytes  2,370,444.00 bytes/sec
total size is 723,813,302  speedup is 610.70
sending incremental file list

sent 2,854 bytes  received 12 bytes  5,732.00 bytes/sec
total size is 21,424,516,745  speedup is 7,475,407.10
