
real	0m8.161s
user	0m2.004s
sys	0m0.923s

real	0m4.330s
user	0m1.948s
sys	0m0.890s

real	0m8.797s
user	0m3.364s
sys	0m1.501s

real	0m5.410s
user	0m3.293s
sys	0m1.152s
Traceback (most recent call last):
  File "/home/users/cjwalden/git/halo-teamx/plot_ppi_map_halo.py", line 1107, in process_single_file
    fig, ax = create_ppi_map_plot_offline(radar, field_name=field_name,
             ^^^^^^^^^^^^^^^^^^^^^^^^^^^^^^^^^^^^^^^^^^^^^^^^^^^^^^^^^
  File "/home/users/cjwalden/git/halo-teamx/plot_ppi_map_halo.py", line 686, in create_ppi_map_plot_offline
    field_data_padded = field_data
                        ^^^^^^^^^^
NameError: name 'field_data' is not defined
Traceback (most recent call last):
  File "/home/users/cjwalden/git/halo-teamx/plot_ppi_map_halo.py", line 1107, in process_single_file
    fig, ax = create_ppi_map_plot_offline(radar, field_name=field_name,
             ^^^^^^^^^^^^^^^^^^^^^^^^^^^^^^^^^^^^^^^^^^^^^^^^^^^^^^^^^
  File "/home/users/cjwalden/git/halo-teamx/plot_ppi_map_halo.py", line 686, in create_ppi_map_plot_offline
    field_data_padded = field_data
                        ^^^^^^^^^^
NameError: name 'field_data' is not defined
Traceback (most recent call last):
  File "/home/users/cjwalden/git/halo-teamx/plot_ppi_map_halo.py", line 1107, in process_single_file
    fig, ax = create_ppi_map_plot_offline(radar, field_name=field_name,
             ^^^^^^^^^^^^^^^^^^^^^^^^^^^^^^^^^^^^^^^^^^^^^^^^^^^^^^^^^
  File "/home/users/cjwalden/git/halo-teamx/plot_ppi_map_halo.py", line 686, in create_ppi_map_plot_offline
    field_data_padded = field_data
                        ^^^^^^^^^^
NameError: name 'field_data' is not defined
Traceback (most recent call last):
  File "/home/users/cjwalden/git/halo-teamx/plot_ppi_map_halo.py", line 1107, in process_single_file
    fig, ax = create_ppi_map_plot_offline(radar, field_name=field_name,
             ^^^^^^^^^^^^^^^^^^^^^^^^^^^^^^^^^^^^^^^^^^^^^^^^^^^^^^^^^
  File "/home/users/cjwalden/git/halo-teamx/plot_ppi_map_halo.py", line 686, in create_ppi_map_plot_offline
    field_data_padded = field_data
                        ^^^^^^^^^^
NameError: name 'field_data' is not defined
Traceback (most recent call last):
  File "/home/users/cjwalden/git/halo-teamx/plot_ppi_map_halo.py", line 1107, in process_single_file
    fig, ax = create_ppi_map_plot_offline(radar, field_name=field_name,
             ^^^^^^^^^^^^^^^^^^^^^^^^^^^^^^^^^^^^^^^^^^^^^^^^^^^^^^^^^
  File "/home/users/cjwalden/git/halo-teamx/plot_ppi_map_halo.py", line 686, in create_ppi_map_plot_offline
    field_data_padded = field_data
                        ^^^^^^^^^^
NameError: name 'field_data' is not defined
Traceback (most recent call last):
  File "/home/users/cjwalden/git/halo-teamx/plot_ppi_map_halo.py", line 1107, in process_single_file
    fig, ax = create_ppi_map_plot_offline(radar, field_name=field_name,
             ^^^^^^^^^^^^^^^^^^^^^^^^^^^^^^^^^^^^^^^^^^^^^^^^^^^^^^^^^
  File "/home/users/cjwalden/git/halo-teamx/plot_ppi_map_halo.py", line 686, in create_ppi_map_plot_offline
    field_data_padded = field_data
                        ^^^^^^^^^^
NameError: name 'field_data' is not defined
Traceback (most recent call last):
  File "/home/users/cjwalden/git/halo-teamx/plot_ppi_map_halo.py", line 1107, in process_single_file
    fig, ax = create_ppi_map_plot_offline(radar, field_name=field_name,
             ^^^^^^^^^^^^^^^^^^^^^^^^^^^^^^^^^^^^^^^^^^^^^^^^^^^^^^^^^
  File "/home/users/cjwalden/git/halo-teamx/plot_ppi_map_halo.py", line 686, in create_ppi_map_plot_offline
    field_data_padded = field_data
                        ^^^^^^^^^^
NameError: name 'field_data' is not defined
Traceback (most recent call last):
  File "/home/users/cjwalden/git/halo-teamx/plot_ppi_map_halo.py", line 1107, in process_single_file
    fig, ax = create_ppi_map_plot_offline(radar, field_name=field_name,
             ^^^^^^^^^^^^^^^^^^^^^^^^^^^^^^^^^^^^^^^^^^^^^^^^^^^^^^^^^
  File "/home/users/cjwalden/git/halo-teamx/plot_ppi_map_halo.py", line 686, in create_ppi_map_plot_offline
    field_data_padded = field_data
                        ^^^^^^^^^^
NameError: name 'field_data' is not defined
Traceback (most recent call last):
  File "/home/users/cjwalden/git/halo-teamx/plot_ppi_map_halo.py", line 1107, in process_single_file
    fig, ax = create_ppi_map_plot_offline(radar, field_name=field_name,
             ^^^^^^^^^^^^^^^^^^^^^^^^^^^^^^^^^^^^^^^^^^^^^^^^^^^^^^^^^
  File "/home/users/cjwalden/git/halo-teamx/plot_ppi_map_halo.py", line 686, in create_ppi_map_plot_offline
    field_data_padded = field_data
                        ^^^^^^^^^^
NameError: name 'field_data' is not defined
Traceback (most recent call last):
  File "/home/users/cjwalden/git/halo-teamx/plot_ppi_map_halo.py", line 1107, in process_single_file
    fig, ax = create_ppi_map_plot_offline(radar, field_name=field_name,
             ^^^^^^^^^^^^^^^^^^^^^^^^^^^^^^^^^^^^^^^^^^^^^^^^^^^^^^^^^
  File "/home/users/cjwalden/git/halo-teamx/plot_ppi_map_halo.py", line 686, in create_ppi_map_plot_offline
    field_data_padded = field_data
                        ^^^^^^^^^^
NameError: name 'field_data' is not defined
Traceback (most recent call last):
  File "/home/users/cjwalden/git/halo-teamx/plot_ppi_map_halo.py", line 1107, in process_single_file
    fig, ax = create_ppi_map_plot_offline(radar, field_name=field_name,
             ^^^^^^^^^^^^^^^^^^^^^^^^^^^^^^^^^^^^^^^^^^^^^^^^^^^^^^^^^
  File "/home/users/cjwalden/git/halo-teamx/plot_ppi_map_halo.py", line 686, in create_ppi_map_plot_offline
    field_data_padded = field_data
                        ^^^^^^^^^^
NameError: name 'field_data' is not defined
Traceback (most recent call last):
  File "/home/users/cjwalden/git/halo-teamx/plot_ppi_map_halo.py", line 1107, in process_single_file
    fig, ax = create_ppi_map_plot_offline(radar, field_name=field_name,
             ^^^^^^^^^^^^^^^^^^^^^^^^^^^^^^^^^^^^^^^^^^^^^^^^^^^^^^^^^
  File "/home/users/cjwalden/git/halo-teamx/plot_ppi_map_halo.py", line 686, in create_ppi_map_plot_offline
    field_data_padded = field_data
                        ^^^^^^^^^^
NameError: name 'field_data' is not defined
Traceback (most recent call last):
  File "/home/users/cjwalden/git/halo-teamx/plot_ppi_map_halo.py", line 1107, in process_single_file
    fig, ax = create_ppi_map_plot_offline(radar, field_name=field_name,
             ^^^^^^^^^^^^^^^^^^^^^^^^^^^^^^^^^^^^^^^^^^^^^^^^^^^^^^^^^
  File "/home/users/cjwalden/git/halo-teamx/plot_ppi_map_halo.py", line 686, in create_ppi_map_plot_offline
    field_data_padded = field_data
                        ^^^^^^^^^^
NameError: name 'field_data' is not defined
Traceback (most recent call last):
  File "/home/users/cjwalden/git/halo-teamx/plot_ppi_map_halo.py", line 1107, in process_single_file
    fig, ax = create_ppi_map_plot_offline(radar, field_name=field_name,
             ^^^^^^^^^^^^^^^^^^^^^^^^^^^^^^^^^^^^^^^^^^^^^^^^^^^^^^^^^
  File "/home/users/cjwalden/git/halo-teamx/plot_ppi_map_halo.py", line 686, in create_ppi_map_plot_offline
    field_data_padded = field_data
                        ^^^^^^^^^^
NameError: name 'field_data' is not defined
Traceback (most recent call last):
  File "/home/users/cjwalden/git/halo-teamx/plot_ppi_map_halo.py", line 1107, in process_single_file
    fig, ax = create_ppi_map_plot_offline(radar, field_name=field_name,
             ^^^^^^^^^^^^^^^^^^^^^^^^^^^^^^^^^^^^^^^^^^^^^^^^^^^^^^^^^
  File "/home/users/cjwalden/git/halo-teamx/plot_ppi_map_halo.py", line 686, in create_ppi_map_plot_offline
    field_data_padded = field_data
                        ^^^^^^^^^^
NameError: name 'field_data' is not defined
Traceback (most recent call last):
  File "/home/users/cjwalden/git/halo-teamx/plot_ppi_map_halo.py", line 1107, in process_single_file
    fig, ax = create_ppi_map_plot_offline(radar, field_name=field_name,
             ^^^^^^^^^^^^^^^^^^^^^^^^^^^^^^^^^^^^^^^^^^^^^^^^^^^^^^^^^
  File "/home/users/cjwalden/git/halo-teamx/plot_ppi_map_halo.py", line 686, in create_ppi_map_plot_offline
    field_data_padded = field_data
                        ^^^^^^^^^^
NameError: name 'field_data' is not defined
Traceback (most recent call last):
  File "/home/users/cjwalden/git/halo-teamx/plot_ppi_map_halo.py", line 1107, in process_single_file
    fig, ax = create_ppi_map_plot_offline(radar, field_name=field_name,
             ^^^^^^^^^^^^^^^^^^^^^^^^^^^^^^^^^^^^^^^^^^^^^^^^^^^^^^^^^
  File "/home/users/cjwalden/git/halo-teamx/plot_ppi_map_halo.py", line 686, in create_ppi_map_plot_offline
    field_data_padded = field_data
                        ^^^^^^^^^^
NameError: name 'field_data' is not defined
Traceback (most recent call last):
  File "/home/users/cjwalden/git/halo-teamx/plot_ppi_map_halo.py", line 1107, in process_single_file
    fig, ax = create_ppi_map_plot_offline(radar, field_name=field_name,
             ^^^^^^^^^^^^^^^^^^^^^^^^^^^^^^^^^^^^^^^^^^^^^^^^^^^^^^^^^
  File "/home/users/cjwalden/git/halo-teamx/plot_ppi_map_halo.py", line 686, in create_ppi_map_plot_offline
    field_data_padded = field_data
                        ^^^^^^^^^^
NameError: name 'field_data' is not defined
Traceback (most recent call last):
  File "/home/users/cjwalden/git/halo-teamx/plot_ppi_map_halo.py", line 1107, in process_single_file
    fig, ax = create_ppi_map_plot_offline(radar, field_name=field_name,
             ^^^^^^^^^^^^^^^^^^^^^^^^^^^^^^^^^^^^^^^^^^^^^^^^^^^^^^^^^
  File "/home/users/cjwalden/git/halo-teamx/plot_ppi_map_halo.py", line 686, in create_ppi_map_plot_offline
    field_data_padded = field_data
                        ^^^^^^^^^^
NameError: name 'field_data' is not defined
Traceback (most recent call last):
  File "/home/users/cjwalden/git/halo-teamx/plot_ppi_map_halo.py", line 1107, in process_single_file
    fig, ax = create_ppi_map_plot_offline(radar, field_name=field_name,
             ^^^^^^^^^^^^^^^^^^^^^^^^^^^^^^^^^^^^^^^^^^^^^^^^^^^^^^^^^
  File "/home/users/cjwalden/git/halo-teamx/plot_ppi_map_halo.py", line 686, in create_ppi_map_plot_offline
    field_data_padded = field_data
                        ^^^^^^^^^^
NameError: name 'field_data' is not defined
Traceback (most recent call last):
  File "/home/users/cjwalden/git/halo-teamx/plot_ppi_map_halo.py", line 1107, in process_single_file
    fig, ax = create_ppi_map_plot_offline(radar, field_name=field_name,
             ^^^^^^^^^^^^^^^^^^^^^^^^^^^^^^^^^^^^^^^^^^^^^^^^^^^^^^^^^
  File "/home/users/cjwalden/git/halo-teamx/plot_ppi_map_halo.py", line 686, in create_ppi_map_plot_offline
    field_data_padded = field_data
                        ^^^^^^^^^^
NameError: name 'field_data' is not defined
Traceback (most recent call last):
  File "/home/users/cjwalden/git/halo-teamx/plot_ppi_map_halo.py", line 1107, in process_single_file
    fig, ax = create_ppi_map_plot_offline(radar, field_name=field_name,
             ^^^^^^^^^^^^^^^^^^^^^^^^^^^^^^^^^^^^^^^^^^^^^^^^^^^^^^^^^
  File "/home/users/cjwalden/git/halo-teamx/plot_ppi_map_halo.py", line 686, in create_ppi_map_plot_offline
    field_data_padded = field_data
                        ^^^^^^^^^^
NameError: name 'field_data' is not defined
Traceback (most recent call last):
  File "/home/users/cjwalden/git/halo-teamx/plot_ppi_map_halo.py", line 1107, in process_single_file
    fig, ax = create_ppi_map_plot_offline(radar, field_name=field_name,
             ^^^^^^^^^^^^^^^^^^^^^^^^^^^^^^^^^^^^^^^^^^^^^^^^^^^^^^^^^
  File "/home/users/cjwalden/git/halo-teamx/plot_ppi_map_halo.py", line 686, in create_ppi_map_plot_offline
    field_data_padded = field_data
                        ^^^^^^^^^^
NameError: name 'field_data' is not defined
Traceback (most recent call last):
  File "/home/users/cjwalden/git/halo-teamx/plot_ppi_map_halo.py", line 1107, in process_single_file
    fig, ax = create_ppi_map_plot_offline(radar, field_name=field_name,
             ^^^^^^^^^^^^^^^^^^^^^^^^^^^^^^^^^^^^^^^^^^^^^^^^^^^^^^^^^
  File "/home/users/cjwalden/git/halo-teamx/plot_ppi_map_halo.py", line 686, in create_ppi_map_plot_offline
    field_data_padded = field_data
                        ^^^^^^^^^^
NameError: name 'field_data' is not defined
Traceback (most recent call last):
  File "/home/users/cjwalden/git/halo-teamx/plot_ppi_map_halo.py", line 1107, in process_single_file
    fig, ax = create_ppi_map_plot_offline(radar, field_name=field_name,
             ^^^^^^^^^^^^^^^^^^^^^^^^^^^^^^^^^^^^^^^^^^^^^^^^^^^^^^^^^
  File "/home/users/cjwalden/git/halo-teamx/plot_ppi_map_halo.py", line 686, in create_ppi_map_plot_offline
    field_data_padded = field_data
                        ^^^^^^^^^^
NameError: name 'field_data' is not defined
Traceback (most recent call last):
  File "/home/users/cjwalden/git/halo-teamx/plot_ppi_map_halo.py", line 1107, in process_single_file
    fig, ax = create_ppi_map_plot_offline(radar, field_name=field_name,
             ^^^^^^^^^^^^^^^^^^^^^^^^^^^^^^^^^^^^^^^^^^^^^^^^^^^^^^^^^
  File "/home/users/cjwalden/git/halo-teamx/plot_ppi_map_halo.py", line 686, in create_ppi_map_plot_offline
    field_data_padded = field_data
                        ^^^^^^^^^^
NameError: name 'field_data' is not defined
Traceback (most recent call last):
  File "/home/users/cjwalden/git/halo-teamx/plot_ppi_map_halo.py", line 1107, in process_single_file
    fig, ax = create_ppi_map_plot_offline(radar, field_name=field_name,
             ^^^^^^^^^^^^^^^^^^^^^^^^^^^^^^^^^^^^^^^^^^^^^^^^^^^^^^^^^
  File "/home/users/cjwalden/git/halo-teamx/plot_ppi_map_halo.py", line 686, in create_ppi_map_plot_offline
    field_data_padded = field_data
                        ^^^^^^^^^^
NameError: name 'field_data' is not defined
Traceback (most recent call last):
  File "/home/users/cjwalden/git/halo-teamx/plot_ppi_map_halo.py", line 1107, in process_single_file
    fig, ax = create_ppi_map_plot_offline(radar, field_name=field_name,
             ^^^^^^^^^^^^^^^^^^^^^^^^^^^^^^^^^^^^^^^^^^^^^^^^^^^^^^^^^
  File "/home/users/cjwalden/git/halo-teamx/plot_ppi_map_halo.py", line 686, in create_ppi_map_plot_offline
    field_data_padded = field_data
                        ^^^^^^^^^^
NameError: name 'field_data' is not defined
Traceback (most recent call last):
  File "/home/users/cjwalden/git/halo-teamx/plot_ppi_map_halo.py", line 1107, in process_single_file
    fig, ax = create_ppi_map_plot_offline(radar, field_name=field_name,
             ^^^^^^^^^^^^^^^^^^^^^^^^^^^^^^^^^^^^^^^^^^^^^^^^^^^^^^^^^
  File "/home/users/cjwalden/git/halo-teamx/plot_ppi_map_halo.py", line 686, in create_ppi_map_plot_offline
    field_data_padded = field_data
                        ^^^^^^^^^^
NameError: name 'field_data' is not defined
Traceback (most recent call last):
  File "/home/users/cjwalden/git/halo-teamx/plot_ppi_map_halo.py", line 1107, in process_single_file
    fig, ax = create_ppi_map_plot_offline(radar, field_name=field_name,
             ^^^^^^^^^^^^^^^^^^^^^^^^^^^^^^^^^^^^^^^^^^^^^^^^^^^^^^^^^
  File "/home/users/cjwalden/git/halo-teamx/plot_ppi_map_halo.py", line 686, in create_ppi_map_plot_offline
    field_data_padded = field_data
                        ^^^^^^^^^^
NameError: name 'field_data' is not defined
Traceback (most recent call last):
  File "/home/users/cjwalden/git/halo-teamx/plot_ppi_map_halo.py", line 1107, in process_single_file
    fig, ax = create_ppi_map_plot_offline(radar, field_name=field_name,
             ^^^^^^^^^^^^^^^^^^^^^^^^^^^^^^^^^^^^^^^^^^^^^^^^^^^^^^^^^
  File "/home/users/cjwalden/git/halo-teamx/plot_ppi_map_halo.py", line 686, in create_ppi_map_plot_offline
    field_data_padded = field_data
                        ^^^^^^^^^^
NameError: name 'field_data' is not defined
Traceback (most recent call last):
  File "/home/users/cjwalden/git/halo-teamx/plot_ppi_map_halo.py", line 1107, in process_single_file
    fig, ax = create_ppi_map_plot_offline(radar, field_name=field_name,
             ^^^^^^^^^^^^^^^^^^^^^^^^^^^^^^^^^^^^^^^^^^^^^^^^^^^^^^^^^
  File "/home/users/cjwalden/git/halo-teamx/plot_ppi_map_halo.py", line 686, in create_ppi_map_plot_offline
    field_data_padded = field_data
                        ^^^^^^^^^^
NameError: name 'field_data' is not defined
Traceback (most recent call last):
  File "/home/users/cjwalden/git/halo-teamx/plot_ppi_map_halo.py", line 1107, in process_single_file
    fig, ax = create_ppi_map_plot_offline(radar, field_name=field_name,
             ^^^^^^^^^^^^^^^^^^^^^^^^^^^^^^^^^^^^^^^^^^^^^^^^^^^^^^^^^
  File "/home/users/cjwalden/git/halo-teamx/plot_ppi_map_halo.py", line 686, in create_ppi_map_plot_offline
    field_data_padded = field_data
                        ^^^^^^^^^^
NameError: name 'field_data' is not defined
Traceback (most recent call last):
  File "/home/users/cjwalden/git/halo-teamx/plot_ppi_map_halo.py", line 1107, in process_single_file
    fig, ax = create_ppi_map_plot_offline(radar, field_name=field_name,
             ^^^^^^^^^^^^^^^^^^^^^^^^^^^^^^^^^^^^^^^^^^^^^^^^^^^^^^^^^
  File "/home/users/cjwalden/git/halo-teamx/plot_ppi_map_halo.py", line 686, in create_ppi_map_plot_offline
    field_data_padded = field_data
                        ^^^^^^^^^^
NameError: name 'field_data' is not defined
Traceback (most recent call last):
  File "/home/users/cjwalden/git/halo-teamx/plot_ppi_map_halo.py", line 1107, in process_single_file
    fig, ax = create_ppi_map_plot_offline(radar, field_name=field_name,
             ^^^^^^^^^^^^^^^^^^^^^^^^^^^^^^^^^^^^^^^^^^^^^^^^^^^^^^^^^
  File "/home/users/cjwalden/git/halo-teamx/plot_ppi_map_halo.py", line 686, in create_ppi_map_plot_offline
    field_data_padded = field_data
                        ^^^^^^^^^^
NameError: name 'field_data' is not defined
Traceback (most recent call last):
  File "/home/users/cjwalden/git/halo-teamx/plot_ppi_map_halo.py", line 1107, in process_single_file
    fig, ax = create_ppi_map_plot_offline(radar, field_name=field_name,
             ^^^^^^^^^^^^^^^^^^^^^^^^^^^^^^^^^^^^^^^^^^^^^^^^^^^^^^^^^
  File "/home/users/cjwalden/git/halo-teamx/plot_ppi_map_halo.py", line 686, in create_ppi_map_plot_offline
    field_data_padded = field_data
                        ^^^^^^^^^^
NameError: name 'field_data' is not defined
Traceback (most recent call last):
  File "/home/users/cjwalden/git/halo-teamx/plot_ppi_map_halo.py", line 1107, in process_single_file
    fig, ax = create_ppi_map_plot_offline(radar, field_name=field_name,
             ^^^^^^^^^^^^^^^^^^^^^^^^^^^^^^^^^^^^^^^^^^^^^^^^^^^^^^^^^
  File "/home/users/cjwalden/git/halo-teamx/plot_ppi_map_halo.py", line 686, in create_ppi_map_plot_offline
    field_data_padded = field_data
                        ^^^^^^^^^^
NameError: name 'field_data' is not defined
Traceback (most recent call last):
  File "/home/users/cjwalden/git/halo-teamx/plot_ppi_map_halo.py", line 1107, in process_single_file
    fig, ax = create_ppi_map_plot_offline(radar, field_name=field_name,
             ^^^^^^^^^^^^^^^^^^^^^^^^^^^^^^^^^^^^^^^^^^^^^^^^^^^^^^^^^
  File "/home/users/cjwalden/git/halo-teamx/plot_ppi_map_halo.py", line 686, in create_ppi_map_plot_offline
    field_data_padded = field_data
                        ^^^^^^^^^^
NameError: name 'field_data' is not defined
Traceback (most recent call last):
  File "/home/users/cjwalden/git/halo-teamx/plot_ppi_map_halo.py", line 1107, in process_single_file
    fig, ax = create_ppi_map_plot_offline(radar, field_name=field_name,
             ^^^^^^^^^^^^^^^^^^^^^^^^^^^^^^^^^^^^^^^^^^^^^^^^^^^^^^^^^
  File "/home/users/cjwalden/git/halo-teamx/plot_ppi_map_halo.py", line 686, in create_ppi_map_plot_offline
    field_data_padded = field_data
                        ^^^^^^^^^^
NameError: name 'field_data' is not defined
Traceback (most recent call last):
  File "/home/users/cjwalden/git/halo-teamx/plot_ppi_map_halo.py", line 1107, in process_single_file
    fig, ax = create_ppi_map_plot_offline(radar, field_name=field_name,
             ^^^^^^^^^^^^^^^^^^^^^^^^^^^^^^^^^^^^^^^^^^^^^^^^^^^^^^^^^
  File "/home/users/cjwalden/git/halo-teamx/plot_ppi_map_halo.py", line 686, in create_ppi_map_plot_offline
    field_data_padded = field_data
                        ^^^^^^^^^^
NameError: name 'field_data' is not defined
Traceback (most recent call last):
  File "/home/users/cjwalden/git/halo-teamx/plot_ppi_map_halo.py", line 1107, in process_single_file
    fig, ax = create_ppi_map_plot_offline(radar, field_name=field_name,
             ^^^^^^^^^^^^^^^^^^^^^^^^^^^^^^^^^^^^^^^^^^^^^^^^^^^^^^^^^
  File "/home/users/cjwalden/git/halo-teamx/plot_ppi_map_halo.py", line 686, in create_ppi_map_plot_offline
    field_data_padded = field_data
                        ^^^^^^^^^^
NameError: name 'field_data' is not defined
Traceback (most recent call last):
  File "/home/users/cjwalden/git/halo-teamx/plot_ppi_map_halo.py", line 1107, in process_single_file
    fig, ax = create_ppi_map_plot_offline(radar, field_name=field_name,
             ^^^^^^^^^^^^^^^^^^^^^^^^^^^^^^^^^^^^^^^^^^^^^^^^^^^^^^^^^
  File "/home/users/cjwalden/git/halo-teamx/plot_ppi_map_halo.py", line 686, in create_ppi_map_plot_offline
    field_data_padded = field_data
                        ^^^^^^^^^^
NameError: name 'field_data' is not defined

real	0m4.235s
user	0m2.530s
sys	0m0.563s
