Processing elevation 7 for 20250727
Filtering files for elevation angle: 7.0°
Processing file: User5_18_20250727_000014.hpl, time: 000014
  Skipping: User5_18_20250727_000014.hpl (elevation: 75.0° != 7.0°)
Processing file: User5_18_20250727_010014.hpl, time: 010014
  Skipping: User5_18_20250727_010014.hpl (elevation: 75.0° != 7.0°)
Processing file: User5_18_20250727_003001.hpl, time: 003001
  Skipping: User5_18_20250727_003001.hpl (elevation: 75.0° != 7.0°)
Processing file: User5_18_20250727_001500.hpl, time: 001500
  Including: User5_18_20250727_001500.hpl (elevation: 7.0°)
Processing file: User5_18_20250727_004501.hpl, time: 004501
  Including: User5_18_20250727_004501.hpl (elevation: 7.0°)
Processing file: User5_18_20250727_020014.hpl, time: 020014
  Skipping: User5_18_20250727_020014.hpl (elevation: 75.0° != 7.0°)
Processing file: User5_18_20250727_013001.hpl, time: 013001
  Skipping: User5_18_20250727_013001.hpl (elevation: 75.0° != 7.0°)
Processing file: User5_18_20250727_014501.hpl, time: 014501
  Including: User5_18_20250727_014501.hpl (elevation: 7.0°)
Processing file: User5_18_20250727_011500.hpl, time: 011500
  Including: User5_18_20250727_011500.hpl (elevation: 7.0°)
Processing file: User5_18_20250727_030016.hpl, time: 030016
  Skipping: User5_18_20250727_030016.hpl (elevation: 75.0° != 7.0°)
Processing file: User5_18_20250727_023001.hpl, time: 023001
  Skipping: User5_18_20250727_023001.hpl (elevation: 75.0° != 7.0°)
Processing file: User5_18_20250727_021500.hpl, time: 021500
  Including: User5_18_20250727_021500.hpl (elevation: 7.0°)
Processing file: User5_18_20250727_024500.hpl, time: 024500
  Including: User5_18_20250727_024500.hpl (elevation: 7.0°)
Processing file: User5_18_20250727_040014.hpl, time: 040014
  Skipping: User5_18_20250727_040014.hpl (elevation: 75.0° != 7.0°)
Processing file: User5_18_20250727_033001.hpl, time: 033001
  Skipping: User5_18_20250727_033001.hpl (elevation: 75.0° != 7.0°)
Processing file: User5_18_20250727_031500.hpl, time: 031500
  Including: User5_18_20250727_031500.hpl (elevation: 7.0°)
Processing file: User5_18_20250727_034501.hpl, time: 034501
  Including: User5_18_20250727_034501.hpl (elevation: 7.0°)
Processing file: User5_18_20250727_050014.hpl, time: 050014
  Skipping: User5_18_20250727_050014.hpl (elevation: 75.0° != 7.0°)
Processing file: User5_18_20250727_043001.hpl, time: 043001
  Skipping: User5_18_20250727_043001.hpl (elevation: 75.0° != 7.0°)
Processing file: User5_18_20250727_041500.hpl, time: 041500
  Including: User5_18_20250727_041500.hpl (elevation: 7.0°)
Processing file: User5_18_20250727_044501.hpl, time: 044501
  Including: User5_18_20250727_044501.hpl (elevation: 7.0°)
Processing file: User5_18_20250727_053001.hpl, time: 053001
  Skipping: User5_18_20250727_053001.hpl (elevation: 75.0° != 7.0°)
Processing file: User5_18_20250727_060014.hpl, time: 060014
  Skipping: User5_18_20250727_060014.hpl (elevation: 75.0° != 7.0°)
Processing file: User5_18_20250727_054501.hpl, time: 054501
  Including: User5_18_20250727_054501.hpl (elevation: 7.0°)
Processing file: User5_18_20250727_051500.hpl, time: 051500
  Including: User5_18_20250727_051500.hpl (elevation: 7.0°)
Processing file: User5_18_20250727_063001.hpl, time: 063001
  Skipping: User5_18_20250727_063001.hpl (elevation: 75.0° != 7.0°)
Processing file: User5_18_20250727_070014.hpl, time: 070014
  Skipping: User5_18_20250727_070014.hpl (elevation: 75.0° != 7.0°)
Processing file: User5_18_20250727_064502.hpl, time: 064502
  Including: User5_18_20250727_064502.hpl (elevation: 7.0°)
Processing file: User5_18_20250727_061500.hpl, time: 061500
  Including: User5_18_20250727_061500.hpl (elevation: 7.0°)
Selected 14 files out of 29 total files
VAD files: 14
Background files: 8

DEBUG: Analyzing selected VAD files for wind processing compatibility...
Loaded 14 data objects
  File 1: elevation=7.0°, azimuth_count=24, scan_type=007VAD - stepped
  File 2: elevation=7.0°, azimuth_count=24, scan_type=007VAD - stepped
  File 3: elevation=7.0°, azimuth_count=24, scan_type=007VAD - stepped
  File 4: elevation=7.0°, azimuth_count=24, scan_type=007VAD - stepped
  File 5: elevation=7.0°, azimuth_count=24, scan_type=007VAD - stepped
  File 6: elevation=7.0°, azimuth_count=24, scan_type=007VAD - stepped
  File 7: elevation=7.0°, azimuth_count=24, scan_type=007VAD - stepped
  File 8: elevation=7.0°, azimuth_count=24, scan_type=007VAD - stepped
  File 9: elevation=7.0°, azimuth_count=24, scan_type=007VAD - stepped
  File 10: elevation=7.0°, azimuth_count=24, scan_type=007VAD - stepped
  File 11: elevation=7.0°, azimuth_count=24, scan_type=007VAD - stepped
  File 12: elevation=7.0°, azimuth_count=24, scan_type=007VAD - stepped
  File 13: elevation=7.0°, azimuth_count=24, scan_type=007VAD - stepped
  File 14: elevation=7.0°, azimuth_count=24, scan_type=007VAD - stepped

DOPPY Wind Processing Requirements Check:
  Elevation angles found: {7.0}
  Multiple elevations: False
  Elevation >= 80°: False
  Elevation <= 4°: False
  Azimuth counts: [24, 24, 24, 24, 24, 24, 24, 24, 24, 24, 24, 24, 24, 24]
  Any scan with <= 3 azimuths: False

Files appear compatible with doppy wind processing. Proceeding...
Selecting raws for wind from 14 total raws
Raw #0, Elevation angles: {7}, Azimuth angles: {0, 135, 270, 15, 150, 285, 30, 165, 300, 45, 180, 315, 60, 195, 330, 75, 210, 345, 90, 225, 105, 240, 120, 255}
Raw #1, Elevation angles: {7}, Azimuth angles: {0, 135, 270, 15, 150, 285, 30, 165, 300, 45, 180, 315, 60, 195, 330, 75, 210, 345, 90, 225, 105, 240, 120, 255}
Raw #2, Elevation angles: {7}, Azimuth angles: {0, 135, 270, 15, 150, 285, 30, 165, 300, 45, 180, 315, 60, 195, 330, 75, 210, 345, 90, 225, 105, 240, 120, 255}
Raw #3, Elevation angles: {7}, Azimuth angles: {0, 135, 270, 15, 150, 285, 30, 165, 300, 45, 180, 315, 60, 195, 330, 75, 210, 345, 90, 225, 105, 240, 120, 255}
Raw #4, Elevation angles: {7}, Azimuth angles: {0, 135, 270, 15, 150, 285, 30, 165, 300, 45, 180, 315, 60, 195, 330, 75, 210, 345, 90, 225, 105, 240, 120, 255}
Raw #5, Elevation angles: {7}, Azimuth angles: {0, 135, 270, 15, 150, 285, 30, 165, 300, 45, 180, 315, 60, 195, 330, 75, 210, 345, 90, 225, 105, 240, 120, 255}
Raw #6, Elevation angles: {7}, Azimuth angles: {0, 135, 270, 15, 150, 285, 30, 165, 300, 45, 180, 315, 60, 195, 330, 75, 210, 345, 90, 225, 105, 240, 120, 255}
Raw #7, Elevation angles: {7}, Azimuth angles: {0, 135, 270, 15, 150, 285, 30, 165, 300, 45, 180, 315, 60, 195, 330, 75, 210, 345, 90, 225, 105, 240, 120, 255}
Raw #8, Elevation angles: {7}, Azimuth angles: {0, 135, 270, 15, 150, 285, 30, 165, 300, 45, 180, 315, 60, 195, 330, 75, 210, 345, 90, 225, 105, 240, 120, 255}
Raw #9, Elevation angles: {7}, Azimuth angles: {0, 135, 270, 15, 150, 285, 30, 165, 300, 45, 180, 315, 60, 195, 330, 75, 210, 345, 90, 225, 105, 240, 120, 255}
Raw #10, Elevation angles: {7}, Azimuth angles: {0, 135, 270, 15, 150, 285, 30, 165, 300, 45, 180, 315, 60, 195, 330, 75, 210, 345, 90, 225, 105, 240, 120, 255}
Raw #11, Elevation angles: {7}, Azimuth angles: {0, 135, 270, 15, 150, 285, 30, 165, 300, 45, 180, 315, 60, 195, 330, 75, 210, 345, 90, 225, 105, 240, 120, 255}
Raw #12, Elevation angles: {7}, Azimuth angles: {0, 135, 270, 15, 150, 285, 30, 165, 300, 45, 180, 315, 60, 195, 330, 75, 210, 345, 90, 225, 105, 240, 120, 255}
Raw #13, Elevation angles: {7}, Azimuth angles: {0, 135, 270, 15, 150, 285, 30, 165, 300, 45, 180, 315, 60, 195, 330, 75, 210, 345, 90, 225, 105, 240, 120, 255}
  Using dominant elevation 7° (24 points)
  Using dominant elevation 7° (24 points)
  Using dominant elevation 7° (24 points)
  Using dominant elevation 7° (24 points)
  Using dominant elevation 7° (24 points)
  Using dominant elevation 7° (24 points)
  Using dominant elevation 7° (24 points)
  Using dominant elevation 7° (24 points)
  Using dominant elevation 7° (24 points)
  Using dominant elevation 7° (24 points)
  Using dominant elevation 7° (24 points)
  Using dominant elevation 7° (24 points)
  Using dominant elevation 7° (24 points)
  Using dominant elevation 7° (24 points)
Writing output to: /gws/pw/j07/ncas_obs_vol1/amf/processing/ncas-lidar-dop-1/20250603_teamx/doppy_processed/ncas-lidar-dop-1_20250727_wind_elev7_v1.0.nc
Processing complete!
Processing elevation 75 for 20250727
Filtering files for elevation angle: 75.0°
Processing file: User5_18_20250727_000014.hpl, time: 000014
  Including: User5_18_20250727_000014.hpl (elevation: 75.0°)
Processing file: User5_18_20250727_010014.hpl, time: 010014
  Including: User5_18_20250727_010014.hpl (elevation: 75.0°)
Processing file: User5_18_20250727_003001.hpl, time: 003001
  Including: User5_18_20250727_003001.hpl (elevation: 75.0°)
Processing file: User5_18_20250727_001500.hpl, time: 001500
  Skipping: User5_18_20250727_001500.hpl (elevation: 7.0° != 75.0°)
Processing file: User5_18_20250727_004501.hpl, time: 004501
  Skipping: User5_18_20250727_004501.hpl (elevation: 7.0° != 75.0°)
Processing file: User5_18_20250727_020014.hpl, time: 020014
  Including: User5_18_20250727_020014.hpl (elevation: 75.0°)
Processing file: User5_18_20250727_013001.hpl, time: 013001
  Including: User5_18_20250727_013001.hpl (elevation: 75.0°)
Processing file: User5_18_20250727_014501.hpl, time: 014501
  Skipping: User5_18_20250727_014501.hpl (elevation: 7.0° != 75.0°)
Processing file: User5_18_20250727_011500.hpl, time: 011500
  Skipping: User5_18_20250727_011500.hpl (elevation: 7.0° != 75.0°)
Processing file: User5_18_20250727_030016.hpl, time: 030016
  Including: User5_18_20250727_030016.hpl (elevation: 75.0°)
Processing file: User5_18_20250727_023001.hpl, time: 023001
  Including: User5_18_20250727_023001.hpl (elevation: 75.0°)
Processing file: User5_18_20250727_021500.hpl, time: 021500
  Skipping: User5_18_20250727_021500.hpl (elevation: 7.0° != 75.0°)
Processing file: User5_18_20250727_024500.hpl, time: 024500
  Skipping: User5_18_20250727_024500.hpl (elevation: 7.0° != 75.0°)
Processing file: User5_18_20250727_040014.hpl, time: 040014
  Including: User5_18_20250727_040014.hpl (elevation: 75.0°)
Processing file: User5_18_20250727_033001.hpl, time: 033001
  Including: User5_18_20250727_033001.hpl (elevation: 75.0°)
Processing file: User5_18_20250727_031500.hpl, time: 031500
  Skipping: User5_18_20250727_031500.hpl (elevation: 7.0° != 75.0°)
Processing file: User5_18_20250727_034501.hpl, time: 034501
  Skipping: User5_18_20250727_034501.hpl (elevation: 7.0° != 75.0°)
Processing file: User5_18_20250727_050014.hpl, time: 050014
  Including: User5_18_20250727_050014.hpl (elevation: 75.0°)
Processing file: User5_18_20250727_043001.hpl, time: 043001
  Including: User5_18_20250727_043001.hpl (elevation: 75.0°)
Processing file: User5_18_20250727_041500.hpl, time: 041500
  Skipping: User5_18_20250727_041500.hpl (elevation: 7.0° != 75.0°)
Processing file: User5_18_20250727_044501.hpl, time: 044501
  Skipping: User5_18_20250727_044501.hpl (elevation: 7.0° != 75.0°)
Processing file: User5_18_20250727_053001.hpl, time: 053001
  Including: User5_18_20250727_053001.hpl (elevation: 75.0°)
Processing file: User5_18_20250727_060014.hpl, time: 060014
  Including: User5_18_20250727_060014.hpl (elevation: 75.0°)
Processing file: User5_18_20250727_054501.hpl, time: 054501
  Skipping: User5_18_20250727_054501.hpl (elevation: 7.0° != 75.0°)
Processing file: User5_18_20250727_051500.hpl, time: 051500
  Skipping: User5_18_20250727_051500.hpl (elevation: 7.0° != 75.0°)
Processing file: User5_18_20250727_063001.hpl, time: 063001
  Including: User5_18_20250727_063001.hpl (elevation: 75.0°)
Processing file: User5_18_20250727_070014.hpl, time: 070014
  Including: User5_18_20250727_070014.hpl (elevation: 75.0°)
Processing file: User5_18_20250727_064502.hpl, time: 064502
  Skipping: User5_18_20250727_064502.hpl (elevation: 7.0° != 75.0°)
Processing file: User5_18_20250727_061500.hpl, time: 061500
  Skipping: User5_18_20250727_061500.hpl (elevation: 7.0° != 75.0°)
Selected 15 files out of 29 total files
VAD files: 15
Background files: 8

DEBUG: Analyzing selected VAD files for wind processing compatibility...
Loaded 15 data objects
  File 1: elevation=75.0°, azimuth_count=24, scan_type=075VAD - stepped
  File 2: elevation=75.0°, azimuth_count=25, scan_type=075VAD - stepped
  File 3: elevation=75.0°, azimuth_count=25, scan_type=075VAD - stepped
  File 4: elevation=75.0°, azimuth_count=24, scan_type=075VAD - stepped
  File 5: elevation=75.0°, azimuth_count=24, scan_type=075VAD - stepped
  File 6: elevation=75.0°, azimuth_count=24, scan_type=075VAD - stepped
  File 7: elevation=75.0°, azimuth_count=24, scan_type=075VAD - stepped
  File 8: elevation=75.0°, azimuth_count=25, scan_type=075VAD - stepped
  File 9: elevation=75.0°, azimuth_count=24, scan_type=075VAD - stepped
  File 10: elevation=75.0°, azimuth_count=24, scan_type=075VAD - stepped
  File 11: elevation=75.0°, azimuth_count=25, scan_type=075VAD - stepped
  File 12: elevation=75.0°, azimuth_count=24, scan_type=075VAD - stepped
  File 13: elevation=75.0°, azimuth_count=25, scan_type=075VAD - stepped
  File 14: elevation=75.0°, azimuth_count=25, scan_type=075VAD - stepped
  File 15: elevation=75.0°, azimuth_count=24, scan_type=075VAD - stepped

DOPPY Wind Processing Requirements Check:
  Elevation angles found: {75.0}
  Multiple elevations: False
  Elevation >= 80°: False
  Elevation <= 4°: False
  Azimuth counts: [24, 25, 25, 24, 24, 24, 24, 25, 24, 24, 25, 24, 25, 25, 24]
  Any scan with <= 3 azimuths: False

Files appear compatible with doppy wind processing. Proceeding...
Selecting raws for wind from 15 total raws
Raw #0, Elevation angles: {75}, Azimuth angles: {0, 135, 270, 15, 150, 285, 30, 165, 300, 45, 180, 315, 60, 195, 330, 75, 210, 345, 90, 225, 105, 240, 120, 255}
Raw #1, Elevation angles: {75}, Azimuth angles: {0, 135, 270, 15, 150, 285, 30, 165, 300, 45, 180, 315, 60, 195, 330, 75, 210, 345, 90, 225, 105, 240, 120, 255}
Raw #2, Elevation angles: {75}, Azimuth angles: {0, 135, 270, 15, 150, 285, 30, 165, 300, 45, 180, 315, 60, 195, 330, 75, 210, 345, 90, 225, 105, 240, 120, 255}
Raw #3, Elevation angles: {75}, Azimuth angles: {0, 135, 270, 15, 150, 285, 30, 165, 300, 45, 180, 315, 60, 195, 330, 75, 210, 345, 90, 225, 105, 240, 120, 255}
Raw #4, Elevation angles: {75}, Azimuth angles: {0, 135, 270, 15, 150, 285, 30, 165, 300, 45, 180, 315, 60, 195, 330, 75, 210, 345, 90, 225, 105, 240, 120, 255}
Raw #5, Elevation angles: {75}, Azimuth angles: {0, 135, 270, 15, 150, 285, 30, 165, 300, 45, 180, 315, 60, 195, 330, 75, 210, 345, 90, 225, 105, 240, 120, 255}
Raw #6, Elevation angles: {75}, Azimuth angles: {0, 135, 270, 15, 150, 285, 30, 165, 300, 45, 180, 315, 60, 195, 330, 75, 210, 345, 90, 225, 105, 240, 120, 255}
Raw #7, Elevation angles: {75}, Azimuth angles: {0, 135, 270, 15, 150, 285, 30, 165, 300, 45, 180, 315, 60, 195, 330, 75, 210, 345, 90, 225, 105, 240, 120, 255}
Raw #8, Elevation angles: {75}, Azimuth angles: {0, 135, 270, 15, 150, 285, 30, 165, 300, 45, 180, 315, 60, 195, 330, 75, 210, 345, 90, 225, 105, 240, 120, 255}
Raw #9, Elevation angles: {75}, Azimuth angles: {0, 135, 270, 15, 150, 285, 30, 165, 300, 45, 180, 315, 60, 195, 330, 75, 210, 345, 90, 225, 105, 240, 120, 255}
Raw #10, Elevation angles: {75}, Azimuth angles: {0, 135, 270, 15, 150, 285, 30, 165, 300, 45, 180, 315, 60, 195, 330, 75, 210, 345, 90, 225, 105, 240, 120, 255}
Raw #11, Elevation angles: {75}, Azimuth angles: {0, 135, 270, 15, 150, 285, 30, 165, 300, 45, 180, 315, 60, 195, 330, 75, 210, 345, 90, 225, 105, 240, 120, 255}
Raw #12, Elevation angles: {75}, Azimuth angles: {0, 135, 270, 15, 150, 285, 30, 165, 300, 45, 180, 315, 60, 195, 330, 75, 210, 345, 90, 225, 105, 240, 120, 255}
Raw #13, Elevation angles: {75}, Azimuth angles: {0, 135, 270, 15, 150, 285, 30, 165, 300, 45, 180, 315, 60, 195, 330, 75, 210, 345, 90, 225, 105, 240, 120, 255}
Raw #14, Elevation angles: {75}, Azimuth angles: {0, 135, 270, 15, 150, 285, 30, 165, 300, 45, 180, 315, 60, 195, 330, 75, 210, 345, 90, 225, 105, 240, 120, 255}
  Using dominant elevation 75° (25 points)
  Using dominant elevation 75° (25 points)
  Using dominant elevation 75° (25 points)
  Using dominant elevation 75° (25 points)
  Using dominant elevation 75° (25 points)
  Using dominant elevation 75° (25 points)
  Using dominant elevation 75° (25 points)
  Using dominant elevation 75° (25 points)
  Using dominant elevation 75° (25 points)
  Using dominant elevation 75° (25 points)
  Using dominant elevation 75° (25 points)
  Using dominant elevation 75° (25 points)
  Using dominant elevation 75° (25 points)
  Using dominant elevation 75° (25 points)
  Using dominant elevation 75° (25 points)
Writing output to: /gws/pw/j07/ncas_obs_vol1/amf/processing/ncas-lidar-dop-1/20250603_teamx/doppy_processed/ncas-lidar-dop-1_20250727_wind_elev75_v1.0.nc
Processing complete!
Quicklook for elevation 7 for 20250727

## You are using the Python ARM Radar Toolkit (Py-ART), an open source
## library for working with weather radar data. Py-ART is partly
## supported by the U.S. Department of Energy as part of the Atmospheric
## Radiation Measurement (ARM) Climate Research Facility, an Office of
## Science user facility.
##
## If you use this software to prepare a publication, please cite:
##
##     JJ Helmus and SM Collis, JORS 2016, doi: 10.5334/jors.119

Using file: /gws/pw/j07/ncas_obs_vol1/amf/processing/ncas-lidar-dop-1/20250603_teamx/doppy_processed/ncas-lidar-dop-1_20250727_wind_elev7_v1.0.nc
Successfully opened: /gws/pw/j07/ncas_obs_vol1/amf/processing/ncas-lidar-dop-1/20250603_teamx/doppy_processed/ncas-lidar-dop-1_20250727_wind_elev7_v1.0.nc
Variables in file: ['time', 'height', 'uwind_raw', 'uwind', 'vwind_raw', 'vwind', 'wwind_raw', 'wwind', 'azimuth_offset']
Using height limit of 0.6 km for 7° elevation
Using boundary layer subdirectory for 7° elevation
Saving plot to: /gws/pw/j07/ncas_obs_vol1/amf/processing/ncas-lidar-dop-1/20250603_teamx/doppy_processed/quicklooks/wind_bl/ncas-lidar-dop-1_sterzing_wind_elev7_20250727.png
Creating wind speed and direction plot...
Saving wind speed/direction plot to: /gws/pw/j07/ncas_obs_vol1/amf/processing/ncas-lidar-dop-1/20250603_teamx/doppy_processed/quicklooks/wind_bl/ncas-lidar-dop-1_sterzing_wind_speed_dir_elev7_20250727.png
Quicklook for elevation 75 for 20250727

## You are using the Python ARM Radar Toolkit (Py-ART), an open source
## library for working with weather radar data. Py-ART is partly
## supported by the U.S. Department of Energy as part of the Atmospheric
## Radiation Measurement (ARM) Climate Research Facility, an Office of
## Science user facility.
##
## If you use this software to prepare a publication, please cite:
##
##     JJ Helmus and SM Collis, JORS 2016, doi: 10.5334/jors.119

Using file: /gws/pw/j07/ncas_obs_vol1/amf/processing/ncas-lidar-dop-1/20250603_teamx/doppy_processed/ncas-lidar-dop-1_20250727_wind_elev75_v1.0.nc
Successfully opened: /gws/pw/j07/ncas_obs_vol1/amf/processing/ncas-lidar-dop-1/20250603_teamx/doppy_processed/ncas-lidar-dop-1_20250727_wind_elev75_v1.0.nc
Variables in file: ['time', 'height', 'uwind_raw', 'uwind', 'vwind_raw', 'vwind', 'wwind_raw', 'wwind', 'azimuth_offset']
Using default height limit of 10 km
Using standard wind subdirectory
Saving plot to: /gws/pw/j07/ncas_obs_vol1/amf/processing/ncas-lidar-dop-1/20250603_teamx/doppy_processed/quicklooks/wind/ncas-lidar-dop-1_sterzing_wind_elev75_20250727.png
Creating wind speed and direction plot...
Saving wind speed/direction plot to: /gws/pw/j07/ncas_obs_vol1/amf/processing/ncas-lidar-dop-1/20250603_teamx/doppy_processed/quicklooks/wind/ncas-lidar-dop-1_sterzing_wind_speed_dir_elev75_20250727.png

## You are using the Python ARM Radar Toolkit (Py-ART), an open source
## library for working with weather radar data. Py-ART is partly
## supported by the U.S. Department of Energy as part of the Atmospheric
## Radiation Measurement (ARM) Climate Research Facility, an Office of
## Science user facility.
##
## If you use this software to prepare a publication, please cite:
##
##     JJ Helmus and SM Collis, JORS 2016, doi: 10.5334/jors.119

DEBUG: File /gws/pw/j07/ncas_obs_vol1/amf/raw_data/ncas-lidar-dop-1/incoming/20250603_teamx/Proc/2025/202507/20250727/User5_18_20250727_000014.hpl - Elevation: 75.0
DEBUG: Skipped /gws/pw/j07/ncas_obs_vol1/amf/raw_data/ncas-lidar-dop-1/incoming/20250603_teamx/Proc/2025/202507/20250727/User5_18_20250727_000014.hpl, elevation 75.0 does not match
DEBUG: File /gws/pw/j07/ncas_obs_vol1/amf/raw_data/ncas-lidar-dop-1/incoming/20250603_teamx/Proc/2025/202507/20250727/User5_18_20250727_010014.hpl - Elevation: 75.0
DEBUG: Skipped /gws/pw/j07/ncas_obs_vol1/amf/raw_data/ncas-lidar-dop-1/incoming/20250603_teamx/Proc/2025/202507/20250727/User5_18_20250727_010014.hpl, elevation 75.0 does not match
DEBUG: File /gws/pw/j07/ncas_obs_vol1/amf/raw_data/ncas-lidar-dop-1/incoming/20250603_teamx/Proc/2025/202507/20250727/User5_18_20250727_003001.hpl - Elevation: 75.0
DEBUG: Skipped /gws/pw/j07/ncas_obs_vol1/amf/raw_data/ncas-lidar-dop-1/incoming/20250603_teamx/Proc/2025/202507/20250727/User5_18_20250727_003001.hpl, elevation 75.0 does not match
DEBUG: File /gws/pw/j07/ncas_obs_vol1/amf/raw_data/ncas-lidar-dop-1/incoming/20250603_teamx/Proc/2025/202507/20250727/User5_18_20250727_001500.hpl - Elevation: 7.0
DEBUG: Added /gws/pw/j07/ncas_obs_vol1/amf/raw_data/ncas-lidar-dop-1/incoming/20250603_teamx/Proc/2025/202507/20250727/User5_18_20250727_001500.hpl to filtered files
DEBUG: File /gws/pw/j07/ncas_obs_vol1/amf/raw_data/ncas-lidar-dop-1/incoming/20250603_teamx/Proc/2025/202507/20250727/User5_18_20250727_004501.hpl - Elevation: 7.0
DEBUG: Added /gws/pw/j07/ncas_obs_vol1/amf/raw_data/ncas-lidar-dop-1/incoming/20250603_teamx/Proc/2025/202507/20250727/User5_18_20250727_004501.hpl to filtered files
DEBUG: File /gws/pw/j07/ncas_obs_vol1/amf/raw_data/ncas-lidar-dop-1/incoming/20250603_teamx/Proc/2025/202507/20250727/User5_18_20250727_020014.hpl - Elevation: 75.0
DEBUG: Skipped /gws/pw/j07/ncas_obs_vol1/amf/raw_data/ncas-lidar-dop-1/incoming/20250603_teamx/Proc/2025/202507/20250727/User5_18_20250727_020014.hpl, elevation 75.0 does not match
DEBUG: File /gws/pw/j07/ncas_obs_vol1/amf/raw_data/ncas-lidar-dop-1/incoming/20250603_teamx/Proc/2025/202507/20250727/User5_18_20250727_013001.hpl - Elevation: 75.0
DEBUG: Skipped /gws/pw/j07/ncas_obs_vol1/amf/raw_data/ncas-lidar-dop-1/incoming/20250603_teamx/Proc/2025/202507/20250727/User5_18_20250727_013001.hpl, elevation 75.0 does not match
DEBUG: File /gws/pw/j07/ncas_obs_vol1/amf/raw_data/ncas-lidar-dop-1/incoming/20250603_teamx/Proc/2025/202507/20250727/User5_18_20250727_014501.hpl - Elevation: 7.0
DEBUG: Added /gws/pw/j07/ncas_obs_vol1/amf/raw_data/ncas-lidar-dop-1/incoming/20250603_teamx/Proc/2025/202507/20250727/User5_18_20250727_014501.hpl to filtered files
DEBUG: File /gws/pw/j07/ncas_obs_vol1/amf/raw_data/ncas-lidar-dop-1/incoming/20250603_teamx/Proc/2025/202507/20250727/User5_18_20250727_011500.hpl - Elevation: 7.0
DEBUG: Added /gws/pw/j07/ncas_obs_vol1/amf/raw_data/ncas-lidar-dop-1/incoming/20250603_teamx/Proc/2025/202507/20250727/User5_18_20250727_011500.hpl to filtered files
DEBUG: File /gws/pw/j07/ncas_obs_vol1/amf/raw_data/ncas-lidar-dop-1/incoming/20250603_teamx/Proc/2025/202507/20250727/User5_18_20250727_030016.hpl - Elevation: 75.0
DEBUG: Skipped /gws/pw/j07/ncas_obs_vol1/amf/raw_data/ncas-lidar-dop-1/incoming/20250603_teamx/Proc/2025/202507/20250727/User5_18_20250727_030016.hpl, elevation 75.0 does not match
DEBUG: File /gws/pw/j07/ncas_obs_vol1/amf/raw_data/ncas-lidar-dop-1/incoming/20250603_teamx/Proc/2025/202507/20250727/User5_18_20250727_023001.hpl - Elevation: 75.0
DEBUG: Skipped /gws/pw/j07/ncas_obs_vol1/amf/raw_data/ncas-lidar-dop-1/incoming/20250603_teamx/Proc/2025/202507/20250727/User5_18_20250727_023001.hpl, elevation 75.0 does not match
DEBUG: File /gws/pw/j07/ncas_obs_vol1/amf/raw_data/ncas-lidar-dop-1/incoming/20250603_teamx/Proc/2025/202507/20250727/User5_18_20250727_021500.hpl - Elevation: 7.0
DEBUG: Added /gws/pw/j07/ncas_obs_vol1/amf/raw_data/ncas-lidar-dop-1/incoming/20250603_teamx/Proc/2025/202507/20250727/User5_18_20250727_021500.hpl to filtered files
DEBUG: File /gws/pw/j07/ncas_obs_vol1/amf/raw_data/ncas-lidar-dop-1/incoming/20250603_teamx/Proc/2025/202507/20250727/User5_18_20250727_024500.hpl - Elevation: 7.0
DEBUG: Added /gws/pw/j07/ncas_obs_vol1/amf/raw_data/ncas-lidar-dop-1/incoming/20250603_teamx/Proc/2025/202507/20250727/User5_18_20250727_024500.hpl to filtered files
DEBUG: File /gws/pw/j07/ncas_obs_vol1/amf/raw_data/ncas-lidar-dop-1/incoming/20250603_teamx/Proc/2025/202507/20250727/User5_18_20250727_040014.hpl - Elevation: 75.0
DEBUG: Skipped /gws/pw/j07/ncas_obs_vol1/amf/raw_data/ncas-lidar-dop-1/incoming/20250603_teamx/Proc/2025/202507/20250727/User5_18_20250727_040014.hpl, elevation 75.0 does not match
DEBUG: File /gws/pw/j07/ncas_obs_vol1/amf/raw_data/ncas-lidar-dop-1/incoming/20250603_teamx/Proc/2025/202507/20250727/User5_18_20250727_033001.hpl - Elevation: 75.0
DEBUG: Skipped /gws/pw/j07/ncas_obs_vol1/amf/raw_data/ncas-lidar-dop-1/incoming/20250603_teamx/Proc/2025/202507/20250727/User5_18_20250727_033001.hpl, elevation 75.0 does not match
DEBUG: File /gws/pw/j07/ncas_obs_vol1/amf/raw_data/ncas-lidar-dop-1/incoming/20250603_teamx/Proc/2025/202507/20250727/User5_18_20250727_031500.hpl - Elevation: 7.0
DEBUG: Added /gws/pw/j07/ncas_obs_vol1/amf/raw_data/ncas-lidar-dop-1/incoming/20250603_teamx/Proc/2025/202507/20250727/User5_18_20250727_031500.hpl to filtered files
DEBUG: File /gws/pw/j07/ncas_obs_vol1/amf/raw_data/ncas-lidar-dop-1/incoming/20250603_teamx/Proc/2025/202507/20250727/User5_18_20250727_034501.hpl - Elevation: 7.0
DEBUG: Added /gws/pw/j07/ncas_obs_vol1/amf/raw_data/ncas-lidar-dop-1/incoming/20250603_teamx/Proc/2025/202507/20250727/User5_18_20250727_034501.hpl to filtered files
DEBUG: File /gws/pw/j07/ncas_obs_vol1/amf/raw_data/ncas-lidar-dop-1/incoming/20250603_teamx/Proc/2025/202507/20250727/User5_18_20250727_050014.hpl - Elevation: 75.0
DEBUG: Skipped /gws/pw/j07/ncas_obs_vol1/amf/raw_data/ncas-lidar-dop-1/incoming/20250603_teamx/Proc/2025/202507/20250727/User5_18_20250727_050014.hpl, elevation 75.0 does not match
DEBUG: File /gws/pw/j07/ncas_obs_vol1/amf/raw_data/ncas-lidar-dop-1/incoming/20250603_teamx/Proc/2025/202507/20250727/User5_18_20250727_043001.hpl - Elevation: 75.0
DEBUG: Skipped /gws/pw/j07/ncas_obs_vol1/amf/raw_data/ncas-lidar-dop-1/incoming/20250603_teamx/Proc/2025/202507/20250727/User5_18_20250727_043001.hpl, elevation 75.0 does not match
DEBUG: File /gws/pw/j07/ncas_obs_vol1/amf/raw_data/ncas-lidar-dop-1/incoming/20250603_teamx/Proc/2025/202507/20250727/User5_18_20250727_041500.hpl - Elevation: 7.0
DEBUG: Added /gws/pw/j07/ncas_obs_vol1/amf/raw_data/ncas-lidar-dop-1/incoming/20250603_teamx/Proc/2025/202507/20250727/User5_18_20250727_041500.hpl to filtered files
DEBUG: File /gws/pw/j07/ncas_obs_vol1/amf/raw_data/ncas-lidar-dop-1/incoming/20250603_teamx/Proc/2025/202507/20250727/User5_18_20250727_044501.hpl - Elevation: 7.0
DEBUG: Added /gws/pw/j07/ncas_obs_vol1/amf/raw_data/ncas-lidar-dop-1/incoming/20250603_teamx/Proc/2025/202507/20250727/User5_18_20250727_044501.hpl to filtered files
DEBUG: File /gws/pw/j07/ncas_obs_vol1/amf/raw_data/ncas-lidar-dop-1/incoming/20250603_teamx/Proc/2025/202507/20250727/User5_18_20250727_053001.hpl - Elevation: 75.0
DEBUG: Skipped /gws/pw/j07/ncas_obs_vol1/amf/raw_data/ncas-lidar-dop-1/incoming/20250603_teamx/Proc/2025/202507/20250727/User5_18_20250727_053001.hpl, elevation 75.0 does not match
DEBUG: File /gws/pw/j07/ncas_obs_vol1/amf/raw_data/ncas-lidar-dop-1/incoming/20250603_teamx/Proc/2025/202507/20250727/User5_18_20250727_060014.hpl - Elevation: 75.0
DEBUG: Skipped /gws/pw/j07/ncas_obs_vol1/amf/raw_data/ncas-lidar-dop-1/incoming/20250603_teamx/Proc/2025/202507/20250727/User5_18_20250727_060014.hpl, elevation 75.0 does not match
DEBUG: File /gws/pw/j07/ncas_obs_vol1/amf/raw_data/ncas-lidar-dop-1/incoming/20250603_teamx/Proc/2025/202507/20250727/User5_18_20250727_054501.hpl - Elevation: 7.0
DEBUG: Added /gws/pw/j07/ncas_obs_vol1/amf/raw_data/ncas-lidar-dop-1/incoming/20250603_teamx/Proc/2025/202507/20250727/User5_18_20250727_054501.hpl to filtered files
DEBUG: File /gws/pw/j07/ncas_obs_vol1/amf/raw_data/ncas-lidar-dop-1/incoming/20250603_teamx/Proc/2025/202507/20250727/User5_18_20250727_051500.hpl - Elevation: 7.0
DEBUG: Added /gws/pw/j07/ncas_obs_vol1/amf/raw_data/ncas-lidar-dop-1/incoming/20250603_teamx/Proc/2025/202507/20250727/User5_18_20250727_051500.hpl to filtered files
DEBUG: File /gws/pw/j07/ncas_obs_vol1/amf/raw_data/ncas-lidar-dop-1/incoming/20250603_teamx/Proc/2025/202507/20250727/User5_18_20250727_063001.hpl - Elevation: 75.0
DEBUG: Skipped /gws/pw/j07/ncas_obs_vol1/amf/raw_data/ncas-lidar-dop-1/incoming/20250603_teamx/Proc/2025/202507/20250727/User5_18_20250727_063001.hpl, elevation 75.0 does not match
DEBUG: File /gws/pw/j07/ncas_obs_vol1/amf/raw_data/ncas-lidar-dop-1/incoming/20250603_teamx/Proc/2025/202507/20250727/User5_18_20250727_070014.hpl - Elevation: 75.0
DEBUG: Skipped /gws/pw/j07/ncas_obs_vol1/amf/raw_data/ncas-lidar-dop-1/incoming/20250603_teamx/Proc/2025/202507/20250727/User5_18_20250727_070014.hpl, elevation 75.0 does not match
DEBUG: File /gws/pw/j07/ncas_obs_vol1/amf/raw_data/ncas-lidar-dop-1/incoming/20250603_teamx/Proc/2025/202507/20250727/User5_18_20250727_064502.hpl - Elevation: 7.0
DEBUG: Added /gws/pw/j07/ncas_obs_vol1/amf/raw_data/ncas-lidar-dop-1/incoming/20250603_teamx/Proc/2025/202507/20250727/User5_18_20250727_064502.hpl to filtered files
DEBUG: File /gws/pw/j07/ncas_obs_vol1/amf/raw_data/ncas-lidar-dop-1/incoming/20250603_teamx/Proc/2025/202507/20250727/User5_18_20250727_061500.hpl - Elevation: 7.0
DEBUG: Added /gws/pw/j07/ncas_obs_vol1/amf/raw_data/ncas-lidar-dop-1/incoming/20250603_teamx/Proc/2025/202507/20250727/User5_18_20250727_061500.hpl to filtered files
DEBUG: Total files after elevation filtering: 14
INFO: Processing file 1/14: /gws/pw/j07/ncas_obs_vol1/amf/raw_data/ncas-lidar-dop-1/incoming/20250603_teamx/Proc/2025/202507/20250727/User5_18_20250727_001500.hpl
Processing /gws/pw/j07/ncas_obs_vol1/amf/raw_data/ncas-lidar-dop-1/incoming/20250603_teamx/Proc/2025/202507/20250727/User5_18_20250727_001500.hpl: Scan type '007VAD - STEPPED'
DEBUG - Range shape: (3194,), Azimuth shape: (24,)
DEBUG - Converting fields to radar object:
DEBUG: Found velocity data under attribute 'radial_velocity'
DEBUG: Velocity data shape: (24, 3194), dtype: float64
DEBUG: Velocity data range: -20.219 to 18.881
DEBUG: Successfully added velocity field to radar object
DEBUG: Found beta data under attribute 'beta'
DEBUG: Beta data shape: (24, 3194), dtype: float64
DEBUG: Beta data range: -1.734444e-05 to 4.269962e-03
DEBUG: Successfully added beta field to radar object
DEBUG: Found intensity data, calculating SNR
DEBUG: SNR data shape: (24, 3194), dtype: float64
DEBUG: SNR data range: -20.000 to 17.763 dB
DEBUG: SNR valid points: 76656/76656
DEBUG: Successfully calculated and added SNR field to radar object
DEBUG: Final radar object has fields: ['velocity', 'beta', 'snr']
DEBUG: Added velocity to available_fields
DEBUG: Added beta to available_fields
DEBUG: Added snr to available_fields
DEBUG: Final available_fields list: [('velocity', 'Doppler Velocity', 'Radial Velocity (m/s)'), ('beta', 'Attenuated Backscatter', 'Backscatter (m⁻¹ sr⁻¹)'), ('snr', 'Signal-to-Noise Ratio', 'SNR (dB)')]
DEBUG: Starting to create plots for 3 fields
DEBUG: Processing field 1/3: velocity
DEBUG: Creating standard plot for velocity
radar['range']: [9.000e+00 1.200e+01 1.500e+01 ... 9.582e+03 9.585e+03 9.588e+03]
radar['azimuth']: [286.1 301.1 316.1 331.1 346.1 361.1 376.1 391.1 406.1 421.1 436.1 451.1
 466.1 481.1 496.1 511.1 526.1 541.1 556.1 571.1 586.1 601.1 616.1 631.1]
radar['elevation']: [7. 7. 7. 7. 7. 7. 7. 7. 7. 7. 7. 7. 7. 7. 7. 7. 7. 7. 7. 7. 7. 7. 7. 7.]
Map extent: 11.4130 to 11.4657, 46.8670 to 46.9031
DEBUG: Saving plot to /gws/pw/j07/ncas_obs_vol1/amf/processing/ncas-lidar-dop-1/20250603_teamx/doppy_processed/quicklooks/ppi_maps/20250727/ncas-lidar-dop-1_sterzing_velocity_ppi-map_standard_20250727-001500.png
DEBUG: Successfully created and saved velocity plot
DEBUG: Processing field 2/3: beta
DEBUG: Creating standard plot for beta
radar['range']: [9.000e+00 1.200e+01 1.500e+01 ... 9.582e+03 9.585e+03 9.588e+03]
radar['azimuth']: [286.1 301.1 316.1 331.1 346.1 361.1 376.1 391.1 406.1 421.1 436.1 451.1
 466.1 481.1 496.1 511.1 526.1 541.1 556.1 571.1 586.1 601.1 616.1 631.1]
radar['elevation']: [7. 7. 7. 7. 7. 7. 7. 7. 7. 7. 7. 7. 7. 7. 7. 7. 7. 7. 7. 7. 7. 7. 7. 7.]
Map extent: 11.4130 to 11.4657, 46.8670 to 46.9031
DEBUG: Saving plot to /gws/pw/j07/ncas_obs_vol1/amf/processing/ncas-lidar-dop-1/20250603_teamx/doppy_processed/quicklooks/ppi_maps/20250727/ncas-lidar-dop-1_sterzing_beta_ppi-map_standard_20250727-001500.png
DEBUG: Successfully created and saved beta plot
DEBUG: Processing field 3/3: snr
DEBUG: Creating standard plot for snr
radar['range']: [9.000e+00 1.200e+01 1.500e+01 ... 9.582e+03 9.585e+03 9.588e+03]
radar['azimuth']: [286.1 301.1 316.1 331.1 346.1 361.1 376.1 391.1 406.1 421.1 436.1 451.1
 466.1 481.1 496.1 511.1 526.1 541.1 556.1 571.1 586.1 601.1 616.1 631.1]
radar['elevation']: [7. 7. 7. 7. 7. 7. 7. 7. 7. 7. 7. 7. 7. 7. 7. 7. 7. 7. 7. 7. 7. 7. 7. 7.]
Map extent: 11.4130 to 11.4657, 46.8670 to 46.9031
DEBUG: Saving plot to /gws/pw/j07/ncas_obs_vol1/amf/processing/ncas-lidar-dop-1/20250603_teamx/doppy_processed/quicklooks/ppi_maps/20250727/ncas-lidar-dop-1_sterzing_snr_ppi-map_standard_20250727-001500.png
DEBUG: Successfully created and saved snr plot
DEBUG: Completed processing. Created 3 plots: ['ncas-lidar-dop-1_sterzing_velocity_ppi-map_standard_20250727-001500.png', 'ncas-lidar-dop-1_sterzing_beta_ppi-map_standard_20250727-001500.png', 'ncas-lidar-dop-1_sterzing_snr_ppi-map_standard_20250727-001500.png']
INFO: Processing file 2/14: /gws/pw/j07/ncas_obs_vol1/amf/raw_data/ncas-lidar-dop-1/incoming/20250603_teamx/Proc/2025/202507/20250727/User5_18_20250727_004501.hpl
Processing /gws/pw/j07/ncas_obs_vol1/amf/raw_data/ncas-lidar-dop-1/incoming/20250603_teamx/Proc/2025/202507/20250727/User5_18_20250727_004501.hpl: Scan type '007VAD - STEPPED'
DEBUG - Range shape: (3194,), Azimuth shape: (24,)
DEBUG - Converting fields to radar object:
DEBUG: Found velocity data under attribute 'radial_velocity'
DEBUG: Velocity data shape: (24, 3194), dtype: float64
DEBUG: Velocity data range: -20.219 to 18.881
DEBUG: Successfully added velocity field to radar object
DEBUG: Found beta data under attribute 'beta'
DEBUG: Beta data shape: (24, 3194), dtype: float64
DEBUG: Beta data range: -2.018134e-05 to 4.276741e-03
DEBUG: Successfully added beta field to radar object
DEBUG: Found intensity data, calculating SNR
DEBUG: SNR data shape: (24, 3194), dtype: float64
DEBUG: SNR data range: -20.000 to 17.776 dB
DEBUG: SNR valid points: 76656/76656
DEBUG: Successfully calculated and added SNR field to radar object
DEBUG: Final radar object has fields: ['velocity', 'beta', 'snr']
DEBUG: Added velocity to available_fields
DEBUG: Added beta to available_fields
DEBUG: Added snr to available_fields
DEBUG: Final available_fields list: [('velocity', 'Doppler Velocity', 'Radial Velocity (m/s)'), ('beta', 'Attenuated Backscatter', 'Backscatter (m⁻¹ sr⁻¹)'), ('snr', 'Signal-to-Noise Ratio', 'SNR (dB)')]
DEBUG: Starting to create plots for 3 fields
DEBUG: Processing field 1/3: velocity
DEBUG: Creating standard plot for velocity
radar['range']: [9.000e+00 1.200e+01 1.500e+01 ... 9.582e+03 9.585e+03 9.588e+03]
radar['azimuth']: [286.1 301.1 316.1 331.1 346.1 361.1 376.1 391.1 406.1 421.1 436.1 451.1
 466.1 481.1 496.1 511.1 526.1 541.1 556.1 571.1 586.1 601.1 616.1 631.1]
radar['elevation']: [7. 7. 7. 7. 7. 7. 7. 7. 7. 7. 7. 7. 7. 7. 7. 7. 7. 7. 7. 7. 7. 7. 7. 7.]
Map extent: 11.4130 to 11.4657, 46.8670 to 46.9031
DEBUG: Saving plot to /gws/pw/j07/ncas_obs_vol1/amf/processing/ncas-lidar-dop-1/20250603_teamx/doppy_processed/quicklooks/ppi_maps/20250727/ncas-lidar-dop-1_sterzing_velocity_ppi-map_standard_20250727-004501.png
DEBUG: Successfully created and saved velocity plot
DEBUG: Processing field 2/3: beta
DEBUG: Creating standard plot for beta
radar['range']: [9.000e+00 1.200e+01 1.500e+01 ... 9.582e+03 9.585e+03 9.588e+03]
radar['azimuth']: [286.1 301.1 316.1 331.1 346.1 361.1 376.1 391.1 406.1 421.1 436.1 451.1
 466.1 481.1 496.1 511.1 526.1 541.1 556.1 571.1 586.1 601.1 616.1 631.1]
radar['elevation']: [7. 7. 7. 7. 7. 7. 7. 7. 7. 7. 7. 7. 7. 7. 7. 7. 7. 7. 7. 7. 7. 7. 7. 7.]
Map extent: 11.4130 to 11.4657, 46.8670 to 46.9031
DEBUG: Saving plot to /gws/pw/j07/ncas_obs_vol1/amf/processing/ncas-lidar-dop-1/20250603_teamx/doppy_processed/quicklooks/ppi_maps/20250727/ncas-lidar-dop-1_sterzing_beta_ppi-map_standard_20250727-004501.png
DEBUG: Successfully created and saved beta plot
DEBUG: Processing field 3/3: snr
DEBUG: Creating standard plot for snr
radar['range']: [9.000e+00 1.200e+01 1.500e+01 ... 9.582e+03 9.585e+03 9.588e+03]
radar['azimuth']: [286.1 301.1 316.1 331.1 346.1 361.1 376.1 391.1 406.1 421.1 436.1 451.1
 466.1 481.1 496.1 511.1 526.1 541.1 556.1 571.1 586.1 601.1 616.1 631.1]
radar['elevation']: [7. 7. 7. 7. 7. 7. 7. 7. 7. 7. 7. 7. 7. 7. 7. 7. 7. 7. 7. 7. 7. 7. 7. 7.]
Map extent: 11.4130 to 11.4657, 46.8670 to 46.9031
DEBUG: Saving plot to /gws/pw/j07/ncas_obs_vol1/amf/processing/ncas-lidar-dop-1/20250603_teamx/doppy_processed/quicklooks/ppi_maps/20250727/ncas-lidar-dop-1_sterzing_snr_ppi-map_standard_20250727-004501.png
DEBUG: Successfully created and saved snr plot
DEBUG: Completed processing. Created 3 plots: ['ncas-lidar-dop-1_sterzing_velocity_ppi-map_standard_20250727-004501.png', 'ncas-lidar-dop-1_sterzing_beta_ppi-map_standard_20250727-004501.png', 'ncas-lidar-dop-1_sterzing_snr_ppi-map_standard_20250727-004501.png']
INFO: Processing file 3/14: /gws/pw/j07/ncas_obs_vol1/amf/raw_data/ncas-lidar-dop-1/incoming/20250603_teamx/Proc/2025/202507/20250727/User5_18_20250727_014501.hpl
Processing /gws/pw/j07/ncas_obs_vol1/amf/raw_data/ncas-lidar-dop-1/incoming/20250603_teamx/Proc/2025/202507/20250727/User5_18_20250727_014501.hpl: Scan type '007VAD - STEPPED'
DEBUG - Range shape: (3194,), Azimuth shape: (24,)
DEBUG - Converting fields to radar object:
DEBUG: Found velocity data under attribute 'radial_velocity'
DEBUG: Velocity data shape: (24, 3194), dtype: float64
DEBUG: Velocity data range: -20.219 to 18.881
DEBUG: Successfully added velocity field to radar object
DEBUG: Found beta data under attribute 'beta'
DEBUG: Beta data shape: (24, 3194), dtype: float64
DEBUG: Beta data range: -1.664449e-05 to 3.924819e-03
DEBUG: Successfully added beta field to radar object
DEBUG: Found intensity data, calculating SNR
DEBUG: SNR data shape: (24, 3194), dtype: float64
DEBUG: SNR data range: -20.000 to 17.403 dB
DEBUG: SNR valid points: 76656/76656
DEBUG: Successfully calculated and added SNR field to radar object
DEBUG: Final radar object has fields: ['velocity', 'beta', 'snr']
DEBUG: Added velocity to available_fields
DEBUG: Added beta to available_fields
DEBUG: Added snr to available_fields
DEBUG: Final available_fields list: [('velocity', 'Doppler Velocity', 'Radial Velocity (m/s)'), ('beta', 'Attenuated Backscatter', 'Backscatter (m⁻¹ sr⁻¹)'), ('snr', 'Signal-to-Noise Ratio', 'SNR (dB)')]
DEBUG: Starting to create plots for 3 fields
DEBUG: Processing field 1/3: velocity
DEBUG: Creating standard plot for velocity
radar['range']: [9.000e+00 1.200e+01 1.500e+01 ... 9.582e+03 9.585e+03 9.588e+03]
radar['azimuth']: [286.1 301.1 316.1 331.1 346.1 361.1 376.1 391.1 406.1 421.1 436.1 451.1
 466.1 481.1 496.1 511.1 526.1 541.1 556.1 571.1 586.1 601.1 616.1 631.1]
radar['elevation']: [7. 7. 7. 7. 7. 7. 7. 7. 7. 7. 7. 7. 7. 7. 7. 7. 7. 7. 7. 7. 7. 7. 7. 7.]
Map extent: 11.4130 to 11.4657, 46.8670 to 46.9031
DEBUG: Saving plot to /gws/pw/j07/ncas_obs_vol1/amf/processing/ncas-lidar-dop-1/20250603_teamx/doppy_processed/quicklooks/ppi_maps/20250727/ncas-lidar-dop-1_sterzing_velocity_ppi-map_standard_20250727-014501.png
DEBUG: Successfully created and saved velocity plot
DEBUG: Processing field 2/3: beta
DEBUG: Creating standard plot for beta
radar['range']: [9.000e+00 1.200e+01 1.500e+01 ... 9.582e+03 9.585e+03 9.588e+03]
radar['azimuth']: [286.1 301.1 316.1 331.1 346.1 361.1 376.1 391.1 406.1 421.1 436.1 451.1
 466.1 481.1 496.1 511.1 526.1 541.1 556.1 571.1 586.1 601.1 616.1 631.1]
radar['elevation']: [7. 7. 7. 7. 7. 7. 7. 7. 7. 7. 7. 7. 7. 7. 7. 7. 7. 7. 7. 7. 7. 7. 7. 7.]
Map extent: 11.4130 to 11.4657, 46.8670 to 46.9031
DEBUG: Saving plot to /gws/pw/j07/ncas_obs_vol1/amf/processing/ncas-lidar-dop-1/20250603_teamx/doppy_processed/quicklooks/ppi_maps/20250727/ncas-lidar-dop-1_sterzing_beta_ppi-map_standard_20250727-014501.png
DEBUG: Successfully created and saved beta plot
DEBUG: Processing field 3/3: snr
DEBUG: Creating standard plot for snr
radar['range']: [9.000e+00 1.200e+01 1.500e+01 ... 9.582e+03 9.585e+03 9.588e+03]
radar['azimuth']: [286.1 301.1 316.1 331.1 346.1 361.1 376.1 391.1 406.1 421.1 436.1 451.1
 466.1 481.1 496.1 511.1 526.1 541.1 556.1 571.1 586.1 601.1 616.1 631.1]
radar['elevation']: [7. 7. 7. 7. 7. 7. 7. 7. 7. 7. 7. 7. 7. 7. 7. 7. 7. 7. 7. 7. 7. 7. 7. 7.]
Map extent: 11.4130 to 11.4657, 46.8670 to 46.9031
DEBUG: Saving plot to /gws/pw/j07/ncas_obs_vol1/amf/processing/ncas-lidar-dop-1/20250603_teamx/doppy_processed/quicklooks/ppi_maps/20250727/ncas-lidar-dop-1_sterzing_snr_ppi-map_standard_20250727-014501.png
DEBUG: Successfully created and saved snr plot
DEBUG: Completed processing. Created 3 plots: ['ncas-lidar-dop-1_sterzing_velocity_ppi-map_standard_20250727-014501.png', 'ncas-lidar-dop-1_sterzing_beta_ppi-map_standard_20250727-014501.png', 'ncas-lidar-dop-1_sterzing_snr_ppi-map_standard_20250727-014501.png']
INFO: Processing file 4/14: /gws/pw/j07/ncas_obs_vol1/amf/raw_data/ncas-lidar-dop-1/incoming/20250603_teamx/Proc/2025/202507/20250727/User5_18_20250727_011500.hpl
Processing /gws/pw/j07/ncas_obs_vol1/amf/raw_data/ncas-lidar-dop-1/incoming/20250603_teamx/Proc/2025/202507/20250727/User5_18_20250727_011500.hpl: Scan type '007VAD - STEPPED'
DEBUG - Range shape: (3194,), Azimuth shape: (24,)
DEBUG - Converting fields to radar object:
DEBUG: Found velocity data under attribute 'radial_velocity'
DEBUG: Velocity data shape: (24, 3194), dtype: float64
DEBUG: Velocity data range: -20.219 to 18.881
DEBUG: Successfully added velocity field to radar object
DEBUG: Found beta data under attribute 'beta'
DEBUG: Beta data shape: (24, 3194), dtype: float64
DEBUG: Beta data range: -2.346829e-05 to 4.097066e-03
DEBUG: Successfully added beta field to radar object
DEBUG: Found intensity data, calculating SNR
DEBUG: SNR data shape: (24, 3194), dtype: float64
DEBUG: SNR data range: -20.000 to 17.590 dB
DEBUG: SNR valid points: 76656/76656
DEBUG: Successfully calculated and added SNR field to radar object
DEBUG: Final radar object has fields: ['velocity', 'beta', 'snr']
DEBUG: Added velocity to available_fields
DEBUG: Added beta to available_fields
DEBUG: Added snr to available_fields
DEBUG: Final available_fields list: [('velocity', 'Doppler Velocity', 'Radial Velocity (m/s)'), ('beta', 'Attenuated Backscatter', 'Backscatter (m⁻¹ sr⁻¹)'), ('snr', 'Signal-to-Noise Ratio', 'SNR (dB)')]
DEBUG: Starting to create plots for 3 fields
DEBUG: Processing field 1/3: velocity
DEBUG: Creating standard plot for velocity
radar['range']: [9.000e+00 1.200e+01 1.500e+01 ... 9.582e+03 9.585e+03 9.588e+03]
radar['azimuth']: [286.1 301.1 316.1 331.1 346.1 361.1 376.1 391.1 406.1 421.1 436.1 451.1
 466.1 481.1 496.1 511.1 526.1 541.1 556.1 571.1 586.1 601.1 616.1 631.1]
radar['elevation']: [7. 7. 7. 7. 7. 7. 7. 7. 7. 7. 7. 7. 7. 7. 7. 7. 7. 7. 7. 7. 7. 7. 7. 7.]
Map extent: 11.4130 to 11.4657, 46.8670 to 46.9031
DEBUG: Saving plot to /gws/pw/j07/ncas_obs_vol1/amf/processing/ncas-lidar-dop-1/20250603_teamx/doppy_processed/quicklooks/ppi_maps/20250727/ncas-lidar-dop-1_sterzing_velocity_ppi-map_standard_20250727-011500.png
DEBUG: Successfully created and saved velocity plot
DEBUG: Processing field 2/3: beta
DEBUG: Creating standard plot for beta
radar['range']: [9.000e+00 1.200e+01 1.500e+01 ... 9.582e+03 9.585e+03 9.588e+03]
radar['azimuth']: [286.1 301.1 316.1 331.1 346.1 361.1 376.1 391.1 406.1 421.1 436.1 451.1
 466.1 481.1 496.1 511.1 526.1 541.1 556.1 571.1 586.1 601.1 616.1 631.1]
radar['elevation']: [7. 7. 7. 7. 7. 7. 7. 7. 7. 7. 7. 7. 7. 7. 7. 7. 7. 7. 7. 7. 7. 7. 7. 7.]
Map extent: 11.4130 to 11.4657, 46.8670 to 46.9031
DEBUG: Saving plot to /gws/pw/j07/ncas_obs_vol1/amf/processing/ncas-lidar-dop-1/20250603_teamx/doppy_processed/quicklooks/ppi_maps/20250727/ncas-lidar-dop-1_sterzing_beta_ppi-map_standard_20250727-011500.png
DEBUG: Successfully created and saved beta plot
DEBUG: Processing field 3/3: snr
DEBUG: Creating standard plot for snr
radar['range']: [9.000e+00 1.200e+01 1.500e+01 ... 9.582e+03 9.585e+03 9.588e+03]
radar['azimuth']: [286.1 301.1 316.1 331.1 346.1 361.1 376.1 391.1 406.1 421.1 436.1 451.1
 466.1 481.1 496.1 511.1 526.1 541.1 556.1 571.1 586.1 601.1 616.1 631.1]
radar['elevation']: [7. 7. 7. 7. 7. 7. 7. 7. 7. 7. 7. 7. 7. 7. 7. 7. 7. 7. 7. 7. 7. 7. 7. 7.]
Map extent: 11.4130 to 11.4657, 46.8670 to 46.9031
DEBUG: Saving plot to /gws/pw/j07/ncas_obs_vol1/amf/processing/ncas-lidar-dop-1/20250603_teamx/doppy_processed/quicklooks/ppi_maps/20250727/ncas-lidar-dop-1_sterzing_snr_ppi-map_standard_20250727-011500.png
DEBUG: Successfully created and saved snr plot
DEBUG: Completed processing. Created 3 plots: ['ncas-lidar-dop-1_sterzing_velocity_ppi-map_standard_20250727-011500.png', 'ncas-lidar-dop-1_sterzing_beta_ppi-map_standard_20250727-011500.png', 'ncas-lidar-dop-1_sterzing_snr_ppi-map_standard_20250727-011500.png']
INFO: Processing file 5/14: /gws/pw/j07/ncas_obs_vol1/amf/raw_data/ncas-lidar-dop-1/incoming/20250603_teamx/Proc/2025/202507/20250727/User5_18_20250727_021500.hpl
Processing /gws/pw/j07/ncas_obs_vol1/amf/raw_data/ncas-lidar-dop-1/incoming/20250603_teamx/Proc/2025/202507/20250727/User5_18_20250727_021500.hpl: Scan type '007VAD - STEPPED'
DEBUG - Range shape: (3194,), Azimuth shape: (24,)
DEBUG - Converting fields to radar object:
DEBUG: Found velocity data under attribute 'radial_velocity'
DEBUG: Velocity data shape: (24, 3194), dtype: float64
DEBUG: Velocity data range: -20.219 to 18.881
DEBUG: Successfully added velocity field to radar object
DEBUG: Found beta data under attribute 'beta'
DEBUG: Beta data shape: (24, 3194), dtype: float64
DEBUG: Beta data range: -3.502603e-05 to 3.980969e-03
DEBUG: Successfully added beta field to radar object
DEBUG: Found intensity data, calculating SNR
DEBUG: SNR data shape: (24, 3194), dtype: float64
DEBUG: SNR data range: -20.000 to 17.465 dB
DEBUG: SNR valid points: 76656/76656
DEBUG: Successfully calculated and added SNR field to radar object
DEBUG: Final radar object has fields: ['velocity', 'beta', 'snr']
DEBUG: Added velocity to available_fields
DEBUG: Added beta to available_fields
DEBUG: Added snr to available_fields
DEBUG: Final available_fields list: [('velocity', 'Doppler Velocity', 'Radial Velocity (m/s)'), ('beta', 'Attenuated Backscatter', 'Backscatter (m⁻¹ sr⁻¹)'), ('snr', 'Signal-to-Noise Ratio', 'SNR (dB)')]
DEBUG: Starting to create plots for 3 fields
DEBUG: Processing field 1/3: velocity
DEBUG: Creating standard plot for velocity
radar['range']: [9.000e+00 1.200e+01 1.500e+01 ... 9.582e+03 9.585e+03 9.588e+03]
radar['azimuth']: [286.1 301.1 316.1 331.1 346.1 361.1 376.1 391.1 406.1 421.1 436.1 451.1
 466.1 481.1 496.1 511.1 526.1 541.1 556.1 571.1 586.1 601.1 616.1 631.1]
radar['elevation']: [7. 7. 7. 7. 7. 7. 7. 7. 7. 7. 7. 7. 7. 7. 7. 7. 7. 7. 7. 7. 7. 7. 7. 7.]
Map extent: 11.4130 to 11.4657, 46.8670 to 46.9031
DEBUG: Saving plot to /gws/pw/j07/ncas_obs_vol1/amf/processing/ncas-lidar-dop-1/20250603_teamx/doppy_processed/quicklooks/ppi_maps/20250727/ncas-lidar-dop-1_sterzing_velocity_ppi-map_standard_20250727-021500.png
DEBUG: Successfully created and saved velocity plot
DEBUG: Processing field 2/3: beta
DEBUG: Creating standard plot for beta
radar['range']: [9.000e+00 1.200e+01 1.500e+01 ... 9.582e+03 9.585e+03 9.588e+03]
radar['azimuth']: [286.1 301.1 316.1 331.1 346.1 361.1 376.1 391.1 406.1 421.1 436.1 451.1
 466.1 481.1 496.1 511.1 526.1 541.1 556.1 571.1 586.1 601.1 616.1 631.1]
radar['elevation']: [7. 7. 7. 7. 7. 7. 7. 7. 7. 7. 7. 7. 7. 7. 7. 7. 7. 7. 7. 7. 7. 7. 7. 7.]
Map extent: 11.4130 to 11.4657, 46.8670 to 46.9031
DEBUG: Saving plot to /gws/pw/j07/ncas_obs_vol1/amf/processing/ncas-lidar-dop-1/20250603_teamx/doppy_processed/quicklooks/ppi_maps/20250727/ncas-lidar-dop-1_sterzing_beta_ppi-map_standard_20250727-021500.png
DEBUG: Successfully created and saved beta plot
DEBUG: Processing field 3/3: snr
DEBUG: Creating standard plot for snr
radar['range']: [9.000e+00 1.200e+01 1.500e+01 ... 9.582e+03 9.585e+03 9.588e+03]
radar['azimuth']: [286.1 301.1 316.1 331.1 346.1 361.1 376.1 391.1 406.1 421.1 436.1 451.1
 466.1 481.1 496.1 511.1 526.1 541.1 556.1 571.1 586.1 601.1 616.1 631.1]
radar['elevation']: [7. 7. 7. 7. 7. 7. 7. 7. 7. 7. 7. 7. 7. 7. 7. 7. 7. 7. 7. 7. 7. 7. 7. 7.]
Map extent: 11.4130 to 11.4657, 46.8670 to 46.9031
DEBUG: Saving plot to /gws/pw/j07/ncas_obs_vol1/amf/processing/ncas-lidar-dop-1/20250603_teamx/doppy_processed/quicklooks/ppi_maps/20250727/ncas-lidar-dop-1_sterzing_snr_ppi-map_standard_20250727-021500.png
DEBUG: Successfully created and saved snr plot
DEBUG: Completed processing. Created 3 plots: ['ncas-lidar-dop-1_sterzing_velocity_ppi-map_standard_20250727-021500.png', 'ncas-lidar-dop-1_sterzing_beta_ppi-map_standard_20250727-021500.png', 'ncas-lidar-dop-1_sterzing_snr_ppi-map_standard_20250727-021500.png']
INFO: Processing file 6/14: /gws/pw/j07/ncas_obs_vol1/amf/raw_data/ncas-lidar-dop-1/incoming/20250603_teamx/Proc/2025/202507/20250727/User5_18_20250727_024500.hpl
Processing /gws/pw/j07/ncas_obs_vol1/amf/raw_data/ncas-lidar-dop-1/incoming/20250603_teamx/Proc/2025/202507/20250727/User5_18_20250727_024500.hpl: Scan type '007VAD - STEPPED'
DEBUG - Range shape: (3194,), Azimuth shape: (24,)
DEBUG - Converting fields to radar object:
DEBUG: Found velocity data under attribute 'radial_velocity'
DEBUG: Velocity data shape: (24, 3194), dtype: float64
DEBUG: Velocity data range: -20.219 to 18.881
DEBUG: Successfully added velocity field to radar object
DEBUG: Found beta data under attribute 'beta'
DEBUG: Beta data shape: (24, 3194), dtype: float64
DEBUG: Beta data range: -2.482212e-05 to 4.230615e-03
DEBUG: Successfully added beta field to radar object
DEBUG: Found intensity data, calculating SNR
DEBUG: SNR data shape: (24, 3194), dtype: float64
DEBUG: SNR data range: -20.000 to 17.729 dB
DEBUG: SNR valid points: 76656/76656
DEBUG: Successfully calculated and added SNR field to radar object
DEBUG: Final radar object has fields: ['velocity', 'beta', 'snr']
DEBUG: Added velocity to available_fields
DEBUG: Added beta to available_fields
DEBUG: Added snr to available_fields
DEBUG: Final available_fields list: [('velocity', 'Doppler Velocity', 'Radial Velocity (m/s)'), ('beta', 'Attenuated Backscatter', 'Backscatter (m⁻¹ sr⁻¹)'), ('snr', 'Signal-to-Noise Ratio', 'SNR (dB)')]
DEBUG: Starting to create plots for 3 fields
DEBUG: Processing field 1/3: velocity
DEBUG: Creating standard plot for velocity
radar['range']: [9.000e+00 1.200e+01 1.500e+01 ... 9.582e+03 9.585e+03 9.588e+03]
radar['azimuth']: [646.1 301.1 316.1 331.1 346.1 361.1 376.1 391.1 406.1 421.1 436.1 451.1
 466.1 481.1 496.1 511.1 526.1 541.1 556.1 571.1 586.1 601.1 616.1 631.1]
radar['elevation']: [7. 7. 7. 7. 7. 7. 7. 7. 7. 7. 7. 7. 7. 7. 7. 7. 7. 7. 7. 7. 7. 7. 7. 7.]
Map extent: 11.4130 to 11.4657, 46.8670 to 46.9031
DEBUG: Saving plot to /gws/pw/j07/ncas_obs_vol1/amf/processing/ncas-lidar-dop-1/20250603_teamx/doppy_processed/quicklooks/ppi_maps/20250727/ncas-lidar-dop-1_sterzing_velocity_ppi-map_standard_20250727-024500.png
DEBUG: Successfully created and saved velocity plot
DEBUG: Processing field 2/3: beta
DEBUG: Creating standard plot for beta
radar['range']: [9.000e+00 1.200e+01 1.500e+01 ... 9.582e+03 9.585e+03 9.588e+03]
radar['azimuth']: [646.1 301.1 316.1 331.1 346.1 361.1 376.1 391.1 406.1 421.1 436.1 451.1
 466.1 481.1 496.1 511.1 526.1 541.1 556.1 571.1 586.1 601.1 616.1 631.1]
radar['elevation']: [7. 7. 7. 7. 7. 7. 7. 7. 7. 7. 7. 7. 7. 7. 7. 7. 7. 7. 7. 7. 7. 7. 7. 7.]
Map extent: 11.4130 to 11.4657, 46.8670 to 46.9031
DEBUG: Saving plot to /gws/pw/j07/ncas_obs_vol1/amf/processing/ncas-lidar-dop-1/20250603_teamx/doppy_processed/quicklooks/ppi_maps/20250727/ncas-lidar-dop-1_sterzing_beta_ppi-map_standard_20250727-024500.png
DEBUG: Successfully created and saved beta plot
DEBUG: Processing field 3/3: snr
DEBUG: Creating standard plot for snr
radar['range']: [9.000e+00 1.200e+01 1.500e+01 ... 9.582e+03 9.585e+03 9.588e+03]
radar['azimuth']: [646.1 301.1 316.1 331.1 346.1 361.1 376.1 391.1 406.1 421.1 436.1 451.1
 466.1 481.1 496.1 511.1 526.1 541.1 556.1 571.1 586.1 601.1 616.1 631.1]
radar['elevation']: [7. 7. 7. 7. 7. 7. 7. 7. 7. 7. 7. 7. 7. 7. 7. 7. 7. 7. 7. 7. 7. 7. 7. 7.]
Map extent: 11.4130 to 11.4657, 46.8670 to 46.9031
DEBUG: Saving plot to /gws/pw/j07/ncas_obs_vol1/amf/processing/ncas-lidar-dop-1/20250603_teamx/doppy_processed/quicklooks/ppi_maps/20250727/ncas-lidar-dop-1_sterzing_snr_ppi-map_standard_20250727-024500.png
DEBUG: Successfully created and saved snr plot
DEBUG: Completed processing. Created 3 plots: ['ncas-lidar-dop-1_sterzing_velocity_ppi-map_standard_20250727-024500.png', 'ncas-lidar-dop-1_sterzing_beta_ppi-map_standard_20250727-024500.png', 'ncas-lidar-dop-1_sterzing_snr_ppi-map_standard_20250727-024500.png']
INFO: Processing file 7/14: /gws/pw/j07/ncas_obs_vol1/amf/raw_data/ncas-lidar-dop-1/incoming/20250603_teamx/Proc/2025/202507/20250727/User5_18_20250727_031500.hpl
Processing /gws/pw/j07/ncas_obs_vol1/amf/raw_data/ncas-lidar-dop-1/incoming/20250603_teamx/Proc/2025/202507/20250727/User5_18_20250727_031500.hpl: Scan type '007VAD - STEPPED'
DEBUG - Range shape: (3194,), Azimuth shape: (24,)
DEBUG - Converting fields to radar object:
DEBUG: Found velocity data under attribute 'radial_velocity'
DEBUG: Velocity data shape: (24, 3194), dtype: float64
DEBUG: Velocity data range: -20.219 to 18.881
DEBUG: Successfully added velocity field to radar object
DEBUG: Found beta data under attribute 'beta'
DEBUG: Beta data shape: (24, 3194), dtype: float64
DEBUG: Beta data range: -3.102734e-05 to 3.996521e-03
DEBUG: Successfully added beta field to radar object
DEBUG: Found intensity data, calculating SNR
DEBUG: SNR data shape: (24, 3194), dtype: float64
DEBUG: SNR data range: -20.000 to 17.475 dB
DEBUG: SNR valid points: 76656/76656
DEBUG: Successfully calculated and added SNR field to radar object
DEBUG: Final radar object has fields: ['velocity', 'beta', 'snr']
DEBUG: Added velocity to available_fields
DEBUG: Added beta to available_fields
DEBUG: Added snr to available_fields
DEBUG: Final available_fields list: [('velocity', 'Doppler Velocity', 'Radial Velocity (m/s)'), ('beta', 'Attenuated Backscatter', 'Backscatter (m⁻¹ sr⁻¹)'), ('snr', 'Signal-to-Noise Ratio', 'SNR (dB)')]
DEBUG: Starting to create plots for 3 fields
DEBUG: Processing field 1/3: velocity
DEBUG: Creating standard plot for velocity
radar['range']: [9.000e+00 1.200e+01 1.500e+01 ... 9.582e+03 9.585e+03 9.588e+03]
radar['azimuth']: [286.1 301.1 316.1 331.1 346.1 361.1 376.1 391.1 406.1 421.1 436.1 451.1
 466.1 481.1 496.1 511.1 526.1 541.1 556.1 571.1 586.1 601.1 616.1 631.1]
radar['elevation']: [7. 7. 7. 7. 7. 7. 7. 7. 7. 7. 7. 7. 7. 7. 7. 7. 7. 7. 7. 7. 7. 7. 7. 7.]
Map extent: 11.4130 to 11.4657, 46.8670 to 46.9031
DEBUG: Saving plot to /gws/pw/j07/ncas_obs_vol1/amf/processing/ncas-lidar-dop-1/20250603_teamx/doppy_processed/quicklooks/ppi_maps/20250727/ncas-lidar-dop-1_sterzing_velocity_ppi-map_standard_20250727-031500.png
DEBUG: Successfully created and saved velocity plot
DEBUG: Processing field 2/3: beta
DEBUG: Creating standard plot for beta
radar['range']: [9.000e+00 1.200e+01 1.500e+01 ... 9.582e+03 9.585e+03 9.588e+03]
radar['azimuth']: [286.1 301.1 316.1 331.1 346.1 361.1 376.1 391.1 406.1 421.1 436.1 451.1
 466.1 481.1 496.1 511.1 526.1 541.1 556.1 571.1 586.1 601.1 616.1 631.1]
radar['elevation']: [7. 7. 7. 7. 7. 7. 7. 7. 7. 7. 7. 7. 7. 7. 7. 7. 7. 7. 7. 7. 7. 7. 7. 7.]
Map extent: 11.4130 to 11.4657, 46.8670 to 46.9031
DEBUG: Saving plot to /gws/pw/j07/ncas_obs_vol1/amf/processing/ncas-lidar-dop-1/20250603_teamx/doppy_processed/quicklooks/ppi_maps/20250727/ncas-lidar-dop-1_sterzing_beta_ppi-map_standard_20250727-031500.png
DEBUG: Successfully created and saved beta plot
DEBUG: Processing field 3/3: snr
DEBUG: Creating standard plot for snr
radar['range']: [9.000e+00 1.200e+01 1.500e+01 ... 9.582e+03 9.585e+03 9.588e+03]
radar['azimuth']: [286.1 301.1 316.1 331.1 346.1 361.1 376.1 391.1 406.1 421.1 436.1 451.1
 466.1 481.1 496.1 511.1 526.1 541.1 556.1 571.1 586.1 601.1 616.1 631.1]
radar['elevation']: [7. 7. 7. 7. 7. 7. 7. 7. 7. 7. 7. 7. 7. 7. 7. 7. 7. 7. 7. 7. 7. 7. 7. 7.]
Map extent: 11.4130 to 11.4657, 46.8670 to 46.9031
DEBUG: Saving plot to /gws/pw/j07/ncas_obs_vol1/amf/processing/ncas-lidar-dop-1/20250603_teamx/doppy_processed/quicklooks/ppi_maps/20250727/ncas-lidar-dop-1_sterzing_snr_ppi-map_standard_20250727-031500.png
DEBUG: Successfully created and saved snr plot
DEBUG: Completed processing. Created 3 plots: ['ncas-lidar-dop-1_sterzing_velocity_ppi-map_standard_20250727-031500.png', 'ncas-lidar-dop-1_sterzing_beta_ppi-map_standard_20250727-031500.png', 'ncas-lidar-dop-1_sterzing_snr_ppi-map_standard_20250727-031500.png']
INFO: Processing file 8/14: /gws/pw/j07/ncas_obs_vol1/amf/raw_data/ncas-lidar-dop-1/incoming/20250603_teamx/Proc/2025/202507/20250727/User5_18_20250727_034501.hpl
Processing /gws/pw/j07/ncas_obs_vol1/amf/raw_data/ncas-lidar-dop-1/incoming/20250603_teamx/Proc/2025/202507/20250727/User5_18_20250727_034501.hpl: Scan type '007VAD - STEPPED'
DEBUG - Range shape: (3194,), Azimuth shape: (24,)
DEBUG - Converting fields to radar object:
DEBUG: Found velocity data under attribute 'radial_velocity'
DEBUG: Velocity data shape: (24, 3194), dtype: float64
DEBUG: Velocity data range: -20.219 to 18.881
DEBUG: Successfully added velocity field to radar object
DEBUG: Found beta data under attribute 'beta'
DEBUG: Beta data shape: (24, 3194), dtype: float64
DEBUG: Beta data range: -3.170123e-05 to 3.970281e-03
DEBUG: Successfully added beta field to radar object
DEBUG: Found intensity data, calculating SNR
DEBUG: SNR data shape: (24, 3194), dtype: float64
DEBUG: SNR data range: -20.000 to 17.326 dB
DEBUG: SNR valid points: 76656/76656
DEBUG: Successfully calculated and added SNR field to radar object
DEBUG: Final radar object has fields: ['velocity', 'beta', 'snr']
DEBUG: Added velocity to available_fields
DEBUG: Added beta to available_fields
DEBUG: Added snr to available_fields
DEBUG: Final available_fields list: [('velocity', 'Doppler Velocity', 'Radial Velocity (m/s)'), ('beta', 'Attenuated Backscatter', 'Backscatter (m⁻¹ sr⁻¹)'), ('snr', 'Signal-to-Noise Ratio', 'SNR (dB)')]
DEBUG: Starting to create plots for 3 fields
DEBUG: Processing field 1/3: velocity
DEBUG: Creating standard plot for velocity
radar['range']: [9.000e+00 1.200e+01 1.500e+01 ... 9.582e+03 9.585e+03 9.588e+03]
radar['azimuth']: [646.1 301.1 316.1 331.1 346.1 361.1 376.1 391.1 406.1 421.1 436.1 451.1
 466.1 481.1 496.1 511.1 526.1 541.1 556.1 571.1 586.1 601.1 616.1 631.1]
radar['elevation']: [7. 7. 7. 7. 7. 7. 7. 7. 7. 7. 7. 7. 7. 7. 7. 7. 7. 7. 7. 7. 7. 7. 7. 7.]
Map extent: 11.4130 to 11.4657, 46.8670 to 46.9031
DEBUG: Saving plot to /gws/pw/j07/ncas_obs_vol1/amf/processing/ncas-lidar-dop-1/20250603_teamx/doppy_processed/quicklooks/ppi_maps/20250727/ncas-lidar-dop-1_sterzing_velocity_ppi-map_standard_20250727-034501.png
DEBUG: Successfully created and saved velocity plot
DEBUG: Processing field 2/3: beta
DEBUG: Creating standard plot for beta
radar['range']: [9.000e+00 1.200e+01 1.500e+01 ... 9.582e+03 9.585e+03 9.588e+03]
radar['azimuth']: [646.1 301.1 316.1 331.1 346.1 361.1 376.1 391.1 406.1 421.1 436.1 451.1
 466.1 481.1 496.1 511.1 526.1 541.1 556.1 571.1 586.1 601.1 616.1 631.1]
radar['elevation']: [7. 7. 7. 7. 7. 7. 7. 7. 7. 7. 7. 7. 7. 7. 7. 7. 7. 7. 7. 7. 7. 7. 7. 7.]
Map extent: 11.4130 to 11.4657, 46.8670 to 46.9031
DEBUG: Saving plot to /gws/pw/j07/ncas_obs_vol1/amf/processing/ncas-lidar-dop-1/20250603_teamx/doppy_processed/quicklooks/ppi_maps/20250727/ncas-lidar-dop-1_sterzing_beta_ppi-map_standard_20250727-034501.png
DEBUG: Successfully created and saved beta plot
DEBUG: Processing field 3/3: snr
DEBUG: Creating standard plot for snr
radar['range']: [9.000e+00 1.200e+01 1.500e+01 ... 9.582e+03 9.585e+03 9.588e+03]
radar['azimuth']: [646.1 301.1 316.1 331.1 346.1 361.1 376.1 391.1 406.1 421.1 436.1 451.1
 466.1 481.1 496.1 511.1 526.1 541.1 556.1 571.1 586.1 601.1 616.1 631.1]
radar['elevation']: [7. 7. 7. 7. 7. 7. 7. 7. 7. 7. 7. 7. 7. 7. 7. 7. 7. 7. 7. 7. 7. 7. 7. 7.]
Map extent: 11.4130 to 11.4657, 46.8670 to 46.9031
DEBUG: Saving plot to /gws/pw/j07/ncas_obs_vol1/amf/processing/ncas-lidar-dop-1/20250603_teamx/doppy_processed/quicklooks/ppi_maps/20250727/ncas-lidar-dop-1_sterzing_snr_ppi-map_standard_20250727-034501.png
DEBUG: Successfully created and saved snr plot
DEBUG: Completed processing. Created 3 plots: ['ncas-lidar-dop-1_sterzing_velocity_ppi-map_standard_20250727-034501.png', 'ncas-lidar-dop-1_sterzing_beta_ppi-map_standard_20250727-034501.png', 'ncas-lidar-dop-1_sterzing_snr_ppi-map_standard_20250727-034501.png']
INFO: Processing file 9/14: /gws/pw/j07/ncas_obs_vol1/amf/raw_data/ncas-lidar-dop-1/incoming/20250603_teamx/Proc/2025/202507/20250727/User5_18_20250727_041500.hpl
Processing /gws/pw/j07/ncas_obs_vol1/amf/raw_data/ncas-lidar-dop-1/incoming/20250603_teamx/Proc/2025/202507/20250727/User5_18_20250727_041500.hpl: Scan type '007VAD - STEPPED'
DEBUG - Range shape: (3194,), Azimuth shape: (24,)
DEBUG - Converting fields to radar object:
DEBUG: Found velocity data under attribute 'radial_velocity'
DEBUG: Velocity data shape: (24, 3194), dtype: float64
DEBUG: Velocity data range: -20.219 to 18.881
DEBUG: Successfully added velocity field to radar object
DEBUG: Found beta data under attribute 'beta'
DEBUG: Beta data shape: (24, 3194), dtype: float64
DEBUG: Beta data range: -2.205472e-05 to 4.348901e-03
DEBUG: Successfully added beta field to radar object
DEBUG: Found intensity data, calculating SNR
DEBUG: SNR data shape: (24, 3194), dtype: float64
DEBUG: SNR data range: -20.000 to 17.849 dB
DEBUG: SNR valid points: 76656/76656
DEBUG: Successfully calculated and added SNR field to radar object
DEBUG: Final radar object has fields: ['velocity', 'beta', 'snr']
DEBUG: Added velocity to available_fields
DEBUG: Added beta to available_fields
DEBUG: Added snr to available_fields
DEBUG: Final available_fields list: [('velocity', 'Doppler Velocity', 'Radial Velocity (m/s)'), ('beta', 'Attenuated Backscatter', 'Backscatter (m⁻¹ sr⁻¹)'), ('snr', 'Signal-to-Noise Ratio', 'SNR (dB)')]
DEBUG: Starting to create plots for 3 fields
DEBUG: Processing field 1/3: velocity
DEBUG: Creating standard plot for velocity
radar['range']: [9.000e+00 1.200e+01 1.500e+01 ... 9.582e+03 9.585e+03 9.588e+03]
radar['azimuth']: [286.1 301.1 316.1 331.1 346.1 361.1 376.1 391.1 406.1 421.1 436.1 451.1
 466.1 481.1 496.1 511.1 526.1 541.1 556.1 571.1 586.1 601.1 616.1 631.1]
radar['elevation']: [7. 7. 7. 7. 7. 7. 7. 7. 7. 7. 7. 7. 7. 7. 7. 7. 7. 7. 7. 7. 7. 7. 7. 7.]
Map extent: 11.4130 to 11.4657, 46.8670 to 46.9031
DEBUG: Saving plot to /gws/pw/j07/ncas_obs_vol1/amf/processing/ncas-lidar-dop-1/20250603_teamx/doppy_processed/quicklooks/ppi_maps/20250727/ncas-lidar-dop-1_sterzing_velocity_ppi-map_standard_20250727-041500.png
DEBUG: Successfully created and saved velocity plot
DEBUG: Processing field 2/3: beta
DEBUG: Creating standard plot for beta
radar['range']: [9.000e+00 1.200e+01 1.500e+01 ... 9.582e+03 9.585e+03 9.588e+03]
radar['azimuth']: [286.1 301.1 316.1 331.1 346.1 361.1 376.1 391.1 406.1 421.1 436.1 451.1
 466.1 481.1 496.1 511.1 526.1 541.1 556.1 571.1 586.1 601.1 616.1 631.1]
radar['elevation']: [7. 7. 7. 7. 7. 7. 7. 7. 7. 7. 7. 7. 7. 7. 7. 7. 7. 7. 7. 7. 7. 7. 7. 7.]
Map extent: 11.4130 to 11.4657, 46.8670 to 46.9031
DEBUG: Saving plot to /gws/pw/j07/ncas_obs_vol1/amf/processing/ncas-lidar-dop-1/20250603_teamx/doppy_processed/quicklooks/ppi_maps/20250727/ncas-lidar-dop-1_sterzing_beta_ppi-map_standard_20250727-041500.png
DEBUG: Successfully created and saved beta plot
DEBUG: Processing field 3/3: snr
DEBUG: Creating standard plot for snr
radar['range']: [9.000e+00 1.200e+01 1.500e+01 ... 9.582e+03 9.585e+03 9.588e+03]
radar['azimuth']: [286.1 301.1 316.1 331.1 346.1 361.1 376.1 391.1 406.1 421.1 436.1 451.1
 466.1 481.1 496.1 511.1 526.1 541.1 556.1 571.1 586.1 601.1 616.1 631.1]
radar['elevation']: [7. 7. 7. 7. 7. 7. 7. 7. 7. 7. 7. 7. 7. 7. 7. 7. 7. 7. 7. 7. 7. 7. 7. 7.]
Map extent: 11.4130 to 11.4657, 46.8670 to 46.9031
DEBUG: Saving plot to /gws/pw/j07/ncas_obs_vol1/amf/processing/ncas-lidar-dop-1/20250603_teamx/doppy_processed/quicklooks/ppi_maps/20250727/ncas-lidar-dop-1_sterzing_snr_ppi-map_standard_20250727-041500.png
DEBUG: Successfully created and saved snr plot
DEBUG: Completed processing. Created 3 plots: ['ncas-lidar-dop-1_sterzing_velocity_ppi-map_standard_20250727-041500.png', 'ncas-lidar-dop-1_sterzing_beta_ppi-map_standard_20250727-041500.png', 'ncas-lidar-dop-1_sterzing_snr_ppi-map_standard_20250727-041500.png']
INFO: Processing file 10/14: /gws/pw/j07/ncas_obs_vol1/amf/raw_data/ncas-lidar-dop-1/incoming/20250603_teamx/Proc/2025/202507/20250727/User5_18_20250727_044501.hpl
Processing /gws/pw/j07/ncas_obs_vol1/amf/raw_data/ncas-lidar-dop-1/incoming/20250603_teamx/Proc/2025/202507/20250727/User5_18_20250727_044501.hpl: Scan type '007VAD - STEPPED'
DEBUG - Range shape: (3194,), Azimuth shape: (24,)
DEBUG - Converting fields to radar object:
DEBUG: Found velocity data under attribute 'radial_velocity'
DEBUG: Velocity data shape: (24, 3194), dtype: float64
DEBUG: Velocity data range: -20.219 to 18.881
DEBUG: Successfully added velocity field to radar object
DEBUG: Found beta data under attribute 'beta'
DEBUG: Beta data shape: (24, 3194), dtype: float64
DEBUG: Beta data range: -2.305445e-05 to 4.116489e-03
DEBUG: Successfully added beta field to radar object
DEBUG: Found intensity data, calculating SNR
DEBUG: SNR data shape: (24, 3194), dtype: float64
DEBUG: SNR data range: -20.000 to 17.610 dB
DEBUG: SNR valid points: 76656/76656
DEBUG: Successfully calculated and added SNR field to radar object
DEBUG: Final radar object has fields: ['velocity', 'beta', 'snr']
DEBUG: Added velocity to available_fields
DEBUG: Added beta to available_fields
DEBUG: Added snr to available_fields
DEBUG: Final available_fields list: [('velocity', 'Doppler Velocity', 'Radial Velocity (m/s)'), ('beta', 'Attenuated Backscatter', 'Backscatter (m⁻¹ sr⁻¹)'), ('snr', 'Signal-to-Noise Ratio', 'SNR (dB)')]
DEBUG: Starting to create plots for 3 fields
DEBUG: Processing field 1/3: velocity
DEBUG: Creating standard plot for velocity
radar['range']: [9.000e+00 1.200e+01 1.500e+01 ... 9.582e+03 9.585e+03 9.588e+03]
radar['azimuth']: [286.1 301.1 316.1 331.1 346.1 361.1 376.1 391.1 406.1 421.1 436.1 451.1
 466.1 481.1 496.1 511.1 526.1 541.1 556.1 571.1 586.1 601.1 616.1 631.1]
radar['elevation']: [7. 7. 7. 7. 7. 7. 7. 7. 7. 7. 7. 7. 7. 7. 7. 7. 7. 7. 7. 7. 7. 7. 7. 7.]
Map extent: 11.4130 to 11.4657, 46.8670 to 46.9031
DEBUG: Saving plot to /gws/pw/j07/ncas_obs_vol1/amf/processing/ncas-lidar-dop-1/20250603_teamx/doppy_processed/quicklooks/ppi_maps/20250727/ncas-lidar-dop-1_sterzing_velocity_ppi-map_standard_20250727-044501.png
DEBUG: Successfully created and saved velocity plot
DEBUG: Processing field 2/3: beta
DEBUG: Creating standard plot for beta
radar['range']: [9.000e+00 1.200e+01 1.500e+01 ... 9.582e+03 9.585e+03 9.588e+03]
radar['azimuth']: [286.1 301.1 316.1 331.1 346.1 361.1 376.1 391.1 406.1 421.1 436.1 451.1
 466.1 481.1 496.1 511.1 526.1 541.1 556.1 571.1 586.1 601.1 616.1 631.1]
radar['elevation']: [7. 7. 7. 7. 7. 7. 7. 7. 7. 7. 7. 7. 7. 7. 7. 7. 7. 7. 7. 7. 7. 7. 7. 7.]
Map extent: 11.4130 to 11.4657, 46.8670 to 46.9031
DEBUG: Saving plot to /gws/pw/j07/ncas_obs_vol1/amf/processing/ncas-lidar-dop-1/20250603_teamx/doppy_processed/quicklooks/ppi_maps/20250727/ncas-lidar-dop-1_sterzing_beta_ppi-map_standard_20250727-044501.png
DEBUG: Successfully created and saved beta plot
DEBUG: Processing field 3/3: snr
DEBUG: Creating standard plot for snr
radar['range']: [9.000e+00 1.200e+01 1.500e+01 ... 9.582e+03 9.585e+03 9.588e+03]
radar['azimuth']: [286.1 301.1 316.1 331.1 346.1 361.1 376.1 391.1 406.1 421.1 436.1 451.1
 466.1 481.1 496.1 511.1 526.1 541.1 556.1 571.1 586.1 601.1 616.1 631.1]
radar['elevation']: [7. 7. 7. 7. 7. 7. 7. 7. 7. 7. 7. 7. 7. 7. 7. 7. 7. 7. 7. 7. 7. 7. 7. 7.]
Map extent: 11.4130 to 11.4657, 46.8670 to 46.9031
DEBUG: Saving plot to /gws/pw/j07/ncas_obs_vol1/amf/processing/ncas-lidar-dop-1/20250603_teamx/doppy_processed/quicklooks/ppi_maps/20250727/ncas-lidar-dop-1_sterzing_snr_ppi-map_standard_20250727-044501.png
DEBUG: Successfully created and saved snr plot
DEBUG: Completed processing. Created 3 plots: ['ncas-lidar-dop-1_sterzing_velocity_ppi-map_standard_20250727-044501.png', 'ncas-lidar-dop-1_sterzing_beta_ppi-map_standard_20250727-044501.png', 'ncas-lidar-dop-1_sterzing_snr_ppi-map_standard_20250727-044501.png']
INFO: Processing file 11/14: /gws/pw/j07/ncas_obs_vol1/amf/raw_data/ncas-lidar-dop-1/incoming/20250603_teamx/Proc/2025/202507/20250727/User5_18_20250727_054501.hpl
Processing /gws/pw/j07/ncas_obs_vol1/amf/raw_data/ncas-lidar-dop-1/incoming/20250603_teamx/Proc/2025/202507/20250727/User5_18_20250727_054501.hpl: Scan type '007VAD - STEPPED'
DEBUG - Range shape: (3194,), Azimuth shape: (24,)
DEBUG - Converting fields to radar object:
DEBUG: Found velocity data under attribute 'radial_velocity'
DEBUG: Velocity data shape: (24, 3194), dtype: float64
DEBUG: Velocity data range: -20.219 to 18.881
DEBUG: Successfully added velocity field to radar object
DEBUG: Found beta data under attribute 'beta'
DEBUG: Beta data shape: (24, 3194), dtype: float64
DEBUG: Beta data range: -2.713178e-05 to 4.205005e-03
DEBUG: Successfully added beta field to radar object
DEBUG: Found intensity data, calculating SNR
DEBUG: SNR data shape: (24, 3194), dtype: float64
DEBUG: SNR data range: -20.000 to 17.689 dB
DEBUG: SNR valid points: 76656/76656
DEBUG: Successfully calculated and added SNR field to radar object
DEBUG: Final radar object has fields: ['velocity', 'beta', 'snr']
DEBUG: Added velocity to available_fields
DEBUG: Added beta to available_fields
DEBUG: Added snr to available_fields
DEBUG: Final available_fields list: [('velocity', 'Doppler Velocity', 'Radial Velocity (m/s)'), ('beta', 'Attenuated Backscatter', 'Backscatter (m⁻¹ sr⁻¹)'), ('snr', 'Signal-to-Noise Ratio', 'SNR (dB)')]
DEBUG: Starting to create plots for 3 fields
DEBUG: Processing field 1/3: velocity
DEBUG: Creating standard plot for velocity
radar['range']: [9.000e+00 1.200e+01 1.500e+01 ... 9.582e+03 9.585e+03 9.588e+03]
radar['azimuth']: [286.1 301.1 316.1 331.1 346.1 361.1 376.1 391.1 406.1 421.1 436.1 451.1
 466.1 481.1 496.1 511.1 526.1 541.1 556.1 571.1 586.1 601.1 616.1 631.1]
radar['elevation']: [7. 7. 7. 7. 7. 7. 7. 7. 7. 7. 7. 7. 7. 7. 7. 7. 7. 7. 7. 7. 7. 7. 7. 7.]
Map extent: 11.4130 to 11.4657, 46.8670 to 46.9031
DEBUG: Saving plot to /gws/pw/j07/ncas_obs_vol1/amf/processing/ncas-lidar-dop-1/20250603_teamx/doppy_processed/quicklooks/ppi_maps/20250727/ncas-lidar-dop-1_sterzing_velocity_ppi-map_standard_20250727-054501.png
DEBUG: Successfully created and saved velocity plot
DEBUG: Processing field 2/3: beta
DEBUG: Creating standard plot for beta
radar['range']: [9.000e+00 1.200e+01 1.500e+01 ... 9.582e+03 9.585e+03 9.588e+03]
radar['azimuth']: [286.1 301.1 316.1 331.1 346.1 361.1 376.1 391.1 406.1 421.1 436.1 451.1
 466.1 481.1 496.1 511.1 526.1 541.1 556.1 571.1 586.1 601.1 616.1 631.1]
radar['elevation']: [7. 7. 7. 7. 7. 7. 7. 7. 7. 7. 7. 7. 7. 7. 7. 7. 7. 7. 7. 7. 7. 7. 7. 7.]
Map extent: 11.4130 to 11.4657, 46.8670 to 46.9031
DEBUG: Saving plot to /gws/pw/j07/ncas_obs_vol1/amf/processing/ncas-lidar-dop-1/20250603_teamx/doppy_processed/quicklooks/ppi_maps/20250727/ncas-lidar-dop-1_sterzing_beta_ppi-map_standard_20250727-054501.png
DEBUG: Successfully created and saved beta plot
DEBUG: Processing field 3/3: snr
DEBUG: Creating standard plot for snr
radar['range']: [9.000e+00 1.200e+01 1.500e+01 ... 9.582e+03 9.585e+03 9.588e+03]
radar['azimuth']: [286.1 301.1 316.1 331.1 346.1 361.1 376.1 391.1 406.1 421.1 436.1 451.1
 466.1 481.1 496.1 511.1 526.1 541.1 556.1 571.1 586.1 601.1 616.1 631.1]
radar['elevation']: [7. 7. 7. 7. 7. 7. 7. 7. 7. 7. 7. 7. 7. 7. 7. 7. 7. 7. 7. 7. 7. 7. 7. 7.]
Map extent: 11.4130 to 11.4657, 46.8670 to 46.9031
DEBUG: Saving plot to /gws/pw/j07/ncas_obs_vol1/amf/processing/ncas-lidar-dop-1/20250603_teamx/doppy_processed/quicklooks/ppi_maps/20250727/ncas-lidar-dop-1_sterzing_snr_ppi-map_standard_20250727-054501.png
DEBUG: Successfully created and saved snr plot
DEBUG: Completed processing. Created 3 plots: ['ncas-lidar-dop-1_sterzing_velocity_ppi-map_standard_20250727-054501.png', 'ncas-lidar-dop-1_sterzing_beta_ppi-map_standard_20250727-054501.png', 'ncas-lidar-dop-1_sterzing_snr_ppi-map_standard_20250727-054501.png']
INFO: Processing file 12/14: /gws/pw/j07/ncas_obs_vol1/amf/raw_data/ncas-lidar-dop-1/incoming/20250603_teamx/Proc/2025/202507/20250727/User5_18_20250727_051500.hpl
Processing /gws/pw/j07/ncas_obs_vol1/amf/raw_data/ncas-lidar-dop-1/incoming/20250603_teamx/Proc/2025/202507/20250727/User5_18_20250727_051500.hpl: Scan type '007VAD - STEPPED'
DEBUG - Range shape: (3194,), Azimuth shape: (24,)
DEBUG - Converting fields to radar object:
DEBUG: Found velocity data under attribute 'radial_velocity'
DEBUG: Velocity data shape: (24, 3194), dtype: float64
DEBUG: Velocity data range: -20.219 to 18.881
DEBUG: Successfully added velocity field to radar object
DEBUG: Found beta data under attribute 'beta'
DEBUG: Beta data shape: (24, 3194), dtype: float64
DEBUG: Beta data range: -3.377270e-05 to 4.505509e-03
DEBUG: Successfully added beta field to radar object
DEBUG: Found intensity data, calculating SNR
DEBUG: SNR data shape: (24, 3194), dtype: float64
DEBUG: SNR data range: -20.000 to 17.961 dB
DEBUG: SNR valid points: 76656/76656
DEBUG: Successfully calculated and added SNR field to radar object
DEBUG: Final radar object has fields: ['velocity', 'beta', 'snr']
DEBUG: Added velocity to available_fields
DEBUG: Added beta to available_fields
DEBUG: Added snr to available_fields
DEBUG: Final available_fields list: [('velocity', 'Doppler Velocity', 'Radial Velocity (m/s)'), ('beta', 'Attenuated Backscatter', 'Backscatter (m⁻¹ sr⁻¹)'), ('snr', 'Signal-to-Noise Ratio', 'SNR (dB)')]
DEBUG: Starting to create plots for 3 fields
DEBUG: Processing field 1/3: velocity
DEBUG: Creating standard plot for velocity
radar['range']: [9.000e+00 1.200e+01 1.500e+01 ... 9.582e+03 9.585e+03 9.588e+03]
radar['azimuth']: [286.1 301.1 316.1 331.1 346.1 361.1 376.1 391.1 406.1 421.1 436.1 451.1
 466.1 481.1 496.1 511.1 526.1 541.1 556.1 571.1 586.1 601.1 616.1 631.1]
radar['elevation']: [7. 7. 7. 7. 7. 7. 7. 7. 7. 7. 7. 7. 7. 7. 7. 7. 7. 7. 7. 7. 7. 7. 7. 7.]
Map extent: 11.4130 to 11.4657, 46.8670 to 46.9031
DEBUG: Saving plot to /gws/pw/j07/ncas_obs_vol1/amf/processing/ncas-lidar-dop-1/20250603_teamx/doppy_processed/quicklooks/ppi_maps/20250727/ncas-lidar-dop-1_sterzing_velocity_ppi-map_standard_20250727-051500.png
DEBUG: Successfully created and saved velocity plot
DEBUG: Processing field 2/3: beta
DEBUG: Creating standard plot for beta
radar['range']: [9.000e+00 1.200e+01 1.500e+01 ... 9.582e+03 9.585e+03 9.588e+03]
radar['azimuth']: [286.1 301.1 316.1 331.1 346.1 361.1 376.1 391.1 406.1 421.1 436.1 451.1
 466.1 481.1 496.1 511.1 526.1 541.1 556.1 571.1 586.1 601.1 616.1 631.1]
radar['elevation']: [7. 7. 7. 7. 7. 7. 7. 7. 7. 7. 7. 7. 7. 7. 7. 7. 7. 7. 7. 7. 7. 7. 7. 7.]
Map extent: 11.4130 to 11.4657, 46.8670 to 46.9031
DEBUG: Saving plot to /gws/pw/j07/ncas_obs_vol1/amf/processing/ncas-lidar-dop-1/20250603_teamx/doppy_processed/quicklooks/ppi_maps/20250727/ncas-lidar-dop-1_sterzing_beta_ppi-map_standard_20250727-051500.png
DEBUG: Successfully created and saved beta plot
DEBUG: Processing field 3/3: snr
DEBUG: Creating standard plot for snr
radar['range']: [9.000e+00 1.200e+01 1.500e+01 ... 9.582e+03 9.585e+03 9.588e+03]
radar['azimuth']: [286.1 301.1 316.1 331.1 346.1 361.1 376.1 391.1 406.1 421.1 436.1 451.1
 466.1 481.1 496.1 511.1 526.1 541.1 556.1 571.1 586.1 601.1 616.1 631.1]
radar['elevation']: [7. 7. 7. 7. 7. 7. 7. 7. 7. 7. 7. 7. 7. 7. 7. 7. 7. 7. 7. 7. 7. 7. 7. 7.]
Map extent: 11.4130 to 11.4657, 46.8670 to 46.9031
DEBUG: Saving plot to /gws/pw/j07/ncas_obs_vol1/amf/processing/ncas-lidar-dop-1/20250603_teamx/doppy_processed/quicklooks/ppi_maps/20250727/ncas-lidar-dop-1_sterzing_snr_ppi-map_standard_20250727-051500.png
DEBUG: Successfully created and saved snr plot
DEBUG: Completed processing. Created 3 plots: ['ncas-lidar-dop-1_sterzing_velocity_ppi-map_standard_20250727-051500.png', 'ncas-lidar-dop-1_sterzing_beta_ppi-map_standard_20250727-051500.png', 'ncas-lidar-dop-1_sterzing_snr_ppi-map_standard_20250727-051500.png']
INFO: Processing file 13/14: /gws/pw/j07/ncas_obs_vol1/amf/raw_data/ncas-lidar-dop-1/incoming/20250603_teamx/Proc/2025/202507/20250727/User5_18_20250727_064502.hpl
Processing /gws/pw/j07/ncas_obs_vol1/amf/raw_data/ncas-lidar-dop-1/incoming/20250603_teamx/Proc/2025/202507/20250727/User5_18_20250727_064502.hpl: Scan type '007VAD - STEPPED'
DEBUG - Range shape: (3194,), Azimuth shape: (24,)
DEBUG - Converting fields to radar object:
DEBUG: Found velocity data under attribute 'radial_velocity'
DEBUG: Velocity data shape: (24, 3194), dtype: float64
DEBUG: Velocity data range: -20.219 to 18.881
DEBUG: Successfully added velocity field to radar object
DEBUG: Found beta data under attribute 'beta'
DEBUG: Beta data shape: (24, 3194), dtype: float64
DEBUG: Beta data range: -3.041719e-05 to 4.123861e-03
DEBUG: Successfully added beta field to radar object
DEBUG: Found intensity data, calculating SNR
DEBUG: SNR data shape: (24, 3194), dtype: float64
DEBUG: SNR data range: -20.000 to 17.618 dB
DEBUG: SNR valid points: 76656/76656
DEBUG: Successfully calculated and added SNR field to radar object
DEBUG: Final radar object has fields: ['velocity', 'beta', 'snr']
DEBUG: Added velocity to available_fields
DEBUG: Added beta to available_fields
DEBUG: Added snr to available_fields
DEBUG: Final available_fields list: [('velocity', 'Doppler Velocity', 'Radial Velocity (m/s)'), ('beta', 'Attenuated Backscatter', 'Backscatter (m⁻¹ sr⁻¹)'), ('snr', 'Signal-to-Noise Ratio', 'SNR (dB)')]
DEBUG: Starting to create plots for 3 fields
DEBUG: Processing field 1/3: velocity
DEBUG: Creating standard plot for velocity
radar['range']: [9.000e+00 1.200e+01 1.500e+01 ... 9.582e+03 9.585e+03 9.588e+03]
radar['azimuth']: [646.1 301.1 316.1 331.1 346.1 361.1 376.1 391.1 406.1 421.1 436.1 451.1
 466.1 481.1 496.1 511.1 526.1 541.1 556.1 571.1 586.1 601.1 616.1 631.1]
radar['elevation']: [7. 7. 7. 7. 7. 7. 7. 7. 7. 7. 7. 7. 7. 7. 7. 7. 7. 7. 7. 7. 7. 7. 7. 7.]
Map extent: 11.4130 to 11.4657, 46.8670 to 46.9031
DEBUG: Saving plot to /gws/pw/j07/ncas_obs_vol1/amf/processing/ncas-lidar-dop-1/20250603_teamx/doppy_processed/quicklooks/ppi_maps/20250727/ncas-lidar-dop-1_sterzing_velocity_ppi-map_standard_20250727-064502.png
DEBUG: Successfully created and saved velocity plot
DEBUG: Processing field 2/3: beta
DEBUG: Creating standard plot for beta
radar['range']: [9.000e+00 1.200e+01 1.500e+01 ... 9.582e+03 9.585e+03 9.588e+03]
radar['azimuth']: [646.1 301.1 316.1 331.1 346.1 361.1 376.1 391.1 406.1 421.1 436.1 451.1
 466.1 481.1 496.1 511.1 526.1 541.1 556.1 571.1 586.1 601.1 616.1 631.1]
radar['elevation']: [7. 7. 7. 7. 7. 7. 7. 7. 7. 7. 7. 7. 7. 7. 7. 7. 7. 7. 7. 7. 7. 7. 7. 7.]
Map extent: 11.4130 to 11.4657, 46.8670 to 46.9031
DEBUG: Saving plot to /gws/pw/j07/ncas_obs_vol1/amf/processing/ncas-lidar-dop-1/20250603_teamx/doppy_processed/quicklooks/ppi_maps/20250727/ncas-lidar-dop-1_sterzing_beta_ppi-map_standard_20250727-064502.png
DEBUG: Successfully created and saved beta plot
DEBUG: Processing field 3/3: snr
DEBUG: Creating standard plot for snr
radar['range']: [9.000e+00 1.200e+01 1.500e+01 ... 9.582e+03 9.585e+03 9.588e+03]
radar['azimuth']: [646.1 301.1 316.1 331.1 346.1 361.1 376.1 391.1 406.1 421.1 436.1 451.1
 466.1 481.1 496.1 511.1 526.1 541.1 556.1 571.1 586.1 601.1 616.1 631.1]
radar['elevation']: [7. 7. 7. 7. 7. 7. 7. 7. 7. 7. 7. 7. 7. 7. 7. 7. 7. 7. 7. 7. 7. 7. 7. 7.]
Map extent: 11.4130 to 11.4657, 46.8670 to 46.9031
DEBUG: Saving plot to /gws/pw/j07/ncas_obs_vol1/amf/processing/ncas-lidar-dop-1/20250603_teamx/doppy_processed/quicklooks/ppi_maps/20250727/ncas-lidar-dop-1_sterzing_snr_ppi-map_standard_20250727-064502.png
DEBUG: Successfully created and saved snr plot
DEBUG: Completed processing. Created 3 plots: ['ncas-lidar-dop-1_sterzing_velocity_ppi-map_standard_20250727-064502.png', 'ncas-lidar-dop-1_sterzing_beta_ppi-map_standard_20250727-064502.png', 'ncas-lidar-dop-1_sterzing_snr_ppi-map_standard_20250727-064502.png']
INFO: Processing file 14/14: /gws/pw/j07/ncas_obs_vol1/amf/raw_data/ncas-lidar-dop-1/incoming/20250603_teamx/Proc/2025/202507/20250727/User5_18_20250727_061500.hpl
Processing /gws/pw/j07/ncas_obs_vol1/amf/raw_data/ncas-lidar-dop-1/incoming/20250603_teamx/Proc/2025/202507/20250727/User5_18_20250727_061500.hpl: Scan type '007VAD - STEPPED'
DEBUG - Range shape: (3194,), Azimuth shape: (24,)
DEBUG - Converting fields to radar object:
DEBUG: Found velocity data under attribute 'radial_velocity'
DEBUG: Velocity data shape: (24, 3194), dtype: float64
DEBUG: Velocity data range: -20.219 to 18.881
DEBUG: Successfully added velocity field to radar object
DEBUG: Found beta data under attribute 'beta'
DEBUG: Beta data shape: (24, 3194), dtype: float64
DEBUG: Beta data range: -3.453136e-05 to 4.132508e-03
DEBUG: Successfully added beta field to radar object
DEBUG: Found intensity data, calculating SNR
DEBUG: SNR data shape: (24, 3194), dtype: float64
DEBUG: SNR data range: -20.000 to 17.579 dB
DEBUG: SNR valid points: 76656/76656
DEBUG: Successfully calculated and added SNR field to radar object
DEBUG: Final radar object has fields: ['velocity', 'beta', 'snr']
DEBUG: Added velocity to available_fields
DEBUG: Added beta to available_fields
DEBUG: Added snr to available_fields
DEBUG: Final available_fields list: [('velocity', 'Doppler Velocity', 'Radial Velocity (m/s)'), ('beta', 'Attenuated Backscatter', 'Backscatter (m⁻¹ sr⁻¹)'), ('snr', 'Signal-to-Noise Ratio', 'SNR (dB)')]
DEBUG: Starting to create plots for 3 fields
DEBUG: Processing field 1/3: velocity
DEBUG: Creating standard plot for velocity
radar['range']: [9.000e+00 1.200e+01 1.500e+01 ... 9.582e+03 9.585e+03 9.588e+03]
radar['azimuth']: [286.1 301.1 316.1 331.1 346.1 361.1 376.1 391.1 406.1 421.1 436.1 451.1
 466.1 481.1 496.1 511.1 526.1 541.1 556.1 571.1 586.1 601.1 616.1 631.1]
radar['elevation']: [7. 7. 7. 7. 7. 7. 7. 7. 7. 7. 7. 7. 7. 7. 7. 7. 7. 7. 7. 7. 7. 7. 7. 7.]
Map extent: 11.4130 to 11.4657, 46.8670 to 46.9031
DEBUG: Saving plot to /gws/pw/j07/ncas_obs_vol1/amf/processing/ncas-lidar-dop-1/20250603_teamx/doppy_processed/quicklooks/ppi_maps/20250727/ncas-lidar-dop-1_sterzing_velocity_ppi-map_standard_20250727-061500.png
DEBUG: Successfully created and saved velocity plot
DEBUG: Processing field 2/3: beta
DEBUG: Creating standard plot for beta
radar['range']: [9.000e+00 1.200e+01 1.500e+01 ... 9.582e+03 9.585e+03 9.588e+03]
radar['azimuth']: [286.1 301.1 316.1 331.1 346.1 361.1 376.1 391.1 406.1 421.1 436.1 451.1
 466.1 481.1 496.1 511.1 526.1 541.1 556.1 571.1 586.1 601.1 616.1 631.1]
radar['elevation']: [7. 7. 7. 7. 7. 7. 7. 7. 7. 7. 7. 7. 7. 7. 7. 7. 7. 7. 7. 7. 7. 7. 7. 7.]
Map extent: 11.4130 to 11.4657, 46.8670 to 46.9031
DEBUG: Saving plot to /gws/pw/j07/ncas_obs_vol1/amf/processing/ncas-lidar-dop-1/20250603_teamx/doppy_processed/quicklooks/ppi_maps/20250727/ncas-lidar-dop-1_sterzing_beta_ppi-map_standard_20250727-061500.png
DEBUG: Successfully created and saved beta plot
DEBUG: Processing field 3/3: snr
DEBUG: Creating standard plot for snr
radar['range']: [9.000e+00 1.200e+01 1.500e+01 ... 9.582e+03 9.585e+03 9.588e+03]
radar['azimuth']: [286.1 301.1 316.1 331.1 346.1 361.1 376.1 391.1 406.1 421.1 436.1 451.1
 466.1 481.1 496.1 511.1 526.1 541.1 556.1 571.1 586.1 601.1 616.1 631.1]
radar['elevation']: [7. 7. 7. 7. 7. 7. 7. 7. 7. 7. 7. 7. 7. 7. 7. 7. 7. 7. 7. 7. 7. 7. 7. 7.]
Map extent: 11.4130 to 11.4657, 46.8670 to 46.9031
DEBUG: Saving plot to /gws/pw/j07/ncas_obs_vol1/amf/processing/ncas-lidar-dop-1/20250603_teamx/doppy_processed/quicklooks/ppi_maps/20250727/ncas-lidar-dop-1_sterzing_snr_ppi-map_standard_20250727-061500.png
DEBUG: Successfully created and saved snr plot
DEBUG: Completed processing. Created 3 plots: ['ncas-lidar-dop-1_sterzing_velocity_ppi-map_standard_20250727-061500.png', 'ncas-lidar-dop-1_sterzing_beta_ppi-map_standard_20250727-061500.png', 'ncas-lidar-dop-1_sterzing_snr_ppi-map_standard_20250727-061500.png']
INFO: Completed processing 14 files. Created output files: ['ncas-lidar-dop-1_sterzing_velocity_ppi-map_standard_20250727-001500.png', 'ncas-lidar-dop-1_sterzing_beta_ppi-map_standard_20250727-001500.png', 'ncas-lidar-dop-1_sterzing_snr_ppi-map_standard_20250727-001500.png', 'ncas-lidar-dop-1_sterzing_velocity_ppi-map_standard_20250727-004501.png', 'ncas-lidar-dop-1_sterzing_beta_ppi-map_standard_20250727-004501.png', 'ncas-lidar-dop-1_sterzing_snr_ppi-map_standard_20250727-004501.png', 'ncas-lidar-dop-1_sterzing_velocity_ppi-map_standard_20250727-014501.png', 'ncas-lidar-dop-1_sterzing_beta_ppi-map_standard_20250727-014501.png', 'ncas-lidar-dop-1_sterzing_snr_ppi-map_standard_20250727-014501.png', 'ncas-lidar-dop-1_sterzing_velocity_ppi-map_standard_20250727-011500.png', 'ncas-lidar-dop-1_sterzing_beta_ppi-map_standard_20250727-011500.png', 'ncas-lidar-dop-1_sterzing_snr_ppi-map_standard_20250727-011500.png', 'ncas-lidar-dop-1_sterzing_velocity_ppi-map_standard_20250727-021500.png', 'ncas-lidar-dop-1_sterzing_beta_ppi-map_standard_20250727-021500.png', 'ncas-lidar-dop-1_sterzing_snr_ppi-map_standard_20250727-021500.png', 'ncas-lidar-dop-1_sterzing_velocity_ppi-map_standard_20250727-024500.png', 'ncas-lidar-dop-1_sterzing_beta_ppi-map_standard_20250727-024500.png', 'ncas-lidar-dop-1_sterzing_snr_ppi-map_standard_20250727-024500.png', 'ncas-lidar-dop-1_sterzing_velocity_ppi-map_standard_20250727-031500.png', 'ncas-lidar-dop-1_sterzing_beta_ppi-map_standard_20250727-031500.png', 'ncas-lidar-dop-1_sterzing_snr_ppi-map_standard_20250727-031500.png', 'ncas-lidar-dop-1_sterzing_velocity_ppi-map_standard_20250727-034501.png', 'ncas-lidar-dop-1_sterzing_beta_ppi-map_standard_20250727-034501.png', 'ncas-lidar-dop-1_sterzing_snr_ppi-map_standard_20250727-034501.png', 'ncas-lidar-dop-1_sterzing_velocity_ppi-map_standard_20250727-041500.png', 'ncas-lidar-dop-1_sterzing_beta_ppi-map_standard_20250727-041500.png', 'ncas-lidar-dop-1_sterzing_snr_ppi-map_standard_20250727-041500.png', 'ncas-lidar-dop-1_sterzing_velocity_ppi-map_standard_20250727-044501.png', 'ncas-lidar-dop-1_sterzing_beta_ppi-map_standard_20250727-044501.png', 'ncas-lidar-dop-1_sterzing_snr_ppi-map_standard_20250727-044501.png', 'ncas-lidar-dop-1_sterzing_velocity_ppi-map_standard_20250727-054501.png', 'ncas-lidar-dop-1_sterzing_beta_ppi-map_standard_20250727-054501.png', 'ncas-lidar-dop-1_sterzing_snr_ppi-map_standard_20250727-054501.png', 'ncas-lidar-dop-1_sterzing_velocity_ppi-map_standard_20250727-051500.png', 'ncas-lidar-dop-1_sterzing_beta_ppi-map_standard_20250727-051500.png', 'ncas-lidar-dop-1_sterzing_snr_ppi-map_standard_20250727-051500.png', 'ncas-lidar-dop-1_sterzing_velocity_ppi-map_standard_20250727-064502.png', 'ncas-lidar-dop-1_sterzing_beta_ppi-map_standard_20250727-064502.png', 'ncas-lidar-dop-1_sterzing_snr_ppi-map_standard_20250727-064502.png', 'ncas-lidar-dop-1_sterzing_velocity_ppi-map_standard_20250727-061500.png', 'ncas-lidar-dop-1_sterzing_beta_ppi-map_standard_20250727-061500.png', 'ncas-lidar-dop-1_sterzing_snr_ppi-map_standard_20250727-061500.png']
sending incremental file list
ppi_maps/20250725/ncas-lidar-dop-1_sterzing_beta_ppi-map_standard_20250725-001500.png
ppi_maps/20250725/ncas-lidar-dop-1_sterzing_beta_ppi-map_standard_20250725-004501.png
ppi_maps/20250725/ncas-lidar-dop-1_sterzing_beta_ppi-map_standard_20250725-011501.png
ppi_maps/20250725/ncas-lidar-dop-1_sterzing_beta_ppi-map_standard_20250725-014500.png
ppi_maps/20250725/ncas-lidar-dop-1_sterzing_beta_ppi-map_standard_20250725-021500.png
ppi_maps/20250725/ncas-lidar-dop-1_sterzing_beta_ppi-map_standard_20250725-024502.png
ppi_maps/20250725/ncas-lidar-dop-1_sterzing_beta_ppi-map_standard_20250725-031501.png
ppi_maps/20250725/ncas-lidar-dop-1_sterzing_beta_ppi-map_standard_20250725-034500.png
ppi_maps/20250725/ncas-lidar-dop-1_sterzing_beta_ppi-map_standard_20250725-041500.png
ppi_maps/20250725/ncas-lidar-dop-1_sterzing_beta_ppi-map_standard_20250725-044501.png
ppi_maps/20250725/ncas-lidar-dop-1_sterzing_beta_ppi-map_standard_20250725-051501.png
ppi_maps/20250725/ncas-lidar-dop-1_sterzing_beta_ppi-map_standard_20250725-054500.png
ppi_maps/20250725/ncas-lidar-dop-1_sterzing_snr_ppi-map_standard_20250725-001500.png
ppi_maps/20250725/ncas-lidar-dop-1_sterzing_snr_ppi-map_standard_20250725-004501.png
ppi_maps/20250725/ncas-lidar-dop-1_sterzing_snr_ppi-map_standard_20250725-011501.png
ppi_maps/20250725/ncas-lidar-dop-1_sterzing_snr_ppi-map_standard_20250725-014500.png
ppi_maps/20250725/ncas-lidar-dop-1_sterzing_snr_ppi-map_standard_20250725-021500.png
ppi_maps/20250725/ncas-lidar-dop-1_sterzing_snr_ppi-map_standard_20250725-024502.png
ppi_maps/20250725/ncas-lidar-dop-1_sterzing_snr_ppi-map_standard_20250725-031501.png
ppi_maps/20250725/ncas-lidar-dop-1_sterzing_snr_ppi-map_standard_20250725-034500.png
ppi_maps/20250725/ncas-lidar-dop-1_sterzing_snr_ppi-map_standard_20250725-041500.png
ppi_maps/20250725/ncas-lidar-dop-1_sterzing_snr_ppi-map_standard_20250725-044501.png
ppi_maps/20250725/ncas-lidar-dop-1_sterzing_snr_ppi-map_standard_20250725-051501.png
ppi_maps/20250725/ncas-lidar-dop-1_sterzing_snr_ppi-map_standard_20250725-054500.png
ppi_maps/20250725/ncas-lidar-dop-1_sterzing_velocity_ppi-map_standard_20250725-001500.png
ppi_maps/20250725/ncas-lidar-dop-1_sterzing_velocity_ppi-map_standard_20250725-004501.png
ppi_maps/20250725/ncas-lidar-dop-1_sterzing_velocity_ppi-map_standard_20250725-011501.png
ppi_maps/20250725/ncas-lidar-dop-1_sterzing_velocity_ppi-map_standard_20250725-014500.png
ppi_maps/20250725/ncas-lidar-dop-1_sterzing_velocity_ppi-map_standard_20250725-021500.png
ppi_maps/20250725/ncas-lidar-dop-1_sterzing_velocity_ppi-map_standard_20250725-024502.png
ppi_maps/20250725/ncas-lidar-dop-1_sterzing_velocity_ppi-map_standard_20250725-031501.png
ppi_maps/20250725/ncas-lidar-dop-1_sterzing_velocity_ppi-map_standard_20250725-034500.png
ppi_maps/20250725/ncas-lidar-dop-1_sterzing_velocity_ppi-map_standard_20250725-041500.png
ppi_maps/20250725/ncas-lidar-dop-1_sterzing_velocity_ppi-map_standard_20250725-044501.png
ppi_maps/20250725/ncas-lidar-dop-1_sterzing_velocity_ppi-map_standard_20250725-051501.png
ppi_maps/20250725/ncas-lidar-dop-1_sterzing_velocity_ppi-map_standard_20250725-054500.png
ppi_maps/20250725/ncas-lidar-dop-1_sterzing_velocity_ppi-map_standard_20250725-064500.png
ppi_maps/20250727/ncas-lidar-dop-1_sterzing_beta_ppi-map_standard_20250727-001500.png
ppi_maps/20250727/ncas-lidar-dop-1_sterzing_beta_ppi-map_standard_20250727-004501.png
ppi_maps/20250727/ncas-lidar-dop-1_sterzing_beta_ppi-map_standard_20250727-011500.png
ppi_maps/20250727/ncas-lidar-dop-1_sterzing_beta_ppi-map_standard_20250727-014501.png
ppi_maps/20250727/ncas-lidar-dop-1_sterzing_beta_ppi-map_standard_20250727-021500.png
ppi_maps/20250727/ncas-lidar-dop-1_sterzing_beta_ppi-map_standard_20250727-024500.png
ppi_maps/20250727/ncas-lidar-dop-1_sterzing_beta_ppi-map_standard_20250727-031500.png
ppi_maps/20250727/ncas-lidar-dop-1_sterzing_beta_ppi-map_standard_20250727-034501.png
ppi_maps/20250727/ncas-lidar-dop-1_sterzing_beta_ppi-map_standard_20250727-041500.png
ppi_maps/20250727/ncas-lidar-dop-1_sterzing_beta_ppi-map_standard_20250727-044501.png
ppi_maps/20250727/ncas-lidar-dop-1_sterzing_beta_ppi-map_standard_20250727-051500.png
ppi_maps/20250727/ncas-lidar-dop-1_sterzing_beta_ppi-map_standard_20250727-054501.png
ppi_maps/20250727/ncas-lidar-dop-1_sterzing_beta_ppi-map_standard_20250727-061500.png
ppi_maps/20250727/ncas-lidar-dop-1_sterzing_beta_ppi-map_standard_20250727-064502.png
ppi_maps/20250727/ncas-lidar-dop-1_sterzing_snr_ppi-map_standard_20250727-001500.png
ppi_maps/20250727/ncas-lidar-dop-1_sterzing_snr_ppi-map_standard_20250727-004501.png
ppi_maps/20250727/ncas-lidar-dop-1_sterzing_snr_ppi-map_standard_20250727-011500.png
ppi_maps/20250727/ncas-lidar-dop-1_sterzing_snr_ppi-map_standard_20250727-014501.png
ppi_maps/20250727/ncas-lidar-dop-1_sterzing_snr_ppi-map_standard_20250727-021500.png
ppi_maps/20250727/ncas-lidar-dop-1_sterzing_snr_ppi-map_standard_20250727-024500.png
ppi_maps/20250727/ncas-lidar-dop-1_sterzing_snr_ppi-map_standard_20250727-031500.png
ppi_maps/20250727/ncas-lidar-dop-1_sterzing_snr_ppi-map_standard_20250727-034501.png
ppi_maps/20250727/ncas-lidar-dop-1_sterzing_snr_ppi-map_standard_20250727-041500.png
ppi_maps/20250727/ncas-lidar-dop-1_sterzing_snr_ppi-map_standard_20250727-044501.png
ppi_maps/20250727/ncas-lidar-dop-1_sterzing_snr_ppi-map_standard_20250727-051500.png
ppi_maps/20250727/ncas-lidar-dop-1_sterzing_snr_ppi-map_standard_20250727-054501.png
ppi_maps/20250727/ncas-lidar-dop-1_sterzing_snr_ppi-map_standard_20250727-061500.png
ppi_maps/20250727/ncas-lidar-dop-1_sterzing_snr_ppi-map_standard_20250727-064502.png
ppi_maps/20250727/ncas-lidar-dop-1_sterzing_velocity_ppi-map_standard_20250727-001500.png
ppi_maps/20250727/ncas-lidar-dop-1_sterzing_velocity_ppi-map_standard_20250727-004501.png
ppi_maps/20250727/ncas-lidar-dop-1_sterzing_velocity_ppi-map_standard_20250727-011500.png
ppi_maps/20250727/ncas-lidar-dop-1_sterzing_velocity_ppi-map_standard_20250727-014501.png
ppi_maps/20250727/ncas-lidar-dop-1_sterzing_velocity_ppi-map_standard_20250727-021500.png
ppi_maps/20250727/ncas-lidar-dop-1_sterzing_velocity_ppi-map_standard_20250727-024500.png
ppi_maps/20250727/ncas-lidar-dop-1_sterzing_velocity_ppi-map_standard_20250727-031500.png
ppi_maps/20250727/ncas-lidar-dop-1_sterzing_velocity_ppi-map_standard_20250727-034501.png
ppi_maps/20250727/ncas-lidar-dop-1_sterzing_velocity_ppi-map_standard_20250727-041500.png
ppi_maps/20250727/ncas-lidar-dop-1_sterzing_velocity_ppi-map_standard_20250727-044501.png
ppi_maps/20250727/ncas-lidar-dop-1_sterzing_velocity_ppi-map_standard_20250727-051500.png
ppi_maps/20250727/ncas-lidar-dop-1_sterzing_velocity_ppi-map_standard_20250727-054501.png
ppi_maps/20250727/ncas-lidar-dop-1_sterzing_velocity_ppi-map_standard_20250727-061500.png
ppi_maps/20250727/ncas-lidar-dop-1_sterzing_velocity_ppi-map_standard_20250727-064502.png
wind/ncas-lidar-dop-1_sterzing_wind_elev75_20250725.png
wind/ncas-lidar-dop-1_sterzing_wind_elev75_20250727.png
wind/ncas-lidar-dop-1_sterzing_wind_speed_dir_elev75_20250725.png
wind/ncas-lidar-dop-1_sterzing_wind_speed_dir_elev75_20250727.png
wind_bl/ncas-lidar-dop-1_sterzing_wind_elev7_20250725.png
wind_bl/ncas-lidar-dop-1_sterzing_wind_elev7_20250727.png
wind_bl/ncas-lidar-dop-1_sterzing_wind_speed_dir_elev7_20250725.png
wind_bl/ncas-lidar-dop-1_sterzing_wind_speed_dir_elev7_20250727.png

sent 175,620,586 bytes  received 1,708 bytes  13,009,058.81 bytes/sec
total size is 1,660,636,705  speedup is 9.46
sending incremental file list

sent 3,145 bytes  received 12 bytes  6,314.00 bytes/sec
total size is 23,791,910,950  speedup is 7,536,240.40
