['/gws/pw/j07/ncas_obs_vol1/amf/raw_data/ncas-lidar-dop-1/incoming/20250603_teamx/Proc/2025/202507/20250725/Stare_18_20250725_00.hpl', '/gws/pw/j07/ncas_obs_vol1/amf/raw_data/ncas-lidar-dop-1/incoming/20250603_teamx/Proc/2025/202507/20250725/Stare_18_20250725_01.hpl', '/gws/pw/j07/ncas_obs_vol1/amf/raw_data/ncas-lidar-dop-1/incoming/20250603_teamx/Proc/2025/202507/20250725/Stare_18_20250725_02.hpl', '/gws/pw/j07/ncas_obs_vol1/amf/raw_data/ncas-lidar-dop-1/incoming/20250603_teamx/Proc/2025/202507/20250725/Stare_18_20250725_03.hpl', '/gws/pw/j07/ncas_obs_vol1/amf/raw_data/ncas-lidar-dop-1/incoming/20250603_teamx/Proc/2025/202507/20250725/Stare_18_20250725_04.hpl', '/gws/pw/j07/ncas_obs_vol1/amf/raw_data/ncas-lidar-dop-1/incoming/20250603_teamx/Proc/2025/202507/20250725/Stare_18_20250725_05.hpl', '/gws/pw/j07/ncas_obs_vol1/amf/raw_data/ncas-lidar-dop-1/incoming/20250603_teamx/Proc/2025/202507/20250725/Stare_18_20250725_06.hpl', '/gws/pw/j07/ncas_obs_vol1/amf/raw_data/ncas-lidar-dop-1/incoming/20250603_teamx/Proc/2025/202507/20250725/Stare_18_20250725_07.hpl', '/gws/pw/j07/ncas_obs_vol1/amf/raw_data/ncas-lidar-dop-1/incoming/20250603_teamx/Proc/2025/202507/20250725/Stare_18_20250725_08.hpl', '/gws/pw/j07/ncas_obs_vol1/amf/raw_data/ncas-lidar-dop-1/incoming/20250603_teamx/Proc/2025/202507/20250725/Stare_18_20250725_09.hpl', '/gws/pw/j07/ncas_obs_vol1/amf/raw_data/ncas-lidar-dop-1/incoming/20250603_teamx/Proc/2025/202507/20250725/Stare_18_20250725_10.hpl', '/gws/pw/j07/ncas_obs_vol1/amf/raw_data/ncas-lidar-dop-1/incoming/20250603_teamx/Proc/2025/202507/20250725/Stare_18_20250725_11.hpl', '/gws/pw/j07/ncas_obs_vol1/amf/raw_data/ncas-lidar-dop-1/incoming/20250603_teamx/Proc/2025/202507/20250725/Stare_18_20250725_12.hpl', '/gws/pw/j07/ncas_obs_vol1/amf/raw_data/ncas-lidar-dop-1/incoming/20250603_teamx/Proc/2025/202507/20250725/Stare_18_20250725_13.hpl', '/gws/pw/j07/ncas_obs_vol1/amf/raw_data/ncas-lidar-dop-1/incoming/20250603_teamx/Proc/2025/202507/20250725/Stare_18_20250725_14.hpl', '/gws/pw/j07/ncas_obs_vol1/amf/raw_data/ncas-lidar-dop-1/incoming/20250603_teamx/Proc/2025/202507/20250725/Stare_18_20250725_15.hpl', '/gws/pw/j07/ncas_obs_vol1/amf/raw_data/ncas-lidar-dop-1/incoming/20250603_teamx/Proc/2025/202507/20250725/Stare_18_20250725_16.hpl', '/gws/pw/j07/ncas_obs_vol1/amf/raw_data/ncas-lidar-dop-1/incoming/20250603_teamx/Proc/2025/202507/20250725/Stare_18_20250725_23.hpl', '/gws/pw/j07/ncas_obs_vol1/amf/raw_data/ncas-lidar-dop-1/incoming/20250603_teamx/Proc/2025/202507/20250725/Stare_18_20250725_20.hpl', '/gws/pw/j07/ncas_obs_vol1/amf/raw_data/ncas-lidar-dop-1/incoming/20250603_teamx/Proc/2025/202507/20250725/Stare_18_20250725_22.hpl', '/gws/pw/j07/ncas_obs_vol1/amf/raw_data/ncas-lidar-dop-1/incoming/20250603_teamx/Proc/2025/202507/20250725/Stare_18_20250725_17.hpl', '/gws/pw/j07/ncas_obs_vol1/amf/raw_data/ncas-lidar-dop-1/incoming/20250603_teamx/Proc/2025/202507/20250725/Stare_18_20250725_18.hpl', '/gws/pw/j07/ncas_obs_vol1/amf/raw_data/ncas-lidar-dop-1/incoming/20250603_teamx/Proc/2025/202507/20250725/Stare_18_20250725_19.hpl', '/gws/pw/j07/ncas_obs_vol1/amf/raw_data/ncas-lidar-dop-1/incoming/20250603_teamx/Proc/2025/202507/20250725/Stare_18_20250725_21.hpl']
['/gws/pw/j07/ncas_obs_vol1/amf/raw_data/ncas-lidar-dop-1/incoming/20250603_teamx/Proc/2025/202507/20250725/Background_250725-000012.txt', '/gws/pw/j07/ncas_obs_vol1/amf/raw_data/ncas-lidar-dop-1/incoming/20250603_teamx/Proc/2025/202507/20250725/Background_250725-010013.txt', '/gws/pw/j07/ncas_obs_vol1/amf/raw_data/ncas-lidar-dop-1/incoming/20250603_teamx/Proc/2025/202507/20250725/Background_250725-020014.txt', '/gws/pw/j07/ncas_obs_vol1/amf/raw_data/ncas-lidar-dop-1/incoming/20250603_teamx/Proc/2025/202507/20250725/Background_250725-030013.txt', '/gws/pw/j07/ncas_obs_vol1/amf/raw_data/ncas-lidar-dop-1/incoming/20250603_teamx/Proc/2025/202507/20250725/Background_250725-040014.txt', '/gws/pw/j07/ncas_obs_vol1/amf/raw_data/ncas-lidar-dop-1/incoming/20250603_teamx/Proc/2025/202507/20250725/Background_250725-050013.txt', '/gws/pw/j07/ncas_obs_vol1/amf/raw_data/ncas-lidar-dop-1/incoming/20250603_teamx/Proc/2025/202507/20250725/Background_250725-060013.txt', '/gws/pw/j07/ncas_obs_vol1/amf/raw_data/ncas-lidar-dop-1/incoming/20250603_teamx/Proc/2025/202507/20250725/Background_250725-070014.txt', '/gws/pw/j07/ncas_obs_vol1/amf/raw_data/ncas-lidar-dop-1/incoming/20250603_teamx/Proc/2025/202507/20250725/Background_250725-080014.txt', '/gws/pw/j07/ncas_obs_vol1/amf/raw_data/ncas-lidar-dop-1/incoming/20250603_teamx/Proc/2025/202507/20250725/Background_250725-090014.txt', '/gws/pw/j07/ncas_obs_vol1/amf/raw_data/ncas-lidar-dop-1/incoming/20250603_teamx/Proc/2025/202507/20250725/Background_250725-100014.txt', '/gws/pw/j07/ncas_obs_vol1/amf/raw_data/ncas-lidar-dop-1/incoming/20250603_teamx/Proc/2025/202507/20250725/Background_250725-110014.txt', '/gws/pw/j07/ncas_obs_vol1/amf/raw_data/ncas-lidar-dop-1/incoming/20250603_teamx/Proc/2025/202507/20250725/Background_250725-120013.txt', '/gws/pw/j07/ncas_obs_vol1/amf/raw_data/ncas-lidar-dop-1/incoming/20250603_teamx/Proc/2025/202507/20250725/Background_250725-130014.txt', '/gws/pw/j07/ncas_obs_vol1/amf/raw_data/ncas-lidar-dop-1/incoming/20250603_teamx/Proc/2025/202507/20250725/Background_250725-140014.txt', '/gws/pw/j07/ncas_obs_vol1/amf/raw_data/ncas-lidar-dop-1/incoming/20250603_teamx/Proc/2025/202507/20250725/Background_250725-150014.txt', '/gws/pw/j07/ncas_obs_vol1/amf/raw_data/ncas-lidar-dop-1/incoming/20250603_teamx/Proc/2025/202507/20250725/Background_250725-160013.txt', '/gws/pw/j07/ncas_obs_vol1/amf/raw_data/ncas-lidar-dop-1/incoming/20250603_teamx/Proc/2025/202507/20250725/Background_250725-200012.txt', '/gws/pw/j07/ncas_obs_vol1/amf/raw_data/ncas-lidar-dop-1/incoming/20250603_teamx/Proc/2025/202507/20250725/Background_250725-180013.txt', '/gws/pw/j07/ncas_obs_vol1/amf/raw_data/ncas-lidar-dop-1/incoming/20250603_teamx/Proc/2025/202507/20250725/Background_250725-190014.txt', '/gws/pw/j07/ncas_obs_vol1/amf/raw_data/ncas-lidar-dop-1/incoming/20250603_teamx/Proc/2025/202507/20250725/Background_250725-170013.txt', '/gws/pw/j07/ncas_obs_vol1/amf/raw_data/ncas-lidar-dop-1/incoming/20250603_teamx/Proc/2025/202507/20250725/Background_250725-210016.txt', '/gws/pw/j07/ncas_obs_vol1/amf/raw_data/ncas-lidar-dop-1/incoming/20250603_teamx/Proc/2025/202507/20250725/Background_250725-220013.txt', '/gws/pw/j07/ncas_obs_vol1/amf/raw_data/ncas-lidar-dop-1/incoming/20250603_teamx/Proc/2025/202507/20250725/Background_250725-230014.txt']

## You are using the Python ARM Radar Toolkit (Py-ART), an open source
## library for working with weather radar data. Py-ART is partly
## supported by the U.S. Department of Energy as part of the Atmospheric
## Radiation Measurement (ARM) Climate Research Facility, an Office of
## Science user facility.
##
## If you use this software to prepare a publication, please cite:
##
##     JJ Helmus and SM Collis, JORS 2016, doi: 10.5334/jors.119

sending incremental file list
ppi_maps/20250725/
ppi_maps/20250725/ncas-lidar-dop-1_sterzing_beta_ppi-map_standard_20250725-061502.png
ppi_maps/20250725/ncas-lidar-dop-1_sterzing_beta_ppi-map_standard_20250725-064500.png
ppi_maps/20250725/ncas-lidar-dop-1_sterzing_beta_ppi-map_standard_20250725-071500.png
ppi_maps/20250725/ncas-lidar-dop-1_sterzing_beta_ppi-map_standard_20250725-074501.png
ppi_maps/20250725/ncas-lidar-dop-1_sterzing_beta_ppi-map_standard_20250725-081502.png
ppi_maps/20250725/ncas-lidar-dop-1_sterzing_beta_ppi-map_standard_20250725-084501.png
ppi_maps/20250725/ncas-lidar-dop-1_sterzing_beta_ppi-map_standard_20250725-091502.png
ppi_maps/20250725/ncas-lidar-dop-1_sterzing_beta_ppi-map_standard_20250725-094501.png
ppi_maps/20250725/ncas-lidar-dop-1_sterzing_beta_ppi-map_standard_20250725-101502.png
ppi_maps/20250725/ncas-lidar-dop-1_sterzing_beta_ppi-map_standard_20250725-104501.png
ppi_maps/20250725/ncas-lidar-dop-1_sterzing_beta_ppi-map_standard_20250725-111501.png
ppi_maps/20250725/ncas-lidar-dop-1_sterzing_beta_ppi-map_standard_20250725-114500.png
ppi_maps/20250725/ncas-lidar-dop-1_sterzing_beta_ppi-map_standard_20250725-121500.png
ppi_maps/20250725/ncas-lidar-dop-1_sterzing_beta_ppi-map_standard_20250725-124502.png
ppi_maps/20250725/ncas-lidar-dop-1_sterzing_beta_ppi-map_standard_20250725-131501.png
ppi_maps/20250725/ncas-lidar-dop-1_sterzing_beta_ppi-map_standard_20250725-134501.png
ppi_maps/20250725/ncas-lidar-dop-1_sterzing_beta_ppi-map_standard_20250725-141501.png
ppi_maps/20250725/ncas-lidar-dop-1_sterzing_beta_ppi-map_standard_20250725-144501.png
ppi_maps/20250725/ncas-lidar-dop-1_sterzing_beta_ppi-map_standard_20250725-151501.png
ppi_maps/20250725/ncas-lidar-dop-1_sterzing_beta_ppi-map_standard_20250725-154501.png
ppi_maps/20250725/ncas-lidar-dop-1_sterzing_beta_ppi-map_standard_20250725-164500.png
ppi_maps/20250725/ncas-lidar-dop-1_sterzing_beta_ppi-map_standard_20250725-171500.png
ppi_maps/20250725/ncas-lidar-dop-1_sterzing_beta_ppi-map_standard_20250725-174500.png
ppi_maps/20250725/ncas-lidar-dop-1_sterzing_beta_ppi-map_standard_20250725-191501.png
ppi_maps/20250725/ncas-lidar-dop-1_sterzing_beta_ppi-map_standard_20250725-224500.png
ppi_maps/20250725/ncas-lidar-dop-1_sterzing_beta_ppi-map_standard_20250725-231500.png
ppi_maps/20250725/ncas-lidar-dop-1_sterzing_snr_ppi-map_standard_20250725-061502.png
ppi_maps/20250725/ncas-lidar-dop-1_sterzing_snr_ppi-map_standard_20250725-064500.png
ppi_maps/20250725/ncas-lidar-dop-1_sterzing_snr_ppi-map_standard_20250725-071500.png
ppi_maps/20250725/ncas-lidar-dop-1_sterzing_snr_ppi-map_standard_20250725-074501.png
ppi_maps/20250725/ncas-lidar-dop-1_sterzing_snr_ppi-map_standard_20250725-081502.png
ppi_maps/20250725/ncas-lidar-dop-1_sterzing_snr_ppi-map_standard_20250725-084501.png
ppi_maps/20250725/ncas-lidar-dop-1_sterzing_snr_ppi-map_standard_20250725-091502.png
ppi_maps/20250725/ncas-lidar-dop-1_sterzing_snr_ppi-map_standard_20250725-094501.png
ppi_maps/20250725/ncas-lidar-dop-1_sterzing_snr_ppi-map_standard_20250725-101502.png
ppi_maps/20250725/ncas-lidar-dop-1_sterzing_snr_ppi-map_standard_20250725-104501.png
ppi_maps/20250725/ncas-lidar-dop-1_sterzing_snr_ppi-map_standard_20250725-111501.png
ppi_maps/20250725/ncas-lidar-dop-1_sterzing_snr_ppi-map_standard_20250725-114500.png
ppi_maps/20250725/ncas-lidar-dop-1_sterzing_snr_ppi-map_standard_20250725-121500.png
ppi_maps/20250725/ncas-lidar-dop-1_sterzing_snr_ppi-map_standard_20250725-124502.png
ppi_maps/20250725/ncas-lidar-dop-1_sterzing_snr_ppi-map_standard_20250725-131501.png
ppi_maps/20250725/ncas-lidar-dop-1_sterzing_snr_ppi-map_standard_20250725-134501.png
ppi_maps/20250725/ncas-lidar-dop-1_sterzing_snr_ppi-map_standard_20250725-141501.png
ppi_maps/20250725/ncas-lidar-dop-1_sterzing_snr_ppi-map_standard_20250725-144501.png
ppi_maps/20250725/ncas-lidar-dop-1_sterzing_snr_ppi-map_standard_20250725-151501.png
ppi_maps/20250725/ncas-lidar-dop-1_sterzing_snr_ppi-map_standard_20250725-154501.png
ppi_maps/20250725/ncas-lidar-dop-1_sterzing_snr_ppi-map_standard_20250725-171500.png
ppi_maps/20250725/ncas-lidar-dop-1_sterzing_snr_ppi-map_standard_20250725-174500.png
ppi_maps/20250725/ncas-lidar-dop-1_sterzing_snr_ppi-map_standard_20250725-191501.png
ppi_maps/20250725/ncas-lidar-dop-1_sterzing_snr_ppi-map_standard_20250725-224500.png
ppi_maps/20250725/ncas-lidar-dop-1_sterzing_snr_ppi-map_standard_20250725-231500.png
ppi_maps/20250725/ncas-lidar-dop-1_sterzing_velocity_ppi-map_standard_20250725-061502.png
ppi_maps/20250725/ncas-lidar-dop-1_sterzing_velocity_ppi-map_standard_20250725-071500.png
ppi_maps/20250725/ncas-lidar-dop-1_sterzing_velocity_ppi-map_standard_20250725-074501.png
ppi_maps/20250725/ncas-lidar-dop-1_sterzing_velocity_ppi-map_standard_20250725-081502.png
ppi_maps/20250725/ncas-lidar-dop-1_sterzing_velocity_ppi-map_standard_20250725-084501.png
ppi_maps/20250725/ncas-lidar-dop-1_sterzing_velocity_ppi-map_standard_20250725-091502.png
ppi_maps/20250725/ncas-lidar-dop-1_sterzing_velocity_ppi-map_standard_20250725-094501.png
ppi_maps/20250725/ncas-lidar-dop-1_sterzing_velocity_ppi-map_standard_20250725-101502.png
ppi_maps/20250725/ncas-lidar-dop-1_sterzing_velocity_ppi-map_standard_20250725-104501.png
ppi_maps/20250725/ncas-lidar-dop-1_sterzing_velocity_ppi-map_standard_20250725-111501.png
ppi_maps/20250725/ncas-lidar-dop-1_sterzing_velocity_ppi-map_standard_20250725-114500.png
ppi_maps/20250725/ncas-lidar-dop-1_sterzing_velocity_ppi-map_standard_20250725-121500.png
ppi_maps/20250725/ncas-lidar-dop-1_sterzing_velocity_ppi-map_standard_20250725-124502.png
ppi_maps/20250725/ncas-lidar-dop-1_sterzing_velocity_ppi-map_standard_20250725-131501.png
ppi_maps/20250725/ncas-lidar-dop-1_sterzing_velocity_ppi-map_standard_20250725-134501.png
ppi_maps/20250725/ncas-lidar-dop-1_sterzing_velocity_ppi-map_standard_20250725-141501.png
ppi_maps/20250725/ncas-lidar-dop-1_sterzing_velocity_ppi-map_standard_20250725-144501.png
ppi_maps/20250725/ncas-lidar-dop-1_sterzing_velocity_ppi-map_standard_20250725-151501.png
ppi_maps/20250725/ncas-lidar-dop-1_sterzing_velocity_ppi-map_standard_20250725-154501.png
ppi_maps/20250725/ncas-lidar-dop-1_sterzing_velocity_ppi-map_standard_20250725-164500.png
ppi_maps/20250725/ncas-lidar-dop-1_sterzing_velocity_ppi-map_standard_20250725-171500.png
ppi_maps/20250725/ncas-lidar-dop-1_sterzing_velocity_ppi-map_standard_20250725-174500.png
ppi_maps/20250725/ncas-lidar-dop-1_sterzing_velocity_ppi-map_standard_20250725-191501.png
ppi_maps/20250725/ncas-lidar-dop-1_sterzing_velocity_ppi-map_standard_20250725-224500.png
ppi_maps/20250725/ncas-lidar-dop-1_sterzing_velocity_ppi-map_standard_20250725-231500.png
ppi_maps/20250727/ncas-lidar-dop-1_sterzing_velocity_ppi-map_standard_20250727-001500.png
stare/ncas-lidar-dop-1_sterzing_20250725.png
wind/ncas-lidar-dop-1_sterzing_wind_elev75_20250727.png
wind/ncas-lidar-dop-1_sterzing_wind_speed_dir_elev75_20250727.png
wind_bl/ncas-lidar-dop-1_sterzing_wind_elev7_20250727.png
wind_bl/ncas-lidar-dop-1_sterzing_wind_speed_dir_elev7_20250727.png

sent 162,452,124 bytes  received 1,620 bytes  5,326,352.26 bytes/sec
total size is 1,706,171,212  speedup is 10.50
sending incremental file list

sent 3,148 bytes  received 12 bytes  6,320.00 bytes/sec
total size is 24,108,529,105  speedup is 7,629,281.36
