Processing Galion data for 20250726
Found 1873 Galion scan files for 20250726
Searching in: /gws/pw/j07/ncas_obs_vol1/amf/raw_data/ncas-lidar-wind-profiler-1/incoming/20250603_teamx/2025/202507/20250726
Sample files:
  /gws/pw/j07/ncas_obs_vol1/amf/raw_data/ncas-lidar-wind-profiler-1/incoming/20250603_teamx/2025/202507/20250726/00/20007_26072500_66.scn
  /gws/pw/j07/ncas_obs_vol1/amf/raw_data/ncas-lidar-wind-profiler-1/incoming/20250603_teamx/2025/202507/20250726/00/20025_26072500_66.scn
  /gws/pw/j07/ncas_obs_vol1/amf/raw_data/ncas-lidar-wind-profiler-1/incoming/20250603_teamx/2025/202507/20250726/00/20006_26072500_66.scn
  /gws/pw/j07/ncas_obs_vol1/amf/raw_data/ncas-lidar-wind-profiler-1/incoming/20250603_teamx/2025/202507/20250726/00/19986_26072500_66.scn
  /gws/pw/j07/ncas_obs_vol1/amf/raw_data/ncas-lidar-wind-profiler-1/incoming/20250603_teamx/2025/202507/20250726/00/20034_26072500_66.scn
Successfully processed 1873 files, 0 failed
Created wind product: /gws/pw/j07/ncas_obs_vol1/amf/processing/ncas-lidar-wind-profiler-1/20250603_teamx/doppy_processed/2025/202507/ncas-lidar-wind-profiler-1_20250726_wind_v1.0.nc

## You are using the Python ARM Radar Toolkit (Py-ART), an open source
## library for working with weather radar data. Py-ART is partly
## supported by the U.S. Department of Energy as part of the Atmospheric
## Radiation Measurement (ARM) Climate Research Facility, an Office of
## Science user facility.
##
## If you use this software to prepare a publication, please cite:
##
##     JJ Helmus and SM Collis, JORS 2016, doi: 10.5334/jors.119

sending incremental file list
./
2025/
2025/ncas-lidar-wind-profiler-1_sterzing_galion_wind_20250604.png
2025/ncas-lidar-wind-profiler-1_sterzing_galion_wind_20250605.png
2025/ncas-lidar-wind-profiler-1_sterzing_galion_wind_20250606.png
2025/ncas-lidar-wind-profiler-1_sterzing_galion_wind_20250608.png
2025/ncas-lidar-wind-profiler-1_sterzing_galion_wind_20250609.png
2025/ncas-lidar-wind-profiler-1_sterzing_galion_wind_20250610.png
2025/ncas-lidar-wind-profiler-1_sterzing_galion_wind_20250611.png
2025/ncas-lidar-wind-profiler-1_sterzing_galion_wind_20250612.png
2025/ncas-lidar-wind-profiler-1_sterzing_galion_wind_20250613.png
2025/ncas-lidar-wind-profiler-1_sterzing_galion_wind_20250614.png
2025/ncas-lidar-wind-profiler-1_sterzing_galion_wind_20250615.png
2025/ncas-lidar-wind-profiler-1_sterzing_galion_wind_20250616.png
2025/ncas-lidar-wind-profiler-1_sterzing_galion_wind_20250617.png
2025/ncas-lidar-wind-profiler-1_sterzing_galion_wind_20250618.png
2025/ncas-lidar-wind-profiler-1_sterzing_galion_wind_20250619.png
2025/ncas-lidar-wind-profiler-1_sterzing_galion_wind_20250620.png
2025/ncas-lidar-wind-profiler-1_sterzing_galion_wind_20250621.png
2025/ncas-lidar-wind-profiler-1_sterzing_galion_wind_20250622.png
2025/ncas-lidar-wind-profiler-1_sterzing_galion_wind_20250623.png
2025/ncas-lidar-wind-profiler-1_sterzing_galion_wind_20250624.png
2025/ncas-lidar-wind-profiler-1_sterzing_galion_wind_20250625.png
2025/ncas-lidar-wind-profiler-1_sterzing_galion_wind_20250626.png
2025/ncas-lidar-wind-profiler-1_sterzing_galion_wind_20250627.png
2025/ncas-lidar-wind-profiler-1_sterzing_galion_wind_20250628.png
2025/ncas-lidar-wind-profiler-1_sterzing_galion_wind_20250629.png
2025/ncas-lidar-wind-profiler-1_sterzing_galion_wind_20250630.png
2025/ncas-lidar-wind-profiler-1_sterzing_galion_wind_20250701.png
2025/ncas-lidar-wind-profiler-1_sterzing_galion_wind_20250702.png
2025/ncas-lidar-wind-profiler-1_sterzing_galion_wind_20250703.png
2025/ncas-lidar-wind-profiler-1_sterzing_galion_wind_20250704.png
2025/ncas-lidar-wind-profiler-1_sterzing_galion_wind_20250705.png
2025/ncas-lidar-wind-profiler-1_sterzing_galion_wind_20250706.png
2025/ncas-lidar-wind-profiler-1_sterzing_galion_wind_20250707.png
2025/ncas-lidar-wind-profiler-1_sterzing_galion_wind_20250708.png
2025/ncas-lidar-wind-profiler-1_sterzing_galion_wind_20250709.png
2025/ncas-lidar-wind-profiler-1_sterzing_galion_wind_20250710.png
2025/ncas-lidar-wind-profiler-1_sterzing_galion_wind_20250711.png
2025/ncas-lidar-wind-profiler-1_sterzing_galion_wind_20250712.png
2025/ncas-lidar-wind-profiler-1_sterzing_galion_wind_20250713.png
2025/ncas-lidar-wind-profiler-1_sterzing_galion_wind_20250714.png
2025/ncas-lidar-wind-profiler-1_sterzing_galion_wind_20250715.png
2025/ncas-lidar-wind-profiler-1_sterzing_galion_wind_20250716.png
2025/ncas-lidar-wind-profiler-1_sterzing_galion_wind_20250717.png
2025/ncas-lidar-wind-profiler-1_sterzing_galion_wind_components_20250604.png
2025/ncas-lidar-wind-profiler-1_sterzing_galion_wind_components_20250605.png
2025/ncas-lidar-wind-profiler-1_sterzing_galion_wind_components_20250606.png
2025/ncas-lidar-wind-profiler-1_sterzing_galion_wind_components_20250608.png
2025/ncas-lidar-wind-profiler-1_sterzing_galion_wind_components_20250609.png
2025/ncas-lidar-wind-profiler-1_sterzing_galion_wind_components_20250610.png
2025/ncas-lidar-wind-profiler-1_sterzing_galion_wind_components_20250611.png
2025/ncas-lidar-wind-profiler-1_sterzing_galion_wind_components_20250612.png
2025/ncas-lidar-wind-profiler-1_sterzing_galion_wind_components_20250613.png
2025/ncas-lidar-wind-profiler-1_sterzing_galion_wind_components_20250614.png
2025/ncas-lidar-wind-profiler-1_sterzing_galion_wind_components_20250615.png
2025/ncas-lidar-wind-profiler-1_sterzing_galion_wind_components_20250616.png
2025/ncas-lidar-wind-profiler-1_sterzing_galion_wind_components_20250617.png
2025/ncas-lidar-wind-profiler-1_sterzing_galion_wind_components_20250618.png
2025/ncas-lidar-wind-profiler-1_sterzing_galion_wind_components_20250619.png
2025/ncas-lidar-wind-profiler-1_sterzing_galion_wind_components_20250620.png
2025/ncas-lidar-wind-profiler-1_sterzing_galion_wind_components_20250621.png
2025/ncas-lidar-wind-profiler-1_sterzing_galion_wind_components_20250622.png
2025/ncas-lidar-wind-profiler-1_sterzing_galion_wind_components_20250623.png
2025/ncas-lidar-wind-profiler-1_sterzing_galion_wind_components_20250624.png
2025/ncas-lidar-wind-profiler-1_sterzing_galion_wind_components_20250625.png
2025/ncas-lidar-wind-profiler-1_sterzing_galion_wind_components_20250626.png
2025/ncas-lidar-wind-profiler-1_sterzing_galion_wind_components_20250627.png
2025/ncas-lidar-wind-profiler-1_sterzing_galion_wind_components_20250628.png
2025/ncas-lidar-wind-profiler-1_sterzing_galion_wind_components_20250629.png
2025/ncas-lidar-wind-profiler-1_sterzing_galion_wind_components_20250630.png
2025/ncas-lidar-wind-profiler-1_sterzing_galion_wind_components_20250701.png
2025/ncas-lidar-wind-profiler-1_sterzing_galion_wind_components_20250702.png
2025/ncas-lidar-wind-profiler-1_sterzing_galion_wind_components_20250703.png
2025/ncas-lidar-wind-profiler-1_sterzing_galion_wind_components_20250704.png
2025/ncas-lidar-wind-profiler-1_sterzing_galion_wind_components_20250705.png
2025/ncas-lidar-wind-profiler-1_sterzing_galion_wind_components_20250706.png
2025/ncas-lidar-wind-profiler-1_sterzing_galion_wind_components_20250707.png
2025/ncas-lidar-wind-profiler-1_sterzing_galion_wind_components_20250708.png
2025/ncas-lidar-wind-profiler-1_sterzing_galion_wind_components_20250709.png
2025/ncas-lidar-wind-profiler-1_sterzing_galion_wind_components_20250710.png
2025/ncas-lidar-wind-profiler-1_sterzing_galion_wind_components_20250711.png
2025/ncas-lidar-wind-profiler-1_sterzing_galion_wind_components_20250712.png
2025/ncas-lidar-wind-profiler-1_sterzing_galion_wind_components_20250713.png
2025/ncas-lidar-wind-profiler-1_sterzing_galion_wind_components_20250714.png
2025/ncas-lidar-wind-profiler-1_sterzing_galion_wind_components_20250715.png
2025/ncas-lidar-wind-profiler-1_sterzing_galion_wind_components_20250716.png
2025/ncas-lidar-wind-profiler-1_sterzing_galion_wind_components_20250717.png
2025/ncas-lidar-wind-profiler-1_sterzing_galion_wind_components_20250718.png
2025/ncas-lidar-wind-profiler-1_sterzing_galion_wind_components_20250719.png
2025/ncas-lidar-wind-profiler-1_sterzing_galion_wind_components_20250720.png
2025/ncas-lidar-wind-profiler-1_sterzing_galion_wind_components_20250721.png
2025/ncas-lidar-wind-profiler-1_sterzing_galion_wind_components_20250722.png
2025/ncas-lidar-wind-profiler-1_sterzing_galion_wind_components_20250723.png
2025/ncas-lidar-wind-profiler-1_sterzing_galion_wind_components_20250724.png
2025/ncas-lidar-wind-profiler-1_sterzing_galion_wind_components_20250725.png
2025/ncas-lidar-wind-profiler-1_sterzing_galion_wind_components_20250726.png
2025/ncas-lidar-wind-profiler-1_sterzing_galion_wind_speed_dir_20250604.png
2025/ncas-lidar-wind-profiler-1_sterzing_galion_wind_speed_dir_20250605.png
2025/ncas-lidar-wind-profiler-1_sterzing_galion_wind_speed_dir_20250606.png
2025/ncas-lidar-wind-profiler-1_sterzing_galion_wind_speed_dir_20250608.png
2025/ncas-lidar-wind-profiler-1_sterzing_galion_wind_speed_dir_20250609.png
2025/ncas-lidar-wind-profiler-1_sterzing_galion_wind_speed_dir_20250610.png
2025/ncas-lidar-wind-profiler-1_sterzing_galion_wind_speed_dir_20250611.png
2025/ncas-lidar-wind-profiler-1_sterzing_galion_wind_speed_dir_20250612.png
2025/ncas-lidar-wind-profiler-1_sterzing_galion_wind_speed_dir_20250613.png
2025/ncas-lidar-wind-profiler-1_sterzing_galion_wind_speed_dir_20250614.png
2025/ncas-lidar-wind-profiler-1_sterzing_galion_wind_speed_dir_20250615.png
2025/ncas-lidar-wind-profiler-1_sterzing_galion_wind_speed_dir_20250616.png
2025/ncas-lidar-wind-profiler-1_sterzing_galion_wind_speed_dir_20250617.png
2025/ncas-lidar-wind-profiler-1_sterzing_galion_wind_speed_dir_20250618.png
2025/ncas-lidar-wind-profiler-1_sterzing_galion_wind_speed_dir_20250619.png
2025/ncas-lidar-wind-profiler-1_sterzing_galion_wind_speed_dir_20250620.png
2025/ncas-lidar-wind-profiler-1_sterzing_galion_wind_speed_dir_20250621.png
2025/ncas-lidar-wind-profiler-1_sterzing_galion_wind_speed_dir_20250622.png
2025/ncas-lidar-wind-profiler-1_sterzing_galion_wind_speed_dir_20250623.png
2025/ncas-lidar-wind-profiler-1_sterzing_galion_wind_speed_dir_20250624.png
2025/ncas-lidar-wind-profiler-1_sterzing_galion_wind_speed_dir_20250625.png
2025/ncas-lidar-wind-profiler-1_sterzing_galion_wind_speed_dir_20250626.png
2025/ncas-lidar-wind-profiler-1_sterzing_galion_wind_speed_dir_20250627.png
2025/ncas-lidar-wind-profiler-1_sterzing_galion_wind_speed_dir_20250628.png
2025/ncas-lidar-wind-profiler-1_sterzing_galion_wind_speed_dir_20250629.png
2025/ncas-lidar-wind-profiler-1_sterzing_galion_wind_speed_dir_20250630.png
2025/ncas-lidar-wind-profiler-1_sterzing_galion_wind_speed_dir_20250701.png
2025/ncas-lidar-wind-profiler-1_sterzing_galion_wind_speed_dir_20250702.png
2025/ncas-lidar-wind-profiler-1_sterzing_galion_wind_speed_dir_20250703.png
2025/ncas-lidar-wind-profiler-1_sterzing_galion_wind_speed_dir_20250704.png
2025/ncas-lidar-wind-profiler-1_sterzing_galion_wind_speed_dir_20250705.png
2025/ncas-lidar-wind-profiler-1_sterzing_galion_wind_speed_dir_20250706.png
2025/ncas-lidar-wind-profiler-1_sterzing_galion_wind_speed_dir_20250707.png
2025/ncas-lidar-wind-profiler-1_sterzing_galion_wind_speed_dir_20250708.png
2025/ncas-lidar-wind-profiler-1_sterzing_galion_wind_speed_dir_20250709.png
2025/ncas-lidar-wind-profiler-1_sterzing_galion_wind_speed_dir_20250710.png
2025/ncas-lidar-wind-profiler-1_sterzing_galion_wind_speed_dir_20250711.png
2025/ncas-lidar-wind-profiler-1_sterzing_galion_wind_speed_dir_20250712.png
2025/ncas-lidar-wind-profiler-1_sterzing_galion_wind_speed_dir_20250713.png
2025/ncas-lidar-wind-profiler-1_sterzing_galion_wind_speed_dir_20250714.png
2025/ncas-lidar-wind-profiler-1_sterzing_galion_wind_speed_dir_20250715.png
2025/ncas-lidar-wind-profiler-1_sterzing_galion_wind_speed_dir_20250716.png
2025/ncas-lidar-wind-profiler-1_sterzing_galion_wind_speed_dir_20250717.png
2025/ncas-lidar-wind-profiler-1_sterzing_galion_wind_speed_dir_20250718.png
2025/ncas-lidar-wind-profiler-1_sterzing_galion_wind_speed_dir_20250719.png
2025/ncas-lidar-wind-profiler-1_sterzing_galion_wind_speed_dir_20250720.png
2025/ncas-lidar-wind-profiler-1_sterzing_galion_wind_speed_dir_20250721.png
2025/ncas-lidar-wind-profiler-1_sterzing_galion_wind_speed_dir_20250722.png
2025/ncas-lidar-wind-profiler-1_sterzing_galion_wind_speed_dir_20250723.png
2025/ncas-lidar-wind-profiler-1_sterzing_galion_wind_speed_dir_20250724.png
2025/ncas-lidar-wind-profiler-1_sterzing_galion_wind_speed_dir_20250725.png
2025/ncas-lidar-wind-profiler-1_sterzing_galion_wind_speed_dir_20250726.png

sent 88,480,795 bytes  received 2,820 bytes  7,078,689.20 bytes/sec
total size is 91,136,023  speedup is 1.03
